#
# There is insufficient memory for the Java Runtime Environment to continue.
# Native memory allocation (mmap) failed to map 169869312 bytes for committing reserved memory.
# Possible reasons:
#   The system is out of physical RAM or swap space
#   In 32 bit mode, the process size limit was hit
# Possible solutions:
#   Reduce memory load on the system
#   Increase physical memory or swap space
#   Check if swap backing store is full
#   Use 64 bit Java on a 64 bit OS
#   Decrease Java heap size (-Xmx/-Xms)
#   Decrease number of Java threads
#   Decrease Java thread stack sizes (-Xss)
#   Set larger code cache with -XX:ReservedCodeCacheSize=
# This output file may be truncated or incomplete.
#
#  Out of Memory Error (os_linux.cpp:2627), pid=12536, tid=0x00007f94acdb6700
#
# JRE version: Java(TM) SE Runtime Environment (8.0_101-b13) (build 1.8.0_101-b13)
# Java VM: Java HotSpot(TM) 64-Bit Server VM (25.101-b13 mixed mode linux-amd64 compressed oops)
# Failed to write core dump. Core dumps have been disabled. To enable core dumping, try "ulimit -c unlimited" before starting Java again
#

---------------  T H R E A D  ---------------

Current thread (0x00007f94c0073800):  VMThread [stack: 0x00007f94accb6000,0x00007f94acdb7000] [id=12543]

Stack: [0x00007f94accb6000,0x00007f94acdb7000],  sp=0x00007f94acdb5220,  free space=1020k
Native frames: (J=compiled Java code, j=interpreted, Vv=VM code, C=native code)
V  [libjvm.so+0xac3f0a]  VMError::report_and_die()+0x2ba
V  [libjvm.so+0x4fbf9b]  report_vm_out_of_memory(char const*, int, unsigned long, VMErrorType, char const*)+0x8b
V  [libjvm.so+0x9222d3]  os::Linux::commit_memory_impl(char*, unsigned long, bool)+0x103
V  [libjvm.so+0x922829]  os::pd_commit_memory(char*, unsigned long, unsigned long, bool)+0x29
V  [libjvm.so+0x91cb2a]  os::commit_memory(char*, unsigned long, unsigned long, bool)+0x2a
V  [libjvm.so+0x991053]  PSVirtualSpace::expand_by(unsigned long)+0x53
V  [libjvm.so+0x992458]  PSYoungGen::resize_generation(unsigned long, unsigned long)+0xf8
V  [libjvm.so+0x9915b2]  PSYoungGen::resize(unsigned long, unsigned long)+0x22
V  [libjvm.so+0x98e88b]  PSScavenge::invoke_no_policy()+0xf3b
V  [libjvm.so+0x98f011]  PSScavenge::invoke()+0x41
V  [libjvm.so+0x945fc0]  ParallelScavengeHeap::failed_mem_allocate(unsigned long)+0x70
V  [libjvm.so+0xac5927]  VM_ParallelGCFailedAllocation::doit()+0x97
V  [libjvm.so+0xacd405]  VM_Operation::evaluate()+0x55
V  [libjvm.so+0xacb7da]  VMThread::evaluate_operation(VM_Operation*)+0xba
V  [libjvm.so+0xacbb5e]  VMThread::loop()+0x1ce
V  [libjvm.so+0xacbfd0]  VMThread::run()+0x70
V  [libjvm.so+0x924698]  java_start(Thread*)+0x108

VM_Operation (0x00007f94ac14fb00): ParallelGCFailedAllocation, mode: safepoint, requested by thread 0x00007f94c0113800


---------------  P R O C E S S  ---------------

Java Threads: ( => current thread )
  0x00007f94c012f000 JavaThread "pool-2-thread-4" [_thread_blocked, id=12555, stack(0x00007f9487bfc000,0x00007f9487cfd000)]
  0x00007f94c0125800 JavaThread "pool-2-thread-3" [_thread_blocked, id=12554, stack(0x00007f9487cfd000,0x00007f9487dfe000)]
  0x00007f94c011f800 JavaThread "pool-2-thread-2" [_thread_blocked, id=12553, stack(0x00007f9487dfe000,0x00007f9487eff000)]
  0x00007f94c0116800 JavaThread "pool-3-thread-1" [_thread_blocked, id=12552, stack(0x00007f9487eff000,0x00007f9488000000)]
  0x00007f94c0113800 JavaThread "pool-2-thread-1" [_thread_blocked, id=12551, stack(0x00007f94ac051000,0x00007f94ac152000)]
  0x00007f94c00ba000 JavaThread "Service Thread" daemon [_thread_blocked, id=12549, stack(0x00007f94ac261000,0x00007f94ac362000)]
  0x00007f94c00b7800 JavaThread "C1 CompilerThread1" daemon [_thread_blocked, id=12548, stack(0x00007f94ac362000,0x00007f94ac463000)]
  0x00007f94c00b4800 JavaThread "C2 CompilerThread0" daemon [_thread_blocked, id=12547, stack(0x00007f94ac463000,0x00007f94ac564000)]
  0x00007f94c00b3000 JavaThread "Signal Dispatcher" daemon [_thread_blocked, id=12546, stack(0x00007f94ac564000,0x00007f94ac665000)]
  0x00007f94c0080000 JavaThread "Finalizer" daemon [_thread_blocked, id=12545, stack(0x00007f94acab4000,0x00007f94acbb5000)]
  0x00007f94c007b800 JavaThread "Reference Handler" daemon [_thread_blocked, id=12544, stack(0x00007f94acbb5000,0x00007f94accb6000)]
  0x00007f94c000a000 JavaThread "main" [_thread_blocked, id=12538, stack(0x00007f94c6b23000,0x00007f94c6c24000)]

Other Threads:
=>0x00007f94c0073800 VMThread [stack: 0x00007f94accb6000,0x00007f94acdb7000] [id=12543]
  0x00007f94c00bd000 WatcherThread [stack: 0x00007f94ac160000,0x00007f94ac261000] [id=12550]

VM state:at safepoint (normal execution)

VM Mutex/Monitor currently owned by a thread:  ([mutex/lock_event])
[0x00007f94c0006490] Threads_lock - owner thread: 0x00007f94c0073800
[0x00007f94c0006990] Heap_lock - owner thread: 0x00007f94c0113800

Heap:
 PSYoungGen      total 132096K, used 5106K [0x00000000eab00000, 0x00000000f3100000, 0x0000000100000000)
  eden space 126976K, 0% used [0x00000000eab00000,0x00000000eab00000,0x00000000f2700000)
  from space 5120K, 99% used [0x00000000f2700000,0x00000000f2bfc9a8,0x00000000f2c00000)
  to   space 5120K, 0% used [0x00000000f2c00000,0x00000000f2c00000,0x00000000f3100000)
 ParOldGen       total 84992K, used 46780K [0x00000000c0000000, 0x00000000c5300000, 0x00000000eab00000)
  object space 84992K, 55% used [0x00000000c0000000,0x00000000c2daf170,0x00000000c5300000)
 Metaspace       used 5797K, capacity 6960K, committed 7040K, reserved 1056768K
  class space    used 568K, capacity 616K, committed 640K, reserved 1048576K

Card table byte_map: [0x00007f94b0612000,0x00007f94b0813000] byte_map_base: 0x00007f94b0012000

Marking Bits: (ParMarkBitMap*) 0x00007f94c5ffc120
 Begin Bits: [0x00007f94ae2ba000, 0x00007f94af2ba000)
 End Bits:   [0x00007f94af2ba000, 0x00007f94b02ba000)

Polling page: 0x00007f94c6c4b000

CodeCache: size=245760Kb used=6149Kb max_used=6149Kb free=239610Kb
 bounds [0x00007f94b0bd3000, 0x00007f94b11e3000, 0x00007f94bfbd3000]
 total_blobs=1767 nmethods=1506 adapters=175
 compilation: enabled

Compilation events (10 events):
Event: 7,853 Thread 0x00007f94c00b7800 nmethod 1683 0x00007f94b11b78d0 code [0x00007f94b11b7a40, 0x00007f94b11b7bc8]
Event: 7,853 Thread 0x00007f94c00b7800 1690       2       com.android.dx.rop.code.Rops::opNewArray (124 bytes)
Event: 7,877 Thread 0x00007f94c00b7800 nmethod 1690 0x00007f94b11b6cd0 code [0x00007f94b11b6ec0, 0x00007f94b11b74e8]
Event: 7,877 Thread 0x00007f94c00b7800 1693       2       com.android.dx.cf.attrib.AttLineNumberTable::byteLength (13 bytes)
Event: 7,877 Thread 0x00007f94c00b7800 nmethod 1693 0x00007f94b11b6910 code [0x00007f94b11b6a80, 0x00007f94b11b6bf0]
Event: 7,878 Thread 0x00007f94c00b7800 1684       2       java.util.Vector::grow (57 bytes)
Event: 7,878 Thread 0x00007f94c00b7800 nmethod 1684 0x00007f94b11d7410 code [0x00007f94b11d75a0, 0x00007f94b11d7838]
Event: 7,878 Thread 0x00007f94c00b7800 1682       2       java.io.FilterInputStream::<init> (10 bytes)
Event: 7,878 Thread 0x00007f94c00b7800 nmethod 1682 0x00007f94b11d79d0 code [0x00007f94b11d7b20, 0x00007f94b11d7cb0]
Event: 7,878 Thread 0x00007f94c00b7800 1691       2       com.android.dx.cf.direct.StdAttributeFactory::code (613 bytes)

GC Heap History (9 events):
Event: 2,360 GC heap before
{Heap before GC invocations=1 (full 0):
 PSYoungGen      total 36864K, used 31744K [0x00000000eab00000, 0x00000000ed400000, 0x0000000100000000)
  eden space 31744K, 100% used [0x00000000eab00000,0x00000000eca00000,0x00000000eca00000)
  from space 5120K, 0% used [0x00000000ecf00000,0x00000000ecf00000,0x00000000ed400000)
  to   space 5120K, 0% used [0x00000000eca00000,0x00000000eca00000,0x00000000ecf00000)
 ParOldGen       total 84992K, used 0K [0x00000000c0000000, 0x00000000c5300000, 0x00000000eab00000)
  object space 84992K, 0% used [0x00000000c0000000,0x00000000c0000000,0x00000000c5300000)
 Metaspace       used 5502K, capacity 6704K, committed 6784K, reserved 1056768K
  class space    used 565K, capacity 616K, committed 640K, reserved 1048576K
Event: 2,445 GC heap after
Heap after GC invocations=1 (full 0):
 PSYoungGen      total 36864K, used 5101K [0x00000000eab00000, 0x00000000ef300000, 0x0000000100000000)
  eden space 31744K, 0% used [0x00000000eab00000,0x00000000eab00000,0x00000000eca00000)
  from space 5120K, 99% used [0x00000000eca00000,0x00000000ecefb7c0,0x00000000ecf00000)
  to   space 5120K, 0% used [0x00000000eee00000,0x00000000eee00000,0x00000000ef300000)
 ParOldGen       total 84992K, used 2905K [0x00000000c0000000, 0x00000000c5300000, 0x00000000eab00000)
  object space 84992K, 3% used [0x00000000c0000000,0x00000000c02d64c8,0x00000000c5300000)
 Metaspace       used 5502K, capacity 6704K, committed 6784K, reserved 1056768K
  class space    used 565K, capacity 616K, committed 640K, reserved 1048576K
}
Event: 3,237 GC heap before
{Heap before GC invocations=2 (full 0):
 PSYoungGen      total 36864K, used 36845K [0x00000000eab00000, 0x00000000ef300000, 0x0000000100000000)
  eden space 31744K, 100% used [0x00000000eab00000,0x00000000eca00000,0x00000000eca00000)
  from space 5120K, 99% used [0x00000000eca00000,0x00000000ecefb7c0,0x00000000ecf00000)
  to   space 5120K, 0% used [0x00000000eee00000,0x00000000eee00000,0x00000000ef300000)
 ParOldGen       total 84992K, used 2905K [0x00000000c0000000, 0x00000000c5300000, 0x00000000eab00000)
  object space 84992K, 3% used [0x00000000c0000000,0x00000000c02d64c8,0x00000000c5300000)
 Metaspace       used 5567K, capacity 6768K, committed 7040K, reserved 1056768K
  class space    used 566K, capacity 616K, committed 640K, reserved 1048576K
Event: 3,383 GC heap after
Heap after GC invocations=2 (full 0):
 PSYoungGen      total 68608K, used 5091K [0x00000000eab00000, 0x00000000ef300000, 0x0000000100000000)
  eden space 63488K, 0% used [0x00000000eab00000,0x00000000eab00000,0x00000000ee900000)
  from space 5120K, 99% used [0x00000000eee00000,0x00000000ef2f8c68,0x00000000ef300000)
  to   space 5120K, 0% used [0x00000000ee900000,0x00000000ee900000,0x00000000eee00000)
 ParOldGen       total 84992K, used 9754K [0x00000000c0000000, 0x00000000c5300000, 0x00000000eab00000)
  object space 84992K, 11% used [0x00000000c0000000,0x00000000c0986bb0,0x00000000c5300000)
 Metaspace       used 5567K, capacity 6768K, committed 7040K, reserved 1056768K
  class space    used 566K, capacity 616K, committed 640K, reserved 1048576K
}
Event: 4,558 GC heap before
{Heap before GC invocations=3 (full 0):
 PSYoungGen      total 68608K, used 68579K [0x00000000eab00000, 0x00000000ef300000, 0x0000000100000000)
  eden space 63488K, 100% used [0x00000000eab00000,0x00000000ee900000,0x00000000ee900000)
  from space 5120K, 99% used [0x00000000eee00000,0x00000000ef2f8c68,0x00000000ef300000)
  to   space 5120K, 0% used [0x00000000ee900000,0x00000000ee900000,0x00000000eee00000)
 ParOldGen       total 84992K, used 9754K [0x00000000c0000000, 0x00000000c5300000, 0x00000000eab00000)
  object space 84992K, 11% used [0x00000000c0000000,0x00000000c0986bb0,0x00000000c5300000)
 Metaspace       used 5667K, capacity 6832K, committed 7040K, reserved 1056768K
  class space    used 567K, capacity 616K, committed 640K, reserved 1048576K
Event: 4,718 GC heap after
Heap after GC invocations=3 (full 0):
 PSYoungGen      total 68608K, used 5107K [0x00000000eab00000, 0x00000000f3100000, 0x0000000100000000)
  eden space 63488K, 0% used [0x00000000eab00000,0x00000000eab00000,0x00000000ee900000)
  from space 5120K, 99% used [0x00000000ee900000,0x00000000eedfcc78,0x00000000eee00000)
  to   space 5120K, 0% used [0x00000000f2c00000,0x00000000f2c00000,0x00000000f3100000)
 ParOldGen       total 84992K, used 18411K [0x00000000c0000000, 0x00000000c5300000, 0x00000000eab00000)
  object space 84992K, 21% used [0x00000000c0000000,0x00000000c11faf68,0x00000000c5300000)
 Metaspace       used 5667K, capacity 6832K, committed 7040K, reserved 1056768K
  class space    used 567K, capacity 616K, committed 640K, reserved 1048576K
}
Event: 5,564 GC heap before
{Heap before GC invocations=4 (full 0):
 PSYoungGen      total 68608K, used 68595K [0x00000000eab00000, 0x00000000f3100000, 0x0000000100000000)
  eden space 63488K, 100% used [0x00000000eab00000,0x00000000ee900000,0x00000000ee900000)
  from space 5120K, 99% used [0x00000000ee900000,0x00000000eedfcc78,0x00000000eee00000)
  to   space 5120K, 0% used [0x00000000f2c00000,0x00000000f2c00000,0x00000000f3100000)
 ParOldGen       total 84992K, used 18411K [0x00000000c0000000, 0x00000000c5300000, 0x00000000eab00000)
  object space 84992K, 21% used [0x00000000c0000000,0x00000000c11faf68,0x00000000c5300000)
 Metaspace       used 5745K, capacity 6896K, committed 7040K, reserved 1056768K
  class space    used 567K, capacity 616K, committed 640K, reserved 1048576K
Event: 5,723 GC heap after
Heap after GC invocations=4 (full 0):
 PSYoungGen      total 132096K, used 5091K [0x00000000eab00000, 0x00000000f3100000, 0x0000000100000000)
  eden space 126976K, 0% used [0x00000000eab00000,0x00000000eab00000,0x00000000f2700000)
  from space 5120K, 99% used [0x00000000f2c00000,0x00000000f30f8c68,0x00000000f3100000)
  to   space 5120K, 0% used [0x00000000f2700000,0x00000000f2700000,0x00000000f2c00000)
 ParOldGen       total 84992K, used 27899K [0x00000000c0000000, 0x00000000c5300000, 0x00000000eab00000)
  object space 84992K, 32% used [0x00000000c0000000,0x00000000c1b3ef68,0x00000000c5300000)
 Metaspace       used 5745K, capacity 6896K, committed 7040K, reserved 1056768K
  class space    used 567K, capacity 616K, committed 640K, reserved 1048576K
}
Event: 7,911 GC heap before
{Heap before GC invocations=5 (full 0):
 PSYoungGen      total 132096K, used 132067K [0x00000000eab00000, 0x00000000f3100000, 0x0000000100000000)
  eden space 126976K, 100% used [0x00000000eab00000,0x00000000f2700000,0x00000000f2700000)
  from space 5120K, 99% used [0x00000000f2c00000,0x00000000f30f8c68,0x00000000f3100000)
  to   space 5120K, 0% used [0x00000000f2700000,0x00000000f2700000,0x00000000f2c00000)
 ParOldGen       total 84992K, used 27899K [0x00000000c0000000, 0x00000000c5300000, 0x00000000eab00000)
  object space 84992K, 32% used [0x00000000c0000000,0x00000000c1b3ef68,0x00000000c5300000)
 Metaspace       used 5797K, capacity 6960K, committed 7040K, reserved 1056768K
  class space    used 568K, capacity 616K, committed 640K, reserved 1048576K

Deoptimization events (10 events):
Event: 4,358 Thread 0x00007f94c012f000 Uncommon trap: reason=unstable_if action=reinterpret pc=0x00007f94b0ddd55c method=com.android.dx.rop.cst.Constant.compareTo(Lcom/android/dx/rop/cst/Constant;)I @ 12
Event: 4,358 Thread 0x00007f94c012f000 Uncommon trap: reason=bimorphic action=maybe_recompile pc=0x00007f94b0e17650 method=java.util.HashMap.getNode(ILjava/lang/Object;)Ljava/util/HashMap$Node; @ 126
Event: 4,358 Thread 0x00007f94c012f000 Uncommon trap: reason=bimorphic action=maybe_recompile pc=0x00007f94b0e17650 method=java.util.HashMap.getNode(ILjava/lang/Object;)Ljava/util/HashMap$Node; @ 126
Event: 5,377 Thread 0x00007f94c011f800 Uncommon trap: reason=unstable_if action=reinterpret pc=0x00007f94b109e388 method=com.android.dx.ssa.SsaBasicBlock.isReachable()Z @ 20
Event: 5,389 Thread 0x00007f94c012f000 Uncommon trap: reason=unstable_if action=reinterpret pc=0x00007f94b107a99c method=com.android.dx.ssa.SsaBasicBlock.isReachable()Z @ 20
Event: 5,394 Thread 0x00007f94c012f000 Uncommon trap: reason=class_check action=maybe_recompile pc=0x00007f94b0f1f7b0 method=com.android.dx.rop.type.Type.equals(Ljava/lang/Object;)Z @ 8
Event: 5,394 Thread 0x00007f94c012f000 Uncommon trap: reason=class_check action=maybe_recompile pc=0x00007f94b0f1f7b0 method=com.android.dx.rop.type.Type.equals(Ljava/lang/Object;)Z @ 8
Event: 5,395 Thread 0x00007f94c012f000 Uncommon trap: reason=class_check action=maybe_recompile pc=0x00007f94b0f1f7b0 method=com.android.dx.rop.type.Type.equals(Ljava/lang/Object;)Z @ 8
Event: 5,395 Thread 0x00007f94c012f000 Uncommon trap: reason=class_check action=maybe_recompile pc=0x00007f94b0f1f7b0 method=com.android.dx.rop.type.Type.equals(Ljava/lang/Object;)Z @ 8
Event: 6,072 Thread 0x00007f94c000a000 Uncommon trap: reason=unstable_if action=reinterpret pc=0x00007f94b109f214 method=com.android.dx.util.IntList.binarysearch(I)I @ 26

Internal exceptions (2 events):
Event: 0,028 Thread 0x00007f94c000a000 Exception <a 'java/lang/NoSuchMethodError': Method sun.misc.Unsafe.defineClass(Ljava/lang/String;[BII)Ljava/lang/Class; name or signature does not match> (0x00000000eab07cc0) thrown at [/HUDSON3/workspace/8-2-build-linux-amd64/jdk8u101/7261/hotspot/src/sh
Event: 0,028 Thread 0x00007f94c000a000 Exception <a 'java/lang/NoSuchMethodError': Method sun.misc.Unsafe.prefetchRead(Ljava/lang/Object;J)V name or signature does not match> (0x00000000eab07fa8) thrown at [/HUDSON3/workspace/8-2-build-linux-amd64/jdk8u101/7261/hotspot/src/share/vm/prims/jni.c

Events (10 events):
Event: 7,756 Thread 0x00007f94c012f000 DEOPT UNPACKING pc=0x00007f94b0c1a233 sp=0x00007f9487cfa9a8 mode 0
Event: 7,807 Thread 0x00007f94c000a000 DEOPT PACKING pc=0x00007f94b106d0ac sp=0x00007f94c6c21450
Event: 7,807 Thread 0x00007f94c000a000 DEOPT UNPACKING pc=0x00007f94b0c1a233 sp=0x00007f94c6c211b8 mode 0
Event: 7,836 Thread 0x00007f94c0113800 DEOPT PACKING pc=0x00007f94b0f3dc6d sp=0x00007f94ac14fdc0
Event: 7,836 Thread 0x00007f94c0113800 DEOPT UNPACKING pc=0x00007f94b0c1a233 sp=0x00007f94ac14fbc0 mode 0
Event: 7,854 Thread 0x00007f94c012f000 DEOPT PACKING pc=0x00007f94b1059af0 sp=0x00007f9487cfaf20
Event: 7,854 Thread 0x00007f94c012f000 DEOPT UNPACKING pc=0x00007f94b0c1a233 sp=0x00007f9487cfacc8 mode 0
Event: 7,863 Thread 0x00007f94c0125800 DEOPT PACKING pc=0x00007f94b10c20cb sp=0x00007f9487dfbd70
Event: 7,863 Thread 0x00007f94c0125800 DEOPT UNPACKING pc=0x00007f94b0c1a233 sp=0x00007f9487dfbb58 mode 0
Event: 7,901 Executing VM operation: ParallelGCFailedAllocation


Dynamic libraries:
00400000-00401000 r-xp 00000000 08:01 6690857                            /usr/lib/jvm/java-8-oracle/bin/java
00600000-00601000 rw-p 00000000 08:01 6690857                            /usr/lib/jvm/java-8-oracle/bin/java
0195c000-0197d000 rw-p 00000000 00:00 0                                  [heap]
c0000000-c5300000 rw-p 00000000 00:00 0 
c5300000-eab00000 ---p 00000000 00:00 0 
eab00000-f3100000 rw-p 00000000 00:00 0 
fd300000-100000000 ---p 00000000 00:00 0 
100000000-1000a0000 rw-p 00000000 00:00 0 
1000a0000-140000000 ---p 00000000 00:00 0 
7f946c000000-7f946c041000 rw-p 00000000 00:00 0 
7f946c041000-7f9470000000 ---p 00000000 00:00 0 
7f9474000000-7f9474021000 rw-p 00000000 00:00 0 
7f9474021000-7f9478000000 ---p 00000000 00:00 0 
7f9478000000-7f947804b000 rw-p 00000000 00:00 0 
7f947804b000-7f947c000000 ---p 00000000 00:00 0 
7f947c000000-7f947c045000 rw-p 00000000 00:00 0 
7f947c045000-7f9480000000 ---p 00000000 00:00 0 
7f9480000000-7f9480021000 rw-p 00000000 00:00 0 
7f9480021000-7f9484000000 ---p 00000000 00:00 0 
7f9487bfc000-7f9487bff000 ---p 00000000 00:00 0 
7f9487bff000-7f9487cfd000 rw-p 00000000 00:00 0 
7f9487cfd000-7f9487d00000 ---p 00000000 00:00 0 
7f9487d00000-7f9487dfe000 rw-p 00000000 00:00 0 
7f9487dfe000-7f9487e01000 ---p 00000000 00:00 0 
7f9487e01000-7f9487eff000 rw-p 00000000 00:00 0 
7f9487eff000-7f9487f02000 ---p 00000000 00:00 0 
7f9487f02000-7f9488000000 rw-p 00000000 00:00 0 
7f9488000000-7f948856a000 rw-p 00000000 00:00 0 
7f948856a000-7f948c000000 ---p 00000000 00:00 0 
7f948c000000-7f948c021000 rw-p 00000000 00:00 0 
7f948c021000-7f9490000000 ---p 00000000 00:00 0 
7f9490000000-7f9490021000 rw-p 00000000 00:00 0 
7f9490021000-7f9494000000 ---p 00000000 00:00 0 
7f9494000000-7f9494c24000 rw-p 00000000 00:00 0 
7f9494c24000-7f9498000000 ---p 00000000 00:00 0 
7f9498000000-7f9498021000 rw-p 00000000 00:00 0 
7f9498021000-7f949c000000 ---p 00000000 00:00 0 
7f949c000000-7f949c021000 rw-p 00000000 00:00 0 
7f949c021000-7f94a0000000 ---p 00000000 00:00 0 
7f94a0000000-7f94a0021000 rw-p 00000000 00:00 0 
7f94a0021000-7f94a4000000 ---p 00000000 00:00 0 
7f94a4000000-7f94a4291000 rw-p 00000000 00:00 0 
7f94a4291000-7f94a8000000 ---p 00000000 00:00 0 
7f94a8000000-7f94a8021000 rw-p 00000000 00:00 0 
7f94a8021000-7f94ac000000 ---p 00000000 00:00 0 
7f94ac021000-7f94ac051000 r--p 00000000 08:01 6690192                    /usr/share/locale-langpack/uk/LC_MESSAGES/libc.mo
7f94ac051000-7f94ac054000 ---p 00000000 00:00 0 
7f94ac054000-7f94ac152000 rw-p 00000000 00:00 0 
7f94ac152000-7f94ac160000 r--s 000e0000 08:01 1972088                    /home/nicolay/Android/Sdk/build-tools/24.0.2/lib/dx.jar
7f94ac160000-7f94ac161000 ---p 00000000 00:00 0 
7f94ac161000-7f94ac261000 rw-p 00000000 00:00 0 
7f94ac261000-7f94ac264000 ---p 00000000 00:00 0 
7f94ac264000-7f94ac362000 rw-p 00000000 00:00 0 
7f94ac362000-7f94ac365000 ---p 00000000 00:00 0 
7f94ac365000-7f94ac463000 rw-p 00000000 00:00 0 
7f94ac463000-7f94ac466000 ---p 00000000 00:00 0 
7f94ac466000-7f94ac564000 rw-p 00000000 00:00 0 
7f94ac564000-7f94ac567000 ---p 00000000 00:00 0 
7f94ac567000-7f94ac665000 rw-p 00000000 00:00 0 
7f94ac665000-7f94acab4000 r--p 00000000 08:01 5905658                    /usr/lib/locale/locale-archive
7f94acab4000-7f94acab7000 ---p 00000000 00:00 0 
7f94acab7000-7f94acbb5000 rw-p 00000000 00:00 0 
7f94acbb5000-7f94acbb8000 ---p 00000000 00:00 0 
7f94acbb8000-7f94accb6000 rw-p 00000000 00:00 0 
7f94accb6000-7f94accb7000 ---p 00000000 00:00 0 
7f94accb7000-7f94ad6e1000 rw-p 00000000 00:00 0 
7f94ad6e1000-7f94ad8ba000 r--s 03d29000 08:01 6820531                    /usr/lib/jvm/java-8-oracle/jre/lib/rt.jar
7f94ad8ba000-7f94adefa000 rw-p 00000000 00:00 0 
7f94adefa000-7f94ae0ba000 ---p 00000000 00:00 0 
7f94ae0ba000-7f94b02ba000 rw-p 00000000 00:00 0 
7f94b02ba000-7f94b02bb000 ---p 00000000 00:00 0 
7f94b02bb000-7f94b03bb000 rw-p 00000000 00:00 0 
7f94b03bb000-7f94b03bc000 ---p 00000000 00:00 0 
7f94b03bc000-7f94b04e6000 rw-p 00000000 00:00 0 
7f94b04e6000-7f94b0612000 ---p 00000000 00:00 0 
7f94b0612000-7f94b063c000 rw-p 00000000 00:00 0 
7f94b063c000-7f94b0767000 ---p 00000000 00:00 0 
7f94b0767000-7f94b07ab000 rw-p 00000000 00:00 0 
7f94b07ab000-7f94b0812000 ---p 00000000 00:00 0 
7f94b0812000-7f94b082c000 rw-p 00000000 00:00 0 
7f94b082c000-7f94b0bd3000 ---p 00000000 00:00 0 
7f94b0bd3000-7f94b11e3000 rwxp 00000000 00:00 0 
7f94b11e3000-7f94bfbd3000 ---p 00000000 00:00 0 
7f94bfbd3000-7f94bfbed000 r-xp 00000000 08:01 6952498                    /usr/lib/jvm/java-8-oracle/jre/lib/amd64/libzip.so
7f94bfbed000-7f94bfded000 ---p 0001a000 08:01 6952498                    /usr/lib/jvm/java-8-oracle/jre/lib/amd64/libzip.so
7f94bfded000-7f94bfdee000 rw-p 0001a000 08:01 6952498                    /usr/lib/jvm/java-8-oracle/jre/lib/amd64/libzip.so
7f94bfdee000-7f94bfdf9000 r-xp 00000000 08:01 5510120                    /lib/x86_64-linux-gnu/libnss_files-2.23.so
7f94bfdf9000-7f94bfff8000 ---p 0000b000 08:01 5510120                    /lib/x86_64-linux-gnu/libnss_files-2.23.so
7f94bfff8000-7f94bfff9000 r--p 0000a000 08:01 5510120                    /lib/x86_64-linux-gnu/libnss_files-2.23.so
7f94bfff9000-7f94bfffa000 rw-p 0000b000 08:01 5510120                    /lib/x86_64-linux-gnu/libnss_files-2.23.so
7f94bfffa000-7f94c0000000 rw-p 00000000 00:00 0 
7f94c0000000-7f94c038c000 rw-p 00000000 00:00 0 
7f94c038c000-7f94c4000000 ---p 00000000 00:00 0 
7f94c4002000-7f94c4009000 r--s 00000000 08:01 6295117                    /usr/lib/x86_64-linux-gnu/gconv/gconv-modules.cache
7f94c4009000-7f94c40c1000 rw-p 00000000 00:00 0 
7f94c40c1000-7f94c40cc000 r-xp 00000000 08:01 5510130                    /lib/x86_64-linux-gnu/libnss_nis-2.23.so
7f94c40cc000-7f94c42cb000 ---p 0000b000 08:01 5510130                    /lib/x86_64-linux-gnu/libnss_nis-2.23.so
7f94c42cb000-7f94c42cc000 r--p 0000a000 08:01 5510130                    /lib/x86_64-linux-gnu/libnss_nis-2.23.so
7f94c42cc000-7f94c42cd000 rw-p 0000b000 08:01 5510130                    /lib/x86_64-linux-gnu/libnss_nis-2.23.so
7f94c42cd000-7f94c42e3000 r-xp 00000000 08:01 5510114                    /lib/x86_64-linux-gnu/libnsl-2.23.so
7f94c42e3000-7f94c44e2000 ---p 00016000 08:01 5510114                    /lib/x86_64-linux-gnu/libnsl-2.23.so
7f94c44e2000-7f94c44e3000 r--p 00015000 08:01 5510114                    /lib/x86_64-linux-gnu/libnsl-2.23.so
7f94c44e3000-7f94c44e4000 rw-p 00016000 08:01 5510114                    /lib/x86_64-linux-gnu/libnsl-2.23.so
7f94c44e4000-7f94c44e6000 rw-p 00000000 00:00 0 
7f94c44e6000-7f94c44ee000 r-xp 00000000 08:01 5510116                    /lib/x86_64-linux-gnu/libnss_compat-2.23.so
7f94c44ee000-7f94c46ed000 ---p 00008000 08:01 5510116                    /lib/x86_64-linux-gnu/libnss_compat-2.23.so
7f94c46ed000-7f94c46ee000 r--p 00007000 08:01 5510116                    /lib/x86_64-linux-gnu/libnss_compat-2.23.so
7f94c46ee000-7f94c46ef000 rw-p 00008000 08:01 5510116                    /lib/x86_64-linux-gnu/libnss_compat-2.23.so
7f94c46ef000-7f94c4719000 r-xp 00000000 08:01 6952573                    /usr/lib/jvm/java-8-oracle/jre/lib/amd64/libjava.so
7f94c4719000-7f94c4919000 ---p 0002a000 08:01 6952573                    /usr/lib/jvm/java-8-oracle/jre/lib/amd64/libjava.so
7f94c4919000-7f94c491b000 rw-p 0002a000 08:01 6952573                    /usr/lib/jvm/java-8-oracle/jre/lib/amd64/libjava.so
7f94c491b000-7f94c4928000 r-xp 00000000 08:01 6952467                    /usr/lib/jvm/java-8-oracle/jre/lib/amd64/libverify.so
7f94c4928000-7f94c4b28000 ---p 0000d000 08:01 6952467                    /usr/lib/jvm/java-8-oracle/jre/lib/amd64/libverify.so
7f94c4b28000-7f94c4b2a000 rw-p 0000d000 08:01 6952467                    /usr/lib/jvm/java-8-oracle/jre/lib/amd64/libverify.so
7f94c4b2a000-7f94c4b31000 r-xp 00000000 08:01 5510175                    /lib/x86_64-linux-gnu/librt-2.23.so
7f94c4b31000-7f94c4d30000 ---p 00007000 08:01 5510175                    /lib/x86_64-linux-gnu/librt-2.23.so
7f94c4d30000-7f94c4d31000 r--p 00006000 08:01 5510175                    /lib/x86_64-linux-gnu/librt-2.23.so
7f94c4d31000-7f94c4d32000 rw-p 00007000 08:01 5510175                    /lib/x86_64-linux-gnu/librt-2.23.so
7f94c4d32000-7f94c4e3a000 r-xp 00000000 08:01 5510091                    /lib/x86_64-linux-gnu/libm-2.23.so
7f94c4e3a000-7f94c5039000 ---p 00108000 08:01 5510091                    /lib/x86_64-linux-gnu/libm-2.23.so
7f94c5039000-7f94c503a000 r--p 00107000 08:01 5510091                    /lib/x86_64-linux-gnu/libm-2.23.so
7f94c503a000-7f94c503b000 rw-p 00108000 08:01 5510091                    /lib/x86_64-linux-gnu/libm-2.23.so
7f94c503b000-7f94c5d06000 r-xp 00000000 08:01 6952577                    /usr/lib/jvm/java-8-oracle/jre/lib/amd64/server/libjvm.so
7f94c5d06000-7f94c5f05000 ---p 00ccb000 08:01 6952577                    /usr/lib/jvm/java-8-oracle/jre/lib/amd64/server/libjvm.so
7f94c5f05000-7f94c5fde000 rw-p 00cca000 08:01 6952577                    /usr/lib/jvm/java-8-oracle/jre/lib/amd64/server/libjvm.so
7f94c5fde000-7f94c6029000 rw-p 00000000 00:00 0 
7f94c6029000-7f94c61e9000 r-xp 00000000 08:01 5510021                    /lib/x86_64-linux-gnu/libc-2.23.so
7f94c61e9000-7f94c63e8000 ---p 001c0000 08:01 5510021                    /lib/x86_64-linux-gnu/libc-2.23.so
7f94c63e8000-7f94c63ec000 r--p 001bf000 08:01 5510021                    /lib/x86_64-linux-gnu/libc-2.23.so
7f94c63ec000-7f94c63ee000 rw-p 001c3000 08:01 5510021                    /lib/x86_64-linux-gnu/libc-2.23.so
7f94c63ee000-7f94c63f2000 rw-p 00000000 00:00 0 
7f94c63f2000-7f94c63f5000 r-xp 00000000 08:01 5510045                    /lib/x86_64-linux-gnu/libdl-2.23.so
7f94c63f5000-7f94c65f4000 ---p 00003000 08:01 5510045                    /lib/x86_64-linux-gnu/libdl-2.23.so
7f94c65f4000-7f94c65f5000 r--p 00002000 08:01 5510045                    /lib/x86_64-linux-gnu/libdl-2.23.so
7f94c65f5000-7f94c65f6000 rw-p 00003000 08:01 5510045                    /lib/x86_64-linux-gnu/libdl-2.23.so
7f94c65f6000-7f94c660b000 r-xp 00000000 08:01 6299453                    /usr/lib/jvm/java-8-oracle/lib/amd64/jli/libjli.so
7f94c660b000-7f94c680b000 ---p 00015000 08:01 6299453                    /usr/lib/jvm/java-8-oracle/lib/amd64/jli/libjli.so
7f94c680b000-7f94c680c000 rw-p 00015000 08:01 6299453                    /usr/lib/jvm/java-8-oracle/lib/amd64/jli/libjli.so
7f94c680c000-7f94c6824000 r-xp 00000000 08:01 5510167                    /lib/x86_64-linux-gnu/libpthread-2.23.so
7f94c6824000-7f94c6a23000 ---p 00018000 08:01 5510167                    /lib/x86_64-linux-gnu/libpthread-2.23.so
7f94c6a23000-7f94c6a24000 r--p 00017000 08:01 5510167                    /lib/x86_64-linux-gnu/libpthread-2.23.so
7f94c6a24000-7f94c6a25000 rw-p 00018000 08:01 5510167                    /lib/x86_64-linux-gnu/libpthread-2.23.so
7f94c6a25000-7f94c6a29000 rw-p 00000000 00:00 0 
7f94c6a29000-7f94c6a4f000 r-xp 00000000 08:01 5509993                    /lib/x86_64-linux-gnu/ld-2.23.so
7f94c6a51000-7f94c6b23000 rw-p 00000000 00:00 0 
7f94c6b23000-7f94c6b26000 ---p 00000000 00:00 0 
7f94c6b26000-7f94c6c28000 rw-p 00000000 00:00 0 
7f94c6c2e000-7f94c6c42000 rw-p 00000000 00:00 0 
7f94c6c42000-7f94c6c4a000 rw-s 00000000 08:01 2756335                    /tmp/hsperfdata_nicolay/12536
7f94c6c4a000-7f94c6c4b000 rw-p 00000000 00:00 0 
7f94c6c4b000-7f94c6c4c000 ---p 00000000 00:00 0 
7f94c6c4c000-7f94c6c4e000 rw-p 00000000 00:00 0 
7f94c6c4e000-7f94c6c4f000 r--p 00025000 08:01 5509993                    /lib/x86_64-linux-gnu/ld-2.23.so
7f94c6c4f000-7f94c6c50000 rw-p 00026000 08:01 5509993                    /lib/x86_64-linux-gnu/ld-2.23.so
7f94c6c50000-7f94c6c51000 rw-p 00000000 00:00 0 
7ffd6c5f2000-7ffd6c613000 rw-p 00000000 00:00 0                          [stack]
7ffd6c667000-7ffd6c669000 r--p 00000000 00:00 0                          [vvar]
7ffd6c669000-7ffd6c66b000 r-xp 00000000 00:00 0                          [vdso]
ffffffffff600000-ffffffffff601000 r-xp 00000000 00:00 0                  [vsyscall]

VM Arguments:
jvm_args: -Djava.awt.headless=true -Xmx1024M -Dfile.encoding=UTF-8 -Duser.country=UA -Duser.language=uk -Duser.variant 
java_command: com.android.dx.command.Main --dex --force-jumbo --num-threads=4 --multi-dex --output /home/nicolay/AndroidStudioProjects/BetOn/app/build/intermediates/transforms/dex/debug/folders/1000/5/slice_0 /home/nicolay/AndroidStudioProjects/BetOn/app/build/intermediates/transforms/instantRunSlicer/debug/folders/1/5/slice_0
java_class_path (initial): /home/nicolay/Android/Sdk/build-tools/24.0.2/lib/dx.jar
Launcher Type: SUN_STANDARD

Environment Variables:
PATH=/usr/local/sbin:/usr/local/bin:/usr/sbin:/usr/bin:/sbin:/bin:/usr/games:/usr/local/games
USERNAME=nicolay
LD_LIBRARY_PATH=/home/nicolay/android-studio/bin:
SHELL=/bin/bash
DISPLAY=:0

Signal Handlers:
SIGSEGV: [libjvm.so+0xac4790], sa_mask[0]=11111111011111111101111111111110, sa_flags=SA_RESTART|SA_SIGINFO
SIGBUS: [libjvm.so+0xac4790], sa_mask[0]=11111111011111111101111111111110, sa_flags=SA_RESTART|SA_SIGINFO
SIGFPE: [libjvm.so+0x91f140], sa_mask[0]=11111111011111111101111111111110, sa_flags=SA_RESTART|SA_SIGINFO
SIGPIPE: [libjvm.so+0x91f140], sa_mask[0]=11111111011111111101111111111110, sa_flags=SA_RESTART|SA_SIGINFO
SIGXFSZ: [libjvm.so+0x91f140], sa_mask[0]=11111111011111111101111111111110, sa_flags=SA_RESTART|SA_SIGINFO
SIGILL: [libjvm.so+0x91f140], sa_mask[0]=11111111011111111101111111111110, sa_flags=SA_RESTART|SA_SIGINFO
SIGUSR1: SIG_DFL, sa_mask[0]=00000000000000000000000000000000, sa_flags=none
SIGUSR2: [libjvm.so+0x920770], sa_mask[0]=00100000000000000000000000000000, sa_flags=SA_RESTART|SA_SIGINFO
SIGHUP: [libjvm.so+0x921b70], sa_mask[0]=11111111011111111101111111111110, sa_flags=SA_RESTART|SA_SIGINFO
SIGINT: [libjvm.so+0x921b70], sa_mask[0]=11111111011111111101111111111110, sa_flags=SA_RESTART|SA_SIGINFO
SIGTERM: [libjvm.so+0x921b70], sa_mask[0]=11111111011111111101111111111110, sa_flags=SA_RESTART|SA_SIGINFO
SIGQUIT: [libjvm.so+0x921b70], sa_mask[0]=11111111011111111101111111111110, sa_flags=SA_RESTART|SA_SIGINFO


---------------  S Y S T E M  ---------------

OS:DISTRIB_ID=LinuxMint
DISTRIB_RELEASE=18
DISTRIB_CODENAME=sarah
DISTRIB_DESCRIPTION="Linux Mint 18 Sarah"

uname:Linux 4.4.0-36-generic #55-Ubuntu SMP Thu Aug 11 18:01:55 UTC 2016 x86_64
libc:glibc 2.23 NPTL 2.23 
rlimit: STACK 8192k, CORE 0k, NPROC 31248, NOFILE 65536, AS infinity
load average:3,38 1,39 1,31

/proc/meminfo:
MemTotal:        8040772 kB
MemFree:          155804 kB
MemAvailable:      72988 kB
Buffers:            1936 kB
Cached:          1232308 kB
SwapCached:            0 kB
Active:          6649444 kB
Inactive:        1028272 kB
Active(anon):    6612172 kB
Inactive(anon):  1001956 kB
Active(file):      37272 kB
Inactive(file):    26316 kB
Unevictable:          32 kB
Mlocked:              32 kB
SwapTotal:             0 kB
SwapFree:              0 kB
Dirty:              3220 kB
Writeback:             0 kB
AnonPages:       6443948 kB
Mapped:           532424 kB
Shmem:           1170316 kB
Slab:              82224 kB
SReclaimable:      44748 kB
SUnreclaim:        37476 kB
KernelStack:       10800 kB
PageTables:        43936 kB
NFS_Unstable:          0 kB
Bounce:                0 kB
WritebackTmp:          0 kB
CommitLimit:     4020384 kB
Committed_AS:   11154612 kB
VmallocTotal:   34359738367 kB
VmallocUsed:           0 kB
VmallocChunk:          0 kB
HardwareCorrupted:     0 kB
AnonHugePages:   4687872 kB
CmaTotal:              0 kB
CmaFree:               0 kB
HugePages_Total:       0
HugePages_Free:        0
HugePages_Rsvd:        0
HugePages_Surp:        0
Hugepagesize:       2048 kB
DirectMap4k:      126200 kB
DirectMap2M:     8128512 kB


CPU:total 2 (2 cores per cpu, 1 threads per core) family 6 model 58 stepping 9, cmov, cx8, fxsr, mmx, sse, sse2, sse3, ssse3, sse4.1, sse4.2, popcnt, clmul, erms, tsc, tscinvbit, tscinv

/proc/cpuinfo:
processor	: 0
vendor_id	: GenuineIntel
cpu family	: 6
model		: 58
model name	: Intel(R) Pentium(R) CPU 2020M @ 2.40GHz
stepping	: 9
microcode	: 0x15
cpu MHz		: 2399.906
cache size	: 2048 KB
physical id	: 0
siblings	: 2
core id		: 0
cpu cores	: 2
apicid		: 0
initial apicid	: 0
fpu		: yes
fpu_exception	: yes
cpuid level	: 13
wp		: yes
flags		: fpu vme de pse tsc msr pae mce cx8 apic sep mtrr pge mca cmov pat pse36 clflush dts acpi mmx fxsr sse sse2 ss ht tm pbe syscall nx rdtscp lm constant_tsc arch_perfmon pebs bts rep_good nopl xtopology nonstop_tsc aperfmperf eagerfpu pni pclmulqdq dtes64 monitor ds_cpl vmx est tm2 ssse3 cx16 xtpr pdcm pcid sse4_1 sse4_2 x2apic popcnt tsc_deadline_timer xsave lahf_lm epb tpr_shadow vnmi flexpriority ept vpid fsgsbase smep erms xsaveopt dtherm arat pln pts
bugs		:
bogomips	: 4789.28
clflush size	: 64
cache_alignment	: 64
address sizes	: 36 bits physical, 48 bits virtual
power management:

processor	: 1
vendor_id	: GenuineIntel
cpu family	: 6
model		: 58
model name	: Intel(R) Pentium(R) CPU 2020M @ 2.40GHz
stepping	: 9
microcode	: 0x15
cpu MHz		: 2399.906
cache size	: 2048 KB
physical id	: 0
siblings	: 2
core id		: 1
cpu cores	: 2
apicid		: 2
initial apicid	: 2
fpu		: yes
fpu_exception	: yes
cpuid level	: 13
wp		: yes
flags		: fpu vme de pse tsc msr pae mce cx8 apic sep mtrr pge mca cmov pat pse36 clflush dts acpi mmx fxsr sse sse2 ss ht tm pbe syscall nx rdtscp lm constant_tsc arch_perfmon pebs bts rep_good nopl xtopology nonstop_tsc aperfmperf eagerfpu pni pclmulqdq dtes64 monitor ds_cpl vmx est tm2 ssse3 cx16 xtpr pdcm pcid sse4_1 sse4_2 x2apic popcnt tsc_deadline_timer xsave lahf_lm epb tpr_shadow vnmi flexpriority ept vpid fsgsbase smep erms xsaveopt dtherm arat pln pts
bugs		:
bogomips	: 4789.28
clflush size	: 64
cache_alignment	: 64
address sizes	: 36 bits physical, 48 bits virtual
power management:



Memory: 4k page, physical 8040772k(155804k free), swap 0k(0k free)

vm_info: Java HotSpot(TM) 64-Bit Server VM (25.101-b13) for linux-amd64 JRE (1.8.0_101-b13), built on Jun 22 2016 02:59:44 by "java_re" with gcc 4.3.0 20080428 (Red Hat 4.3.0-8)

time: Sat Sep 24 22:41:20 2016
elapsed time: 8 seconds (0d 0h 0m 8s)

