#
# There is insufficient memory for the Java Runtime Environment to continue.
# Native memory allocation (mmap) failed to map 65011712 bytes for committing reserved memory.
# Possible reasons:
#   The system is out of physical RAM or swap space
#   In 32 bit mode, the process size limit was hit
# Possible solutions:
#   Reduce memory load on the system
#   Increase physical memory or swap space
#   Check if swap backing store is full
#   Use 64 bit Java on a 64 bit OS
#   Decrease Java heap size (-Xmx/-Xms)
#   Decrease number of Java threads
#   Decrease Java thread stack sizes (-Xss)
#   Set larger code cache with -XX:ReservedCodeCacheSize=
# This output file may be truncated or incomplete.
#
#  Out of Memory Error (os_linux.cpp:2627), pid=13525, tid=0x00007fbd93dfd700
#
# JRE version: Java(TM) SE Runtime Environment (8.0_101-b13) (build 1.8.0_101-b13)
# Java VM: Java HotSpot(TM) 64-Bit Server VM (25.101-b13 mixed mode linux-amd64 compressed oops)
# Failed to write core dump. Core dumps have been disabled. To enable core dumping, try "ulimit -c unlimited" before starting Java again
#

---------------  T H R E A D  ---------------

Current thread (0x00007fbda8073800):  VMThread [stack: 0x00007fbd93cfd000,0x00007fbd93dfe000] [id=13532]

Stack: [0x00007fbd93cfd000,0x00007fbd93dfe000],  sp=0x00007fbd93dfbfa0,  free space=1019k
Native frames: (J=compiled Java code, j=interpreted, Vv=VM code, C=native code)
V  [libjvm.so+0xac3f0a]  VMError::report_and_die()+0x2ba
V  [libjvm.so+0x4fbf9b]  report_vm_out_of_memory(char const*, int, unsigned long, VMErrorType, char const*)+0x8b
V  [libjvm.so+0x9222d3]  os::Linux::commit_memory_impl(char*, unsigned long, bool)+0x103
V  [libjvm.so+0x922829]  os::pd_commit_memory(char*, unsigned long, unsigned long, bool)+0x29
V  [libjvm.so+0x91cb2a]  os::commit_memory(char*, unsigned long, unsigned long, bool)+0x2a
V  [libjvm.so+0x991053]  PSVirtualSpace::expand_by(unsigned long)+0x53
V  [libjvm.so+0x992458]  PSYoungGen::resize_generation(unsigned long, unsigned long)+0xf8
V  [libjvm.so+0x9915b2]  PSYoungGen::resize(unsigned long, unsigned long)+0x22
V  [libjvm.so+0x98e88b]  PSScavenge::invoke_no_policy()+0xf3b
V  [libjvm.so+0x98f011]  PSScavenge::invoke()+0x41
V  [libjvm.so+0x945fc0]  ParallelScavengeHeap::failed_mem_allocate(unsigned long)+0x70
V  [libjvm.so+0xac5927]  VM_ParallelGCFailedAllocation::doit()+0x97
V  [libjvm.so+0xacd405]  VM_Operation::evaluate()+0x55
V  [libjvm.so+0xacb7da]  VMThread::evaluate_operation(VM_Operation*)+0xba
V  [libjvm.so+0xacbb5e]  VMThread::loop()+0x1ce
V  [libjvm.so+0xacbfd0]  VMThread::run()+0x70
V  [libjvm.so+0x924698]  java_start(Thread*)+0x108

VM_Operation (0x00007fbd92e93dc0): ParallelGCFailedAllocation, mode: safepoint, requested by thread 0x00007fbda8134800


---------------  P R O C E S S  ---------------

Java Threads: ( => current thread )
  0x00007fbda8136000 JavaThread "pool-2-thread-4" [_thread_blocked, id=13545, stack(0x00007fbd92c94000,0x00007fbd92d95000)]
  0x00007fbda8134800 JavaThread "pool-2-thread-3" [_thread_blocked, id=13544, stack(0x00007fbd92d95000,0x00007fbd92e96000)]
  0x00007fbda8133000 JavaThread "pool-2-thread-2" [_thread_blocked, id=13543, stack(0x00007fbd92e96000,0x00007fbd92f97000)]
  0x00007fbda8131800 JavaThread "pool-3-thread-1" [_thread_blocked, id=13542, stack(0x00007fbd92f97000,0x00007fbd93098000)]
  0x00007fbda812f000 JavaThread "pool-2-thread-1" [_thread_blocked, id=13541, stack(0x00007fbd93098000,0x00007fbd93199000)]
  0x00007fbda80ba000 JavaThread "Service Thread" daemon [_thread_blocked, id=13539, stack(0x00007fbd932a8000,0x00007fbd933a9000)]
  0x00007fbda80b7800 JavaThread "C1 CompilerThread1" daemon [_thread_blocked, id=13538, stack(0x00007fbd933a9000,0x00007fbd934aa000)]
  0x00007fbda80b4800 JavaThread "C2 CompilerThread0" daemon [_thread_blocked, id=13537, stack(0x00007fbd934aa000,0x00007fbd935ab000)]
  0x00007fbda80b3000 JavaThread "Signal Dispatcher" daemon [_thread_blocked, id=13536, stack(0x00007fbd935ab000,0x00007fbd936ac000)]
  0x00007fbda8080000 JavaThread "Finalizer" daemon [_thread_blocked, id=13535, stack(0x00007fbd93afb000,0x00007fbd93bfc000)]
  0x00007fbda807b800 JavaThread "Reference Handler" daemon [_thread_blocked, id=13533, stack(0x00007fbd93bfc000,0x00007fbd93cfd000)]
  0x00007fbda800a000 JavaThread "main" [_thread_blocked, id=13529, stack(0x00007fbdb1b6c000,0x00007fbdb1c6d000)]

Other Threads:
=>0x00007fbda8073800 VMThread [stack: 0x00007fbd93cfd000,0x00007fbd93dfe000] [id=13532]
  0x00007fbda80bd000 WatcherThread [stack: 0x00007fbd931a7000,0x00007fbd932a8000] [id=13540]

VM state:at safepoint (normal execution)

VM Mutex/Monitor currently owned by a thread:  ([mutex/lock_event])
[0x00007fbda8006530] Threads_lock - owner thread: 0x00007fbda8073800
[0x00007fbda8006a30] Heap_lock - owner thread: 0x00007fbda8134800

Heap:
 PSYoungGen      total 68608K, used 5116K [0x00000000eab00000, 0x00000000ef300000, 0x0000000100000000)
  eden space 63488K, 0% used [0x00000000eab00000,0x00000000eab00000,0x00000000ee900000)
  from space 5120K, 99% used [0x00000000ee900000,0x00000000eedff308,0x00000000eee00000)
  to   space 5120K, 0% used [0x00000000eee00000,0x00000000eee00000,0x00000000ef300000)
 ParOldGen       total 84992K, used 14021K [0x00000000c0000000, 0x00000000c5300000, 0x00000000eab00000)
  object space 84992K, 16% used [0x00000000c0000000,0x00000000c0db1640,0x00000000c5300000)
 Metaspace       used 5691K, capacity 6768K, committed 7040K, reserved 1056768K
  class space    used 580K, capacity 616K, committed 640K, reserved 1048576K

Card table byte_map: [0x00007fbdae71c000,0x00007fbdae91d000] byte_map_base: 0x00007fbdae11c000

Marking Bits: (ParMarkBitMap*) 0x00007fbdb1045120
 Begin Bits: [0x00007fbdac3c4000, 0x00007fbdad3c4000)
 End Bits:   [0x00007fbdad3c4000, 0x00007fbdae3c4000)

Polling page: 0x00007fbdb1c94000

CodeCache: size=245760Kb used=3419Kb max_used=3419Kb free=242340Kb
 bounds [0x00007fbd99000000, 0x00007fbd99360000, 0x00007fbda8000000]
 total_blobs=1197 nmethods=935 adapters=176
 compilation: enabled

Compilation events (10 events):
Event: 2,305 Thread 0x00007fbda80b7800 nmethod 1051 0x00007fbd993435d0 code [0x00007fbd99343ac0, 0x00007fbd99347258]
Event: 2,305 Thread 0x00007fbda80b7800 1064       3       com.android.dx.rop.code.RegisterSpecSet::localItemToSpec (49 bytes)
Event: 2,313 Thread 0x00007fbda80b7800 nmethod 1064 0x00007fbd99349e90 code [0x00007fbd9934a040, 0x00007fbd9934a608]
Event: 2,314 Thread 0x00007fbda80b7800 1069 %     3       com.android.dx.ssa.SCCP::simulateBranch @ 615 (666 bytes)
Event: 2,710 Thread 0x00007fbda80b7800 nmethod 1069% 0x00007fbd9934a850 code [0x00007fbd9934ad00, 0x00007fbd9934e8b8]
Event: 2,721 Thread 0x00007fbda80b7800 1088       3       com.android.dx.ssa.SsaMethod::bitSetFromLabelList (47 bytes)
Event: 3,176 Thread 0x00007fbda80b7800 nmethod 1088 0x00007fbd993505d0 code [0x00007fbd993507a0, 0x00007fbd99350f18]
Event: 3,179 Thread 0x00007fbda80b7800 1108       3       com.android.dx.ssa.SCCP::simulateBranch (666 bytes)
Event: 3,643 Thread 0x00007fbda80b7800 nmethod 1108 0x00007fbd99351210 code [0x00007fbd993516c0, 0x00007fbd993551f8]
Event: 3,763 Thread 0x00007fbda80b7800 1081       3       java.util.TreeMap::getEntry (84 bytes)

GC Heap History (5 events):
Event: 1,347 GC heap before
{Heap before GC invocations=1 (full 0):
 PSYoungGen      total 36864K, used 31744K [0x00000000eab00000, 0x00000000ed400000, 0x0000000100000000)
  eden space 31744K, 100% used [0x00000000eab00000,0x00000000eca00000,0x00000000eca00000)
  from space 5120K, 0% used [0x00000000ecf00000,0x00000000ecf00000,0x00000000ed400000)
  to   space 5120K, 0% used [0x00000000eca00000,0x00000000eca00000,0x00000000ecf00000)
 ParOldGen       total 84992K, used 0K [0x00000000c0000000, 0x00000000c5300000, 0x00000000eab00000)
  object space 84992K, 0% used [0x00000000c0000000,0x00000000c0000000,0x00000000c5300000)
 Metaspace       used 5624K, capacity 6768K, committed 7040K, reserved 1056768K
  class space    used 579K, capacity 616K, committed 640K, reserved 1048576K
Event: 1,368 GC heap after
Heap after GC invocations=1 (full 0):
 PSYoungGen      total 36864K, used 5107K [0x00000000eab00000, 0x00000000ef300000, 0x0000000100000000)
  eden space 31744K, 0% used [0x00000000eab00000,0x00000000eab00000,0x00000000eca00000)
  from space 5120K, 99% used [0x00000000eca00000,0x00000000ecefcea8,0x00000000ecf00000)
  to   space 5120K, 0% used [0x00000000eee00000,0x00000000eee00000,0x00000000ef300000)
 ParOldGen       total 84992K, used 911K [0x00000000c0000000, 0x00000000c5300000, 0x00000000eab00000)
  object space 84992K, 1% used [0x00000000c0000000,0x00000000c00e3f40,0x00000000c5300000)
 Metaspace       used 5624K, capacity 6768K, committed 7040K, reserved 1056768K
  class space    used 579K, capacity 616K, committed 640K, reserved 1048576K
}
Event: 1,990 GC heap before
{Heap before GC invocations=2 (full 0):
 PSYoungGen      total 36864K, used 36851K [0x00000000eab00000, 0x00000000ef300000, 0x0000000100000000)
  eden space 31744K, 100% used [0x00000000eab00000,0x00000000eca00000,0x00000000eca00000)
  from space 5120K, 99% used [0x00000000eca00000,0x00000000ecefcea8,0x00000000ecf00000)
  to   space 5120K, 0% used [0x00000000eee00000,0x00000000eee00000,0x00000000ef300000)
 ParOldGen       total 84992K, used 911K [0x00000000c0000000, 0x00000000c5300000, 0x00000000eab00000)
  object space 84992K, 1% used [0x00000000c0000000,0x00000000c00e3f40,0x00000000c5300000)
 Metaspace       used 5675K, capacity 6768K, committed 7040K, reserved 1056768K
  class space    used 579K, capacity 616K, committed 640K, reserved 1048576K
Event: 2,102 GC heap after
Heap after GC invocations=2 (full 0):
 PSYoungGen      total 68608K, used 5113K [0x00000000eab00000, 0x00000000ef300000, 0x0000000100000000)
  eden space 63488K, 0% used [0x00000000eab00000,0x00000000eab00000,0x00000000ee900000)
  from space 5120K, 99% used [0x00000000eee00000,0x00000000ef2fe6a0,0x00000000ef300000)
  to   space 5120K, 0% used [0x00000000ee900000,0x00000000ee900000,0x00000000eee00000)
 ParOldGen       total 84992K, used 5269K [0x00000000c0000000, 0x00000000c5300000, 0x00000000eab00000)
  object space 84992K, 6% used [0x00000000c0000000,0x00000000c0525738,0x00000000c5300000)
 Metaspace       used 5675K, capacity 6768K, committed 7040K, reserved 1056768K
  class space    used 579K, capacity 616K, committed 640K, reserved 1048576K
}
Event: 7,631 GC heap before
{Heap before GC invocations=3 (full 0):
 PSYoungGen      total 68608K, used 68601K [0x00000000eab00000, 0x00000000ef300000, 0x0000000100000000)
  eden space 63488K, 100% used [0x00000000eab00000,0x00000000ee900000,0x00000000ee900000)
  from space 5120K, 99% used [0x00000000eee00000,0x00000000ef2fe6a0,0x00000000ef300000)
  to   space 5120K, 0% used [0x00000000ee900000,0x00000000ee900000,0x00000000eee00000)
 ParOldGen       total 84992K, used 5269K [0x00000000c0000000, 0x00000000c5300000, 0x00000000eab00000)
  object space 84992K, 6% used [0x00000000c0000000,0x00000000c0525738,0x00000000c5300000)
 Metaspace       used 5691K, capacity 6768K, committed 7040K, reserved 1056768K
  class space    used 580K, capacity 616K, committed 640K, reserved 1048576K

Deoptimization events (3 events):
Event: 0,768 Thread 0x00007fbda812f000 Uncommon trap: reason=unstable_if action=reinterpret pc=0x00007fbd991f5d34 method=java.util.HashMap.getNode(ILjava/lang/Object;)Ljava/util/HashMap$Node; @ 62
Event: 1,655 Thread 0x00007fbda8136000 Uncommon trap: reason=null_check action=make_not_entrant pc=0x00007fbd992fa1a4 method=com.android.dx.ssa.SsaRenamer.getLocalForNewReg(I)Lcom/android/dx/rop/code/LocalItem; @ 19
Event: 1,685 Thread 0x00007fbda800a000 Uncommon trap: reason=unstable_if action=reinterpret pc=0x00007fbd99210518 method=java.lang.String.<init>([CII)V @ 18

Internal exceptions (3 events):
Event: 0,060 Thread 0x00007fbda800a000 Exception <a 'java/lang/NoSuchMethodError': Method sun.misc.Unsafe.defineClass(Ljava/lang/String;[BII)Ljava/lang/Class; name or signature does not match> (0x00000000eab07cc0) thrown at [/HUDSON3/workspace/8-2-build-linux-amd64/jdk8u101/7261/hotspot/src/sh
Event: 0,060 Thread 0x00007fbda800a000 Exception <a 'java/lang/NoSuchMethodError': Method sun.misc.Unsafe.prefetchRead(Ljava/lang/Object;J)V name or signature does not match> (0x00000000eab07fa8) thrown at [/HUDSON3/workspace/8-2-build-linux-amd64/jdk8u101/7261/hotspot/src/share/vm/prims/jni.c
Event: 1,652 Thread 0x00007fbda8136000 Implicit null exception at 0x00007fbd992f7a0b to 0x00007fbd992fa181

Events (10 events):
Event: 3,455 Thread 0x00007fbda8133000 DEOPT UNPACKING pc=0x00007fbd99047233 sp=0x00007fbd92f94ed0 mode 0
Event: 3,580 Thread 0x00007fbda8133000 DEOPT PACKING pc=0x00007fbd992697c2 sp=0x00007fbd92f94f20
Event: 3,606 Thread 0x00007fbda8133000 DEOPT UNPACKING pc=0x00007fbd99047233 sp=0x00007fbd92f94d00 mode 0
Event: 3,644 loading class com/android/dx/rop/code/RegOps
Event: 3,662 loading class com/android/dx/rop/code/RegOps done
Event: 3,934 Thread 0x00007fbda8134800 DEOPT PACKING pc=0x00007fbd992cb4dd sp=0x00007fbd92e944a0
Event: 3,941 Thread 0x00007fbda8134800 DEOPT UNPACKING pc=0x00007fbd99047233 sp=0x00007fbd92e941d8 mode 0
Event: 4,632 Executing VM operation: EnableBiasedLocking
Event: 4,975 Executing VM operation: EnableBiasedLocking done
Event: 6,915 Executing VM operation: ParallelGCFailedAllocation


Dynamic libraries:
00400000-00401000 r-xp 00000000 08:01 6690857                            /usr/lib/jvm/java-8-oracle/bin/java
00600000-00601000 rw-p 00000000 08:01 6690857                            /usr/lib/jvm/java-8-oracle/bin/java
00dff000-00e20000 rw-p 00000000 00:00 0                                  [heap]
c0000000-c5300000 rw-p 00000000 00:00 0 
c5300000-eab00000 ---p 00000000 00:00 0 
eab00000-ef300000 rw-p 00000000 00:00 0 
f3100000-100000000 ---p 00000000 00:00 0 
100000000-1000a0000 rw-p 00000000 00:00 0 
1000a0000-140000000 ---p 00000000 00:00 0 
7fbd58000000-7fbd58021000 rw-p 00000000 00:00 0 
7fbd58021000-7fbd5c000000 ---p 00000000 00:00 0 
7fbd60000000-7fbd60021000 rw-p 00000000 00:00 0 
7fbd60021000-7fbd64000000 ---p 00000000 00:00 0 
7fbd64000000-7fbd64036000 rw-p 00000000 00:00 0 
7fbd64036000-7fbd68000000 ---p 00000000 00:00 0 
7fbd68000000-7fbd68021000 rw-p 00000000 00:00 0 
7fbd68021000-7fbd6c000000 ---p 00000000 00:00 0 
7fbd6c000000-7fbd6c021000 rw-p 00000000 00:00 0 
7fbd6c021000-7fbd70000000 ---p 00000000 00:00 0 
7fbd70000000-7fbd70627000 rw-p 00000000 00:00 0 
7fbd70627000-7fbd74000000 ---p 00000000 00:00 0 
7fbd74000000-7fbd74021000 rw-p 00000000 00:00 0 
7fbd74021000-7fbd78000000 ---p 00000000 00:00 0 
7fbd78000000-7fbd78021000 rw-p 00000000 00:00 0 
7fbd78021000-7fbd7c000000 ---p 00000000 00:00 0 
7fbd7c000000-7fbd7c49f000 rw-p 00000000 00:00 0 
7fbd7c49f000-7fbd80000000 ---p 00000000 00:00 0 
7fbd80000000-7fbd80021000 rw-p 00000000 00:00 0 
7fbd80021000-7fbd84000000 ---p 00000000 00:00 0 
7fbd84000000-7fbd84021000 rw-p 00000000 00:00 0 
7fbd84021000-7fbd88000000 ---p 00000000 00:00 0 
7fbd88000000-7fbd88291000 rw-p 00000000 00:00 0 
7fbd88291000-7fbd8c000000 ---p 00000000 00:00 0 
7fbd8c000000-7fbd8c021000 rw-p 00000000 00:00 0 
7fbd8c021000-7fbd90000000 ---p 00000000 00:00 0 
7fbd92c5d000-7fbd92c64000 r--s 00000000 08:01 6295117                    /usr/lib/x86_64-linux-gnu/gconv/gconv-modules.cache
7fbd92c64000-7fbd92c94000 r--p 00000000 08:01 6690192                    /usr/share/locale-langpack/uk/LC_MESSAGES/libc.mo
7fbd92c94000-7fbd92c97000 ---p 00000000 00:00 0 
7fbd92c97000-7fbd92d95000 rw-p 00000000 00:00 0 
7fbd92d95000-7fbd92d98000 ---p 00000000 00:00 0 
7fbd92d98000-7fbd92e96000 rw-p 00000000 00:00 0 
7fbd92e96000-7fbd92e99000 ---p 00000000 00:00 0 
7fbd92e99000-7fbd92f97000 rw-p 00000000 00:00 0 
7fbd92f97000-7fbd92f9a000 ---p 00000000 00:00 0 
7fbd92f9a000-7fbd93098000 rw-p 00000000 00:00 0 
7fbd93098000-7fbd9309b000 ---p 00000000 00:00 0 
7fbd9309b000-7fbd93199000 rw-p 00000000 00:00 0 
7fbd93199000-7fbd931a7000 r--s 000e0000 08:01 1972088                    /home/nicolay/Android/Sdk/build-tools/24.0.2/lib/dx.jar
7fbd931a7000-7fbd931a8000 ---p 00000000 00:00 0 
7fbd931a8000-7fbd932a8000 rw-p 00000000 00:00 0 
7fbd932a8000-7fbd932ab000 ---p 00000000 00:00 0 
7fbd932ab000-7fbd933a9000 rw-p 00000000 00:00 0 
7fbd933a9000-7fbd933ac000 ---p 00000000 00:00 0 
7fbd933ac000-7fbd934aa000 rw-p 00000000 00:00 0 
7fbd934aa000-7fbd934ad000 ---p 00000000 00:00 0 
7fbd934ad000-7fbd935ab000 rw-p 00000000 00:00 0 
7fbd935ab000-7fbd935ae000 ---p 00000000 00:00 0 
7fbd935ae000-7fbd936ac000 rw-p 00000000 00:00 0 
7fbd936ac000-7fbd93afb000 r--p 00000000 08:01 5905658                    /usr/lib/locale/locale-archive
7fbd93afb000-7fbd93afe000 ---p 00000000 00:00 0 
7fbd93afe000-7fbd93bfc000 rw-p 00000000 00:00 0 
7fbd93bfc000-7fbd93bff000 ---p 00000000 00:00 0 
7fbd93bff000-7fbd93cfd000 rw-p 00000000 00:00 0 
7fbd93cfd000-7fbd93cfe000 ---p 00000000 00:00 0 
7fbd93cfe000-7fbd94000000 rw-p 00000000 00:00 0 
7fbd94000000-7fbd94021000 rw-p 00000000 00:00 0 
7fbd94021000-7fbd98000000 ---p 00000000 00:00 0 
7fbd98000000-7fbd98627000 rw-p 00000000 00:00 0 
7fbd98627000-7fbd98800000 r--s 03d29000 08:01 6820531                    /usr/lib/jvm/java-8-oracle/jre/lib/rt.jar
7fbd98800000-7fbd98e40000 rw-p 00000000 00:00 0 
7fbd98e40000-7fbd99000000 ---p 00000000 00:00 0 
7fbd99000000-7fbd99360000 rwxp 00000000 00:00 0 
7fbd99360000-7fbda8000000 ---p 00000000 00:00 0 
7fbda8000000-7fbda838c000 rw-p 00000000 00:00 0 
7fbda838c000-7fbdac000000 ---p 00000000 00:00 0 
7fbdac000000-7fbdac00b000 r--s 00097000 08:01 2230068                    /home/nicolay/AndroidStudioProjects/BetOn/app/build/intermediates/exploded-aar/com.android.support/appcompat-v7/24.2.1/jars/classes.jar
7fbdac00b000-7fbdae3c4000 rw-p 00000000 00:00 0 
7fbdae3c4000-7fbdae3c5000 ---p 00000000 00:00 0 
7fbdae3c5000-7fbdae4c5000 rw-p 00000000 00:00 0 
7fbdae4c5000-7fbdae4c6000 ---p 00000000 00:00 0 
7fbdae4c6000-7fbdae5f0000 rw-p 00000000 00:00 0 
7fbdae5f0000-7fbdae71c000 ---p 00000000 00:00 0 
7fbdae71c000-7fbdae746000 rw-p 00000000 00:00 0 
7fbdae746000-7fbdae871000 ---p 00000000 00:00 0 
7fbdae871000-7fbdae896000 rw-p 00000000 00:00 0 
7fbdae896000-7fbdae91c000 ---p 00000000 00:00 0 
7fbdae91c000-7fbdae92b000 rw-p 00000000 00:00 0 
7fbdae92b000-7fbdaecdd000 ---p 00000000 00:00 0 
7fbdaecdd000-7fbdaecf7000 r-xp 00000000 08:01 6952498                    /usr/lib/jvm/java-8-oracle/jre/lib/amd64/libzip.so
7fbdaecf7000-7fbdaeef7000 ---p 0001a000 08:01 6952498                    /usr/lib/jvm/java-8-oracle/jre/lib/amd64/libzip.so
7fbdaeef7000-7fbdaeef8000 rw-p 0001a000 08:01 6952498                    /usr/lib/jvm/java-8-oracle/jre/lib/amd64/libzip.so
7fbdaeef8000-7fbdaef03000 r-xp 00000000 08:01 5510120                    /lib/x86_64-linux-gnu/libnss_files-2.23.so
7fbdaef03000-7fbdaf102000 ---p 0000b000 08:01 5510120                    /lib/x86_64-linux-gnu/libnss_files-2.23.so
7fbdaf102000-7fbdaf103000 r--p 0000a000 08:01 5510120                    /lib/x86_64-linux-gnu/libnss_files-2.23.so
7fbdaf103000-7fbdaf104000 rw-p 0000b000 08:01 5510120                    /lib/x86_64-linux-gnu/libnss_files-2.23.so
7fbdaf104000-7fbdaf10a000 rw-p 00000000 00:00 0 
7fbdaf10a000-7fbdaf115000 r-xp 00000000 08:01 5510130                    /lib/x86_64-linux-gnu/libnss_nis-2.23.so
7fbdaf115000-7fbdaf314000 ---p 0000b000 08:01 5510130                    /lib/x86_64-linux-gnu/libnss_nis-2.23.so
7fbdaf314000-7fbdaf315000 r--p 0000a000 08:01 5510130                    /lib/x86_64-linux-gnu/libnss_nis-2.23.so
7fbdaf315000-7fbdaf316000 rw-p 0000b000 08:01 5510130                    /lib/x86_64-linux-gnu/libnss_nis-2.23.so
7fbdaf316000-7fbdaf32c000 r-xp 00000000 08:01 5510114                    /lib/x86_64-linux-gnu/libnsl-2.23.so
7fbdaf32c000-7fbdaf52b000 ---p 00016000 08:01 5510114                    /lib/x86_64-linux-gnu/libnsl-2.23.so
7fbdaf52b000-7fbdaf52c000 r--p 00015000 08:01 5510114                    /lib/x86_64-linux-gnu/libnsl-2.23.so
7fbdaf52c000-7fbdaf52d000 rw-p 00016000 08:01 5510114                    /lib/x86_64-linux-gnu/libnsl-2.23.so
7fbdaf52d000-7fbdaf52f000 rw-p 00000000 00:00 0 
7fbdaf52f000-7fbdaf537000 r-xp 00000000 08:01 5510116                    /lib/x86_64-linux-gnu/libnss_compat-2.23.so
7fbdaf537000-7fbdaf736000 ---p 00008000 08:01 5510116                    /lib/x86_64-linux-gnu/libnss_compat-2.23.so
7fbdaf736000-7fbdaf737000 r--p 00007000 08:01 5510116                    /lib/x86_64-linux-gnu/libnss_compat-2.23.so
7fbdaf737000-7fbdaf738000 rw-p 00008000 08:01 5510116                    /lib/x86_64-linux-gnu/libnss_compat-2.23.so
7fbdaf738000-7fbdaf762000 r-xp 00000000 08:01 6952573                    /usr/lib/jvm/java-8-oracle/jre/lib/amd64/libjava.so
7fbdaf762000-7fbdaf962000 ---p 0002a000 08:01 6952573                    /usr/lib/jvm/java-8-oracle/jre/lib/amd64/libjava.so
7fbdaf962000-7fbdaf964000 rw-p 0002a000 08:01 6952573                    /usr/lib/jvm/java-8-oracle/jre/lib/amd64/libjava.so
7fbdaf964000-7fbdaf971000 r-xp 00000000 08:01 6952467                    /usr/lib/jvm/java-8-oracle/jre/lib/amd64/libverify.so
7fbdaf971000-7fbdafb71000 ---p 0000d000 08:01 6952467                    /usr/lib/jvm/java-8-oracle/jre/lib/amd64/libverify.so
7fbdafb71000-7fbdafb73000 rw-p 0000d000 08:01 6952467                    /usr/lib/jvm/java-8-oracle/jre/lib/amd64/libverify.so
7fbdafb73000-7fbdafb7a000 r-xp 00000000 08:01 5510175                    /lib/x86_64-linux-gnu/librt-2.23.so
7fbdafb7a000-7fbdafd79000 ---p 00007000 08:01 5510175                    /lib/x86_64-linux-gnu/librt-2.23.so
7fbdafd79000-7fbdafd7a000 r--p 00006000 08:01 5510175                    /lib/x86_64-linux-gnu/librt-2.23.so
7fbdafd7a000-7fbdafd7b000 rw-p 00007000 08:01 5510175                    /lib/x86_64-linux-gnu/librt-2.23.so
7fbdafd7b000-7fbdafe83000 r-xp 00000000 08:01 5510091                    /lib/x86_64-linux-gnu/libm-2.23.so
7fbdafe83000-7fbdb0082000 ---p 00108000 08:01 5510091                    /lib/x86_64-linux-gnu/libm-2.23.so
7fbdb0082000-7fbdb0083000 r--p 00107000 08:01 5510091                    /lib/x86_64-linux-gnu/libm-2.23.so
7fbdb0083000-7fbdb0084000 rw-p 00108000 08:01 5510091                    /lib/x86_64-linux-gnu/libm-2.23.so
7fbdb0084000-7fbdb0d4f000 r-xp 00000000 08:01 6952577                    /usr/lib/jvm/java-8-oracle/jre/lib/amd64/server/libjvm.so
7fbdb0d4f000-7fbdb0f4e000 ---p 00ccb000 08:01 6952577                    /usr/lib/jvm/java-8-oracle/jre/lib/amd64/server/libjvm.so
7fbdb0f4e000-7fbdb1027000 rw-p 00cca000 08:01 6952577                    /usr/lib/jvm/java-8-oracle/jre/lib/amd64/server/libjvm.so
7fbdb1027000-7fbdb1072000 rw-p 00000000 00:00 0 
7fbdb1072000-7fbdb1232000 r-xp 00000000 08:01 5510021                    /lib/x86_64-linux-gnu/libc-2.23.so
7fbdb1232000-7fbdb1431000 ---p 001c0000 08:01 5510021                    /lib/x86_64-linux-gnu/libc-2.23.so
7fbdb1431000-7fbdb1435000 r--p 001bf000 08:01 5510021                    /lib/x86_64-linux-gnu/libc-2.23.so
7fbdb1435000-7fbdb1437000 rw-p 001c3000 08:01 5510021                    /lib/x86_64-linux-gnu/libc-2.23.so
7fbdb1437000-7fbdb143b000 rw-p 00000000 00:00 0 
7fbdb143b000-7fbdb143e000 r-xp 00000000 08:01 5510045                    /lib/x86_64-linux-gnu/libdl-2.23.so
7fbdb143e000-7fbdb163d000 ---p 00003000 08:01 5510045                    /lib/x86_64-linux-gnu/libdl-2.23.so
7fbdb163d000-7fbdb163e000 r--p 00002000 08:01 5510045                    /lib/x86_64-linux-gnu/libdl-2.23.so
7fbdb163e000-7fbdb163f000 rw-p 00003000 08:01 5510045                    /lib/x86_64-linux-gnu/libdl-2.23.so
7fbdb163f000-7fbdb1654000 r-xp 00000000 08:01 6299453                    /usr/lib/jvm/java-8-oracle/lib/amd64/jli/libjli.so
7fbdb1654000-7fbdb1854000 ---p 00015000 08:01 6299453                    /usr/lib/jvm/java-8-oracle/lib/amd64/jli/libjli.so
7fbdb1854000-7fbdb1855000 rw-p 00015000 08:01 6299453                    /usr/lib/jvm/java-8-oracle/lib/amd64/jli/libjli.so
7fbdb1855000-7fbdb186d000 r-xp 00000000 08:01 5510167                    /lib/x86_64-linux-gnu/libpthread-2.23.so
7fbdb186d000-7fbdb1a6c000 ---p 00018000 08:01 5510167                    /lib/x86_64-linux-gnu/libpthread-2.23.so
7fbdb1a6c000-7fbdb1a6d000 r--p 00017000 08:01 5510167                    /lib/x86_64-linux-gnu/libpthread-2.23.so
7fbdb1a6d000-7fbdb1a6e000 rw-p 00018000 08:01 5510167                    /lib/x86_64-linux-gnu/libpthread-2.23.so
7fbdb1a6e000-7fbdb1a72000 rw-p 00000000 00:00 0 
7fbdb1a72000-7fbdb1a98000 r-xp 00000000 08:01 5509993                    /lib/x86_64-linux-gnu/ld-2.23.so
7fbdb1a9a000-7fbdb1b6c000 rw-p 00000000 00:00 0 
7fbdb1b6c000-7fbdb1b6f000 ---p 00000000 00:00 0 
7fbdb1b6f000-7fbdb1c71000 rw-p 00000000 00:00 0 
7fbdb1c77000-7fbdb1c8b000 rw-p 00000000 00:00 0 
7fbdb1c8b000-7fbdb1c93000 rw-s 00000000 08:01 2754934                    /tmp/hsperfdata_nicolay/13525
7fbdb1c93000-7fbdb1c94000 rw-p 00000000 00:00 0 
7fbdb1c94000-7fbdb1c95000 ---p 00000000 00:00 0 
7fbdb1c95000-7fbdb1c97000 rw-p 00000000 00:00 0 
7fbdb1c97000-7fbdb1c98000 r--p 00025000 08:01 5509993                    /lib/x86_64-linux-gnu/ld-2.23.so
7fbdb1c98000-7fbdb1c99000 rw-p 00026000 08:01 5509993                    /lib/x86_64-linux-gnu/ld-2.23.so
7fbdb1c99000-7fbdb1c9a000 rw-p 00000000 00:00 0 
7ffc00467000-7ffc00488000 rw-p 00000000 00:00 0                          [stack]
7ffc00568000-7ffc0056a000 r--p 00000000 00:00 0                          [vvar]
7ffc0056a000-7ffc0056c000 r-xp 00000000 00:00 0                          [vdso]
ffffffffff600000-ffffffffff601000 r-xp 00000000 00:00 0                  [vsyscall]

VM Arguments:
jvm_args: -Djava.awt.headless=true -Xmx1024M -Dfile.encoding=UTF-8 -Duser.country=UA -Duser.language=uk -Duser.variant 
java_command: com.android.dx.command.Main --dex --force-jumbo --num-threads=4 --multi-dex --output /home/nicolay/AndroidStudioProjects/BetOn/app/build/intermediates/transforms/dex/debug/folders/1000/10/com.android.support-appcompat-v7-24.2.1_c3179b9bf70886f7899627cad8501bd14a707d8c /home/nicolay/AndroidStudioProjects/BetOn/app/build/intermediates/exploded-aar/com.android.support/appcompat-v7/24.2.1/jars/classes.jar
java_class_path (initial): /home/nicolay/Android/Sdk/build-tools/24.0.2/lib/dx.jar
Launcher Type: SUN_STANDARD

Environment Variables:
PATH=/usr/local/sbin:/usr/local/bin:/usr/sbin:/usr/bin:/sbin:/bin:/usr/games:/usr/local/games
USERNAME=nicolay
LD_LIBRARY_PATH=/home/nicolay/android-studio/bin:
SHELL=/bin/bash
DISPLAY=:0

Signal Handlers:
SIGSEGV: [libjvm.so+0xac4790], sa_mask[0]=11111111011111111101111111111110, sa_flags=SA_RESTART|SA_SIGINFO
SIGBUS: [libjvm.so+0xac4790], sa_mask[0]=11111111011111111101111111111110, sa_flags=SA_RESTART|SA_SIGINFO
SIGFPE: [libjvm.so+0x91f140], sa_mask[0]=11111111011111111101111111111110, sa_flags=SA_RESTART|SA_SIGINFO
SIGPIPE: [libjvm.so+0x91f140], sa_mask[0]=11111111011111111101111111111110, sa_flags=SA_RESTART|SA_SIGINFO
SIGXFSZ: [libjvm.so+0x91f140], sa_mask[0]=11111111011111111101111111111110, sa_flags=SA_RESTART|SA_SIGINFO
SIGILL: [libjvm.so+0x91f140], sa_mask[0]=11111111011111111101111111111110, sa_flags=SA_RESTART|SA_SIGINFO
SIGUSR1: SIG_DFL, sa_mask[0]=00000000000000000000000000000000, sa_flags=none
SIGUSR2: [libjvm.so+0x920770], sa_mask[0]=00100000000000000000000000000000, sa_flags=SA_RESTART|SA_SIGINFO
SIGHUP: [libjvm.so+0x921b70], sa_mask[0]=11111111011111111101111111111110, sa_flags=SA_RESTART|SA_SIGINFO
SIGINT: [libjvm.so+0x921b70], sa_mask[0]=11111111011111111101111111111110, sa_flags=SA_RESTART|SA_SIGINFO
SIGTERM: [libjvm.so+0x921b70], sa_mask[0]=11111111011111111101111111111110, sa_flags=SA_RESTART|SA_SIGINFO
SIGQUIT: [libjvm.so+0x921b70], sa_mask[0]=11111111011111111101111111111110, sa_flags=SA_RESTART|SA_SIGINFO


---------------  S Y S T E M  ---------------

OS:DISTRIB_ID=LinuxMint
DISTRIB_RELEASE=18
DISTRIB_CODENAME=sarah
DISTRIB_DESCRIPTION="Linux Mint 18 Sarah"

uname:Linux 4.4.0-36-generic #55-Ubuntu SMP Thu Aug 11 18:01:55 UTC 2016 x86_64
libc:glibc 2.23 NPTL 2.23 
rlimit: STACK 8192k, CORE 0k, NPROC 31248, NOFILE 65536, AS infinity
load average:14,65 4,69 2,35

/proc/meminfo:
MemTotal:        8040772 kB
MemFree:          215928 kB
MemAvailable:     120244 kB
Buffers:             548 kB
Cached:          1590408 kB
SwapCached:            0 kB
Active:          6163548 kB
Inactive:        1460900 kB
Active(anon):    6158496 kB
Inactive(anon):  1425280 kB
Active(file):       5052 kB
Inactive(file):    35620 kB
Unevictable:          32 kB
Mlocked:              32 kB
SwapTotal:             0 kB
SwapFree:              0 kB
Dirty:                12 kB
Writeback:            52 kB
AnonPages:       6033984 kB
Mapped:           576452 kB
Shmem:           1549788 kB
Slab:              77684 kB
SReclaimable:      41932 kB
SUnreclaim:        35752 kB
KernelStack:       10512 kB
PageTables:        40492 kB
NFS_Unstable:          0 kB
Bounce:                0 kB
WritebackTmp:          0 kB
CommitLimit:     4020384 kB
Committed_AS:   10792408 kB
VmallocTotal:   34359738367 kB
VmallocUsed:           0 kB
VmallocChunk:          0 kB
HardwareCorrupted:     0 kB
AnonHugePages:   4577280 kB
CmaTotal:              0 kB
CmaFree:               0 kB
HugePages_Total:       0
HugePages_Free:        0
HugePages_Rsvd:        0
HugePages_Surp:        0
Hugepagesize:       2048 kB
DirectMap4k:      138488 kB
DirectMap2M:     8116224 kB


CPU:total 2 (2 cores per cpu, 1 threads per core) family 6 model 58 stepping 9, cmov, cx8, fxsr, mmx, sse, sse2, sse3, ssse3, sse4.1, sse4.2, popcnt, clmul, erms, tsc, tscinvbit, tscinv

/proc/cpuinfo:
processor	: 0
vendor_id	: GenuineIntel
cpu family	: 6
model		: 58
model name	: Intel(R) Pentium(R) CPU 2020M @ 2.40GHz
stepping	: 9
microcode	: 0x15
cpu MHz		: 2399.906
cache size	: 2048 KB
physical id	: 0
siblings	: 2
core id		: 0
cpu cores	: 2
apicid		: 0
initial apicid	: 0
fpu		: yes
fpu_exception	: yes
cpuid level	: 13
wp		: yes
flags		: fpu vme de pse tsc msr pae mce cx8 apic sep mtrr pge mca cmov pat pse36 clflush dts acpi mmx fxsr sse sse2 ss ht tm pbe syscall nx rdtscp lm constant_tsc arch_perfmon pebs bts rep_good nopl xtopology nonstop_tsc aperfmperf eagerfpu pni pclmulqdq dtes64 monitor ds_cpl vmx est tm2 ssse3 cx16 xtpr pdcm pcid sse4_1 sse4_2 x2apic popcnt tsc_deadline_timer xsave lahf_lm epb tpr_shadow vnmi flexpriority ept vpid fsgsbase smep erms xsaveopt dtherm arat pln pts
bugs		:
bogomips	: 4789.15
clflush size	: 64
cache_alignment	: 64
address sizes	: 36 bits physical, 48 bits virtual
power management:

processor	: 1
vendor_id	: GenuineIntel
cpu family	: 6
model		: 58
model name	: Intel(R) Pentium(R) CPU 2020M @ 2.40GHz
stepping	: 9
microcode	: 0x15
cpu MHz		: 2399.906
cache size	: 2048 KB
physical id	: 0
siblings	: 2
core id		: 1
cpu cores	: 2
apicid		: 2
initial apicid	: 2
fpu		: yes
fpu_exception	: yes
cpuid level	: 13
wp		: yes
flags		: fpu vme de pse tsc msr pae mce cx8 apic sep mtrr pge mca cmov pat pse36 clflush dts acpi mmx fxsr sse sse2 ss ht tm pbe syscall nx rdtscp lm constant_tsc arch_perfmon pebs bts rep_good nopl xtopology nonstop_tsc aperfmperf eagerfpu pni pclmulqdq dtes64 monitor ds_cpl vmx est tm2 ssse3 cx16 xtpr pdcm pcid sse4_1 sse4_2 x2apic popcnt tsc_deadline_timer xsave lahf_lm epb tpr_shadow vnmi flexpriority ept vpid fsgsbase smep erms xsaveopt dtherm arat pln pts
bugs		:
bogomips	: 4789.15
clflush size	: 64
cache_alignment	: 64
address sizes	: 36 bits physical, 48 bits virtual
power management:



Memory: 4k page, physical 8040772k(215928k free), swap 0k(0k free)

vm_info: Java HotSpot(TM) 64-Bit Server VM (25.101-b13) for linux-amd64 JRE (1.8.0_101-b13), built on Jun 22 2016 02:59:44 by "java_re" with gcc 4.3.0 20080428 (Red Hat 4.3.0-8)

time: Thu Sep 22 22:00:56 2016
elapsed time: 32 seconds (0d 0h 0m 32s)

