#
# There is insufficient memory for the Java Runtime Environment to continue.
# Native memory allocation (mmap) failed to map 132120576 bytes for committing reserved memory.
# Possible reasons:
#   The system is out of physical RAM or swap space
#   In 32 bit mode, the process size limit was hit
# Possible solutions:
#   Reduce memory load on the system
#   Increase physical memory or swap space
#   Check if swap backing store is full
#   Use 64 bit Java on a 64 bit OS
#   Decrease Java heap size (-Xmx/-Xms)
#   Decrease number of Java threads
#   Decrease Java thread stack sizes (-Xss)
#   Set larger code cache with -XX:ReservedCodeCacheSize=
# This output file may be truncated or incomplete.
#
#  Out of Memory Error (os_linux.cpp:2627), pid=12963, tid=0x00007f2e3a693700
#
# JRE version: Java(TM) SE Runtime Environment (8.0_101-b13) (build 1.8.0_101-b13)
# Java VM: Java HotSpot(TM) 64-Bit Server VM (25.101-b13 mixed mode linux-amd64 compressed oops)
# Failed to write core dump. Core dumps have been disabled. To enable core dumping, try "ulimit -c unlimited" before starting Java again
#

---------------  T H R E A D  ---------------

Current thread (0x00007f2e4c073800):  VMThread [stack: 0x00007f2e3a593000,0x00007f2e3a694000] [id=12970]

Stack: [0x00007f2e3a593000,0x00007f2e3a694000],  sp=0x00007f2e3a6922a0,  free space=1020k
Native frames: (J=compiled Java code, j=interpreted, Vv=VM code, C=native code)
V  [libjvm.so+0xac3f0a]  VMError::report_and_die()+0x2ba
V  [libjvm.so+0x4fbf9b]  report_vm_out_of_memory(char const*, int, unsigned long, VMErrorType, char const*)+0x8b
V  [libjvm.so+0x9222d3]  os::Linux::commit_memory_impl(char*, unsigned long, bool)+0x103
V  [libjvm.so+0x922829]  os::pd_commit_memory(char*, unsigned long, unsigned long, bool)+0x29
V  [libjvm.so+0x91cb2a]  os::commit_memory(char*, unsigned long, unsigned long, bool)+0x2a
V  [libjvm.so+0x991053]  PSVirtualSpace::expand_by(unsigned long)+0x53
V  [libjvm.so+0x992458]  PSYoungGen::resize_generation(unsigned long, unsigned long)+0xf8
V  [libjvm.so+0x9915b2]  PSYoungGen::resize(unsigned long, unsigned long)+0x22
V  [libjvm.so+0x98e88b]  PSScavenge::invoke_no_policy()+0xf3b
V  [libjvm.so+0x98f011]  PSScavenge::invoke()+0x41
V  [libjvm.so+0x945fc0]  ParallelScavengeHeap::failed_mem_allocate(unsigned long)+0x70
V  [libjvm.so+0xac5927]  VM_ParallelGCFailedAllocation::doit()+0x97
V  [libjvm.so+0xacd405]  VM_Operation::evaluate()+0x55
V  [libjvm.so+0xacb7da]  VMThread::evaluate_operation(VM_Operation*)+0xba
V  [libjvm.so+0xacbb5e]  VMThread::loop()+0x1ce
V  [libjvm.so+0xacbfd0]  VMThread::run()+0x70
V  [libjvm.so+0x924698]  java_start(Thread*)+0x108

VM_Operation (0x00007f2e3971ed40): ParallelGCFailedAllocation, mode: safepoint, requested by thread 0x00007f2e4c12f800


---------------  P R O C E S S  ---------------

Java Threads: ( => current thread )
  0x00007f2e4c12f800 JavaThread "pool-1-thread-1" [_thread_blocked, id=13031, stack(0x00007f2e39620000,0x00007f2e39721000)]
  0x00007f2e4c0ba000 JavaThread "Service Thread" daemon [_thread_blocked, id=12988, stack(0x00007f2e39b3e000,0x00007f2e39c3f000)]
  0x00007f2e4c0b7800 JavaThread "C1 CompilerThread1" daemon [_thread_blocked, id=12986, stack(0x00007f2e39c3f000,0x00007f2e39d40000)]
  0x00007f2e4c0b4800 JavaThread "C2 CompilerThread0" daemon [_thread_blocked, id=12984, stack(0x00007f2e39d40000,0x00007f2e39e41000)]
  0x00007f2e4c0b3000 JavaThread "Signal Dispatcher" daemon [_thread_blocked, id=12982, stack(0x00007f2e39e41000,0x00007f2e39f42000)]
  0x00007f2e4c080000 JavaThread "Finalizer" daemon [_thread_blocked, id=12972, stack(0x00007f2e3a391000,0x00007f2e3a492000)]
  0x00007f2e4c07b800 JavaThread "Reference Handler" daemon [_thread_blocked, id=12971, stack(0x00007f2e3a492000,0x00007f2e3a593000)]
  0x00007f2e4c00a000 JavaThread "main" [_thread_blocked, id=12967, stack(0x00007f2e543fe000,0x00007f2e544ff000)]

Other Threads:
=>0x00007f2e4c073800 VMThread [stack: 0x00007f2e3a593000,0x00007f2e3a694000] [id=12970]
  0x00007f2e4c0bd000 WatcherThread [stack: 0x00007f2e39a3d000,0x00007f2e39b3e000] [id=12989]

VM state:at safepoint (normal execution)

VM Mutex/Monitor currently owned by a thread:  ([mutex/lock_event])
[0x00007f2e4c006530] Threads_lock - owner thread: 0x00007f2e4c073800
[0x00007f2e4c006a30] Heap_lock - owner thread: 0x00007f2e4c12f800

Heap:
 PSYoungGen      total 142848K, used 16896K [0x00000000eab00000, 0x00000000f4900000, 0x0000000100000000)
  eden space 125440K, 0% used [0x00000000eab00000,0x00000000eab00000,0x00000000f2580000)
  from space 17408K, 97% used [0x00000000f2580000,0x00000000f36003d0,0x00000000f3680000)
  to   space 15872K, 0% used [0x00000000f3680000,0x00000000f3680000,0x00000000f4600000)
 ParOldGen       total 84992K, used 25263K [0x00000000c0000000, 0x00000000c5300000, 0x00000000eab00000)
  object space 84992K, 29% used [0x00000000c0000000,0x00000000c18abc50,0x00000000c5300000)
 Metaspace       used 6501K, capacity 7442K, committed 7680K, reserved 1056768K
  class space    used 620K, capacity 650K, committed 768K, reserved 1048576K

Card table byte_map: [0x00007f2e50fae000,0x00007f2e511af000] byte_map_base: 0x00007f2e509ae000

Marking Bits: (ParMarkBitMap*) 0x00007f2e538d7120
 Begin Bits: [0x00007f2e3b000000, 0x00007f2e3c000000)
 End Bits:   [0x00007f2e3c000000, 0x00007f2e3d000000)

Polling page: 0x00007f2e54526000

CodeCache: size=245760Kb used=7903Kb max_used=7903Kb free=237856Kb
 bounds [0x00007f2e3d000000, 0x00007f2e3d7c0000, 0x00007f2e4c000000]
 total_blobs=2388 nmethods=2126 adapters=177
 compilation: enabled

Compilation events (10 events):
Event: 45,580 Thread 0x00007f2e4c0b7800 2582       2       com.android.dx.util.ByteArrayAnnotatedOutput::writeSleb128 (34 bytes)
Event: 45,582 Thread 0x00007f2e4c0b7800 nmethod 2582 0x00007f2e3d7b9990 code [0x00007f2e3d7b9b00, 0x00007f2e3d7b9cd8]
Event: 45,582 Thread 0x00007f2e4c0b7800 2581       2       com.android.dx.dex.file.DebugInfoEncoder::emitLocalEnd (83 bytes)
Event: 45,585 Thread 0x00007f2e4c0b7800 nmethod 2581 0x00007f2e3d7b9d90 code [0x00007f2e3d7b9f80, 0x00007f2e3d7ba558]
Event: 45,585 Thread 0x00007f2e4c0b7800 2577       2       com.android.dx.dex.file.DebugInfoEncoder::emitAdvanceLine (82 bytes)
Event: 45,588 Thread 0x00007f2e4c0b7800 nmethod 2577 0x00007f2e3d7baa90 code [0x00007f2e3d7bac60, 0x00007f2e3d7bb168]
Event: 45,588 Thread 0x00007f2e4c0b7800 2584       2       com.android.dx.dex.file.DebugInfoEncoder::emitLocalRestart (80 bytes)
Event: 45,589 Thread 0x00007f2e4c0b7800 nmethod 2584 0x00007f2e3d7bb5d0 code [0x00007f2e3d7bb7c0, 0x00007f2e3d7bbd28]
Event: 45,594 Thread 0x00007f2e4c0b7800 2585       2       com.android.dx.dex.file.DebugInfoEncoder::emitAdvancePc (82 bytes)
Event: 45,595 Thread 0x00007f2e4c0b7800 nmethod 2585 0x00007f2e3d7bc210 code [0x00007f2e3d7bc3e0, 0x00007f2e3d7bc8e8]

GC Heap History (10 events):
Event: 4,069 GC heap after
Heap after GC invocations=2 (full 0):
 PSYoungGen      total 36864K, used 5100K [0x00000000eab00000, 0x00000000ef300000, 0x0000000100000000)
  eden space 31744K, 0% used [0x00000000eab00000,0x00000000eab00000,0x00000000eca00000)
  from space 5120K, 99% used [0x00000000ecf00000,0x00000000ed3fb3d0,0x00000000ed400000)
  to   space 5120K, 0% used [0x00000000eca00000,0x00000000eca00000,0x00000000ecf00000)
 ParOldGen       total 84992K, used 4035K [0x00000000c0000000, 0x00000000c5300000, 0x00000000eab00000)
  object space 84992K, 4% used [0x00000000c0000000,0x00000000c03f0fe8,0x00000000c5300000)
 Metaspace       used 5759K, capacity 6832K, committed 7040K, reserved 1056768K
  class space    used 580K, capacity 616K, committed 640K, reserved 1048576K
}
Event: 4,545 GC heap before
{Heap before GC invocations=3 (full 0):
 PSYoungGen      total 36864K, used 36844K [0x00000000eab00000, 0x00000000ef300000, 0x0000000100000000)
  eden space 31744K, 100% used [0x00000000eab00000,0x00000000eca00000,0x00000000eca00000)
  from space 5120K, 99% used [0x00000000ecf00000,0x00000000ed3fb3d0,0x00000000ed400000)
  to   space 5120K, 0% used [0x00000000eca00000,0x00000000eca00000,0x00000000ecf00000)
 ParOldGen       total 84992K, used 4035K [0x00000000c0000000, 0x00000000c5300000, 0x00000000eab00000)
  object space 84992K, 4% used [0x00000000c0000000,0x00000000c03f0fe8,0x00000000c5300000)
 Metaspace       used 5760K, capacity 6832K, committed 7040K, reserved 1056768K
  class space    used 580K, capacity 616K, committed 640K, reserved 1048576K
Event: 4,615 GC heap after
Heap after GC invocations=3 (full 0):
 PSYoungGen      total 36864K, used 5092K [0x00000000eab00000, 0x00000000ef300000, 0x0000000100000000)
  eden space 31744K, 0% used [0x00000000eab00000,0x00000000eab00000,0x00000000eca00000)
  from space 5120K, 99% used [0x00000000eca00000,0x00000000ecef9060,0x00000000ecf00000)
  to   space 5120K, 0% used [0x00000000eee00000,0x00000000eee00000,0x00000000ef300000)
 ParOldGen       total 84992K, used 8627K [0x00000000c0000000, 0x00000000c5300000, 0x00000000eab00000)
  object space 84992K, 10% used [0x00000000c0000000,0x00000000c086cfa8,0x00000000c5300000)
 Metaspace       used 5760K, capacity 6832K, committed 7040K, reserved 1056768K
  class space    used 580K, capacity 616K, committed 640K, reserved 1048576K
}
Event: 5,054 GC heap before
{Heap before GC invocations=4 (full 0):
 PSYoungGen      total 36864K, used 36836K [0x00000000eab00000, 0x00000000ef300000, 0x0000000100000000)
  eden space 31744K, 100% used [0x00000000eab00000,0x00000000eca00000,0x00000000eca00000)
  from space 5120K, 99% used [0x00000000eca00000,0x00000000ecef9060,0x00000000ecf00000)
  to   space 5120K, 0% used [0x00000000eee00000,0x00000000eee00000,0x00000000ef300000)
 ParOldGen       total 84992K, used 8627K [0x00000000c0000000, 0x00000000c5300000, 0x00000000eab00000)
  object space 84992K, 10% used [0x00000000c0000000,0x00000000c086cfa8,0x00000000c5300000)
 Metaspace       used 5768K, capacity 6896K, committed 7040K, reserved 1056768K
  class space    used 580K, capacity 616K, committed 640K, reserved 1048576K
Event: 5,154 GC heap after
Heap after GC invocations=4 (full 0):
 PSYoungGen      total 68608K, used 5102K [0x00000000eab00000, 0x00000000ef300000, 0x0000000100000000)
  eden space 63488K, 0% used [0x00000000eab00000,0x00000000eab00000,0x00000000ee900000)
  from space 5120K, 99% used [0x00000000eee00000,0x00000000ef2fbb08,0x00000000ef300000)
  to   space 5120K, 0% used [0x00000000ee900000,0x00000000ee900000,0x00000000eee00000)
 ParOldGen       total 84992K, used 13861K [0x00000000c0000000, 0x00000000c5300000, 0x00000000eab00000)
  object space 84992K, 16% used [0x00000000c0000000,0x00000000c0d89678,0x00000000c5300000)
 Metaspace       used 5768K, capacity 6896K, committed 7040K, reserved 1056768K
  class space    used 580K, capacity 616K, committed 640K, reserved 1048576K
}
Event: 6,284 GC heap before
{Heap before GC invocations=5 (full 0):
 PSYoungGen      total 68608K, used 68590K [0x00000000eab00000, 0x00000000ef300000, 0x0000000100000000)
  eden space 63488K, 100% used [0x00000000eab00000,0x00000000ee900000,0x00000000ee900000)
  from space 5120K, 99% used [0x00000000eee00000,0x00000000ef2fbb08,0x00000000ef300000)
  to   space 5120K, 0% used [0x00000000ee900000,0x00000000ee900000,0x00000000eee00000)
 ParOldGen       total 84992K, used 13861K [0x00000000c0000000, 0x00000000c5300000, 0x00000000eab00000)
  object space 84992K, 16% used [0x00000000c0000000,0x00000000c0d89678,0x00000000c5300000)
 Metaspace       used 5977K, capacity 6960K, committed 7040K, reserved 1056768K
  class space    used 600K, capacity 616K, committed 640K, reserved 1048576K
Event: 6,452 GC heap after
Heap after GC invocations=5 (full 0):
 PSYoungGen      total 68608K, used 5093K [0x00000000eab00000, 0x00000000f4600000, 0x0000000100000000)
  eden space 63488K, 0% used [0x00000000eab00000,0x00000000eab00000,0x00000000ee900000)
  from space 5120K, 99% used [0x00000000ee900000,0x00000000eedf9738,0x00000000eee00000)
  to   space 15872K, 0% used [0x00000000f3680000,0x00000000f3680000,0x00000000f4600000)
 ParOldGen       total 84992K, used 23481K [0x00000000c0000000, 0x00000000c5300000, 0x00000000eab00000)
  object space 84992K, 27% used [0x00000000c0000000,0x00000000c16ee408,0x00000000c5300000)
 Metaspace       used 5977K, capacity 6960K, committed 7040K, reserved 1056768K
  class space    used 600K, capacity 616K, committed 640K, reserved 1048576K
}
Event: 7,609 GC heap before
{Heap before GC invocations=6 (full 0):
 PSYoungGen      total 68608K, used 68581K [0x00000000eab00000, 0x00000000f4600000, 0x0000000100000000)
  eden space 63488K, 100% used [0x00000000eab00000,0x00000000ee900000,0x00000000ee900000)
  from space 5120K, 99% used [0x00000000ee900000,0x00000000eedf9738,0x00000000eee00000)
  to   space 15872K, 0% used [0x00000000f3680000,0x00000000f3680000,0x00000000f4600000)
 ParOldGen       total 84992K, used 23481K [0x00000000c0000000, 0x00000000c5300000, 0x00000000eab00000)
  object space 84992K, 27% used [0x00000000c0000000,0x00000000c16ee408,0x00000000c5300000)
 Metaspace       used 6051K, capacity 7024K, committed 7296K, reserved 1056768K
  class space    used 600K, capacity 616K, committed 640K, reserved 1048576K
Event: 7,849 GC heap after
Heap after GC invocations=6 (full 0):
 PSYoungGen      total 141312K, used 14343K [0x00000000eab00000, 0x00000000f4900000, 0x0000000100000000)
  eden space 125440K, 0% used [0x00000000eab00000,0x00000000eab00000,0x00000000f2580000)
  from space 15872K, 90% used [0x00000000f3680000,0x00000000f4481ee8,0x00000000f4600000)
  to   space 17408K, 0% used [0x00000000f2580000,0x00000000f2580000,0x00000000f3680000)
 ParOldGen       total 84992K, used 23481K [0x00000000c0000000, 0x00000000c5300000, 0x00000000eab00000)
  object space 84992K, 27% used [0x00000000c0000000,0x00000000c16ee408,0x00000000c5300000)
 Metaspace       used 6051K, capacity 7024K, committed 7296K, reserved 1056768K
  class space    used 600K, capacity 616K, committed 640K, reserved 1048576K
}
Event: 45,685 GC heap before
{Heap before GC invocations=7 (full 0):
 PSYoungGen      total 141312K, used 139783K [0x00000000eab00000, 0x00000000f4900000, 0x0000000100000000)
  eden space 125440K, 100% used [0x00000000eab00000,0x00000000f2580000,0x00000000f2580000)
  from space 15872K, 90% used [0x00000000f3680000,0x00000000f4481ee8,0x00000000f4600000)
  to   space 17408K, 0% used [0x00000000f2580000,0x00000000f2580000,0x00000000f3680000)
 ParOldGen       total 84992K, used 23481K [0x00000000c0000000, 0x00000000c5300000, 0x00000000eab00000)
  object space 84992K, 27% used [0x00000000c0000000,0x00000000c16ee408,0x00000000c5300000)
 Metaspace       used 6501K, capacity 7442K, committed 7680K, reserved 1056768K
  class space    used 620K, capacity 650K, committed 768K, reserved 1048576K

Deoptimization events (10 events):
Event: 9,600 Thread 0x00007f2e4c12f800 Uncommon trap: reason=class_check action=maybe_recompile pc=0x00007f2e3d630e78 method=java.util.Arrays.hashCode([Ljava/lang/Object;)I @ 43
Event: 9,600 Thread 0x00007f2e4c12f800 Uncommon trap: reason=class_check action=maybe_recompile pc=0x00007f2e3d630e78 method=java.util.Arrays.hashCode([Ljava/lang/Object;)I @ 43
Event: 9,600 Thread 0x00007f2e4c12f800 Uncommon trap: reason=class_check action=maybe_recompile pc=0x00007f2e3d630e78 method=java.util.Arrays.hashCode([Ljava/lang/Object;)I @ 43
Event: 9,600 Thread 0x00007f2e4c12f800 Uncommon trap: reason=class_check action=maybe_recompile pc=0x00007f2e3d630e78 method=java.util.Arrays.hashCode([Ljava/lang/Object;)I @ 43
Event: 18,986 Thread 0x00007f2e4c12f800 Uncommon trap: reason=speculate_class_check action=maybe_recompile pc=0x00007f2e3d54acf0 method=com.android.dx.util.FixedSizeList.equals(Ljava/lang/Object;)Z @ 25
Event: 18,986 Thread 0x00007f2e4c12f800 Uncommon trap: reason=unstable_if action=reinterpret pc=0x00007f2e3d3fcff4 method=java.util.Arrays.equals([Ljava/lang/Object;[Ljava/lang/Object;)Z @ 23
Event: 19,044 Thread 0x00007f2e4c12f800 Uncommon trap: reason=speculate_class_check action=maybe_recompile pc=0x00007f2e3d54acf0 method=com.android.dx.util.FixedSizeList.equals(Ljava/lang/Object;)Z @ 25
Event: 19,051 Thread 0x00007f2e4c12f800 Uncommon trap: reason=speculate_class_check action=maybe_recompile pc=0x00007f2e3d54acf0 method=com.android.dx.util.FixedSizeList.equals(Ljava/lang/Object;)Z @ 25
Event: 19,051 Thread 0x00007f2e4c12f800 Uncommon trap: reason=speculate_class_check action=maybe_recompile pc=0x00007f2e3d54acf0 method=com.android.dx.util.FixedSizeList.equals(Ljava/lang/Object;)Z @ 25
Event: 25,974 Thread 0x00007f2e4c12f800 Uncommon trap: reason=unstable_if action=reinterpret pc=0x00007f2e3d75fe98 method=java.util.TreeMap.put(Ljava/lang/Object;Ljava/lang/Object;)Ljava/lang/Object; @ 163

Internal exceptions (6 events):
Event: 0,111 Thread 0x00007f2e4c00a000 Exception <a 'java/lang/NoSuchMethodError': Method sun.misc.Unsafe.defineClass(Ljava/lang/String;[BII)Ljava/lang/Class; name or signature does not match> (0x00000000eab07cc0) thrown at [/HUDSON3/workspace/8-2-build-linux-amd64/jdk8u101/7261/hotspot/src/sh
Event: 0,111 Thread 0x00007f2e4c00a000 Exception <a 'java/lang/NoSuchMethodError': Method sun.misc.Unsafe.prefetchRead(Ljava/lang/Object;J)V name or signature does not match> (0x00000000eab07fa8) thrown at [/HUDSON3/workspace/8-2-build-linux-amd64/jdk8u101/7261/hotspot/src/share/vm/prims/jni.c
Event: 3,930 Thread 0x00007f2e4c134800 Implicit null exception at 0x00007f2e3d2d8046 to 0x00007f2e3d2da741
Event: 6,246 Thread 0x00007f2e4c134800 Exception <a 'java/lang/ArrayIndexOutOfBoundsException': 18> (0x00000000ee74f438) thrown at [/HUDSON3/workspace/8-2-build-linux-amd64/jdk8u101/7261/hotspot/src/share/vm/interpreter/interpreterRuntime.cpp, line 366]
Event: 6,247 Thread 0x00007f2e4c134800 Exception <a 'java/lang/ArrayIndexOutOfBoundsException': 145> (0x00000000ee750fb8) thrown at [/HUDSON3/workspace/8-2-build-linux-amd64/jdk8u101/7261/hotspot/src/share/vm/interpreter/interpreterRuntime.cpp, line 366]
Event: 6,248 Thread 0x00007f2e4c134800 Exception <a 'java/lang/ArrayIndexOutOfBoundsException': 40> (0x00000000ee7522a0) thrown at [/HUDSON3/workspace/8-2-build-linux-amd64/jdk8u101/7261/hotspot/src/share/vm/interpreter/interpreterRuntime.cpp, line 366]

Events (10 events):
Event: 37,390 Thread 0x00007f2e4c12f800 DEOPT UNPACKING pc=0x00007f2e3d047233 sp=0x00007f2e3971ee48 mode 0
Event: 37,414 Thread 0x00007f2e4c12f800 DEOPT PACKING pc=0x00007f2e3d75eb7d sp=0x00007f2e3971ef80
Event: 37,414 Thread 0x00007f2e4c12f800 DEOPT UNPACKING pc=0x00007f2e3d047233 sp=0x00007f2e3971ecc8 mode 0
Event: 42,027 loading class com/android/dx/dex/file/DebugInfoEncoder
Event: 42,138 loading class com/android/dx/dex/file/DebugInfoEncoder done
Event: 45,409 loading class com/android/dx/dex/file/DebugInfoEncoder$1
Event: 45,409 loading class com/android/dx/dex/file/DebugInfoEncoder$1 done
Event: 45,433 loading class com/android/dx/dex/file/DebugInfoEncoder$2
Event: 45,433 loading class com/android/dx/dex/file/DebugInfoEncoder$2 done
Event: 45,646 Executing VM operation: ParallelGCFailedAllocation


Dynamic libraries:
00400000-00401000 r-xp 00000000 08:01 6690857                            /usr/lib/jvm/java-8-oracle/bin/java
00600000-00601000 rw-p 00000000 08:01 6690857                            /usr/lib/jvm/java-8-oracle/bin/java
01f90000-01fd4000 rw-p 00000000 00:00 0                                  [heap]
c0000000-c5300000 rw-p 00000000 00:00 0 
c5300000-eab00000 ---p 00000000 00:00 0 
eab00000-f4900000 rw-p 00000000 00:00 0 
fc700000-100000000 ---p 00000000 00:00 0 
100000000-1000c0000 rw-p 00000000 00:00 0 
1000c0000-140000000 ---p 00000000 00:00 0 
7f2dfc000000-7f2dfc021000 rw-p 00000000 00:00 0 
7f2dfc021000-7f2e00000000 ---p 00000000 00:00 0 
7f2e04000000-7f2e04021000 rw-p 00000000 00:00 0 
7f2e04021000-7f2e08000000 ---p 00000000 00:00 0 
7f2e08000000-7f2e08021000 rw-p 00000000 00:00 0 
7f2e08021000-7f2e0c000000 ---p 00000000 00:00 0 
7f2e0c000000-7f2e0c021000 rw-p 00000000 00:00 0 
7f2e0c021000-7f2e10000000 ---p 00000000 00:00 0 
7f2e10000000-7f2e10022000 rw-p 00000000 00:00 0 
7f2e10022000-7f2e14000000 ---p 00000000 00:00 0 
7f2e14000000-7f2e1476f000 rw-p 00000000 00:00 0 
7f2e1476f000-7f2e18000000 ---p 00000000 00:00 0 
7f2e18000000-7f2e18021000 rw-p 00000000 00:00 0 
7f2e18021000-7f2e1c000000 ---p 00000000 00:00 0 
7f2e1c000000-7f2e1c021000 rw-p 00000000 00:00 0 
7f2e1c021000-7f2e20000000 ---p 00000000 00:00 0 
7f2e20000000-7f2e20e40000 rw-p 00000000 00:00 0 
7f2e20e40000-7f2e24000000 ---p 00000000 00:00 0 
7f2e24000000-7f2e24021000 rw-p 00000000 00:00 0 
7f2e24021000-7f2e28000000 ---p 00000000 00:00 0 
7f2e28000000-7f2e28021000 rw-p 00000000 00:00 0 
7f2e28021000-7f2e2c000000 ---p 00000000 00:00 0 
7f2e2c000000-7f2e2c021000 rw-p 00000000 00:00 0 
7f2e2c021000-7f2e30000000 ---p 00000000 00:00 0 
7f2e30000000-7f2e30291000 rw-p 00000000 00:00 0 
7f2e30291000-7f2e34000000 ---p 00000000 00:00 0 
7f2e34000000-7f2e34021000 rw-p 00000000 00:00 0 
7f2e34021000-7f2e38000000 ---p 00000000 00:00 0 
7f2e394ef000-7f2e3951f000 r--p 00000000 08:01 6690192                    /usr/share/locale-langpack/uk/LC_MESSAGES/libc.mo
7f2e3951f000-7f2e39522000 ---p 00000000 00:00 0 
7f2e39522000-7f2e39620000 rw-p 00000000 00:00 0 
7f2e39620000-7f2e39623000 ---p 00000000 00:00 0 
7f2e39623000-7f2e39721000 rw-p 00000000 00:00 0 
7f2e39721000-7f2e39724000 ---p 00000000 00:00 0 
7f2e39724000-7f2e39822000 rw-p 00000000 00:00 0 
7f2e39822000-7f2e39825000 ---p 00000000 00:00 0 
7f2e39825000-7f2e39923000 rw-p 00000000 00:00 0 
7f2e39923000-7f2e39926000 ---p 00000000 00:00 0 
7f2e39926000-7f2e39a24000 rw-p 00000000 00:00 0 
7f2e39a2f000-7f2e39a3d000 r--s 000e0000 08:01 1972088                    /home/nicolay/Android/Sdk/build-tools/24.0.2/lib/dx.jar
7f2e39a3d000-7f2e39a3e000 ---p 00000000 00:00 0 
7f2e39a3e000-7f2e39b3e000 rw-p 00000000 00:00 0 
7f2e39b3e000-7f2e39b41000 ---p 00000000 00:00 0 
7f2e39b41000-7f2e39c3f000 rw-p 00000000 00:00 0 
7f2e39c3f000-7f2e39c42000 ---p 00000000 00:00 0 
7f2e39c42000-7f2e39d40000 rw-p 00000000 00:00 0 
7f2e39d40000-7f2e39d43000 ---p 00000000 00:00 0 
7f2e39d43000-7f2e39e41000 rw-p 00000000 00:00 0 
7f2e39e41000-7f2e39e44000 ---p 00000000 00:00 0 
7f2e39e44000-7f2e39f42000 rw-p 00000000 00:00 0 
7f2e39f42000-7f2e3a391000 r--p 00000000 08:01 5905658                    /usr/lib/locale/locale-archive
7f2e3a391000-7f2e3a394000 ---p 00000000 00:00 0 
7f2e3a394000-7f2e3a492000 rw-p 00000000 00:00 0 
7f2e3a492000-7f2e3a495000 ---p 00000000 00:00 0 
7f2e3a495000-7f2e3a593000 rw-p 00000000 00:00 0 
7f2e3a593000-7f2e3a594000 ---p 00000000 00:00 0 
7f2e3a594000-7f2e3d000000 rw-p 00000000 00:00 0 
7f2e3d000000-7f2e3d7c0000 rwxp 00000000 00:00 0 
7f2e3d7c0000-7f2e4c000000 ---p 00000000 00:00 0 
7f2e4c000000-7f2e4c38c000 rw-p 00000000 00:00 0 
7f2e4c38c000-7f2e50000000 ---p 00000000 00:00 0 
7f2e50000000-7f2e50007000 r--s 00000000 08:01 6295117                    /usr/lib/x86_64-linux-gnu/gconv/gconv-modules.cache
7f2e50007000-7f2e501e0000 r--s 03d29000 08:01 6820531                    /usr/lib/jvm/java-8-oracle/jre/lib/rt.jar
7f2e501e0000-7f2e50916000 rw-p 00000000 00:00 0 
7f2e50916000-7f2e50a56000 ---p 00000000 00:00 0 
7f2e50a56000-7f2e50c56000 rw-p 00000000 00:00 0 
7f2e50c56000-7f2e50c57000 ---p 00000000 00:00 0 
7f2e50c57000-7f2e50d57000 rw-p 00000000 00:00 0 
7f2e50d57000-7f2e50d58000 ---p 00000000 00:00 0 
7f2e50d58000-7f2e50e82000 rw-p 00000000 00:00 0 
7f2e50e82000-7f2e50fae000 ---p 00000000 00:00 0 
7f2e50fae000-7f2e50fd8000 rw-p 00000000 00:00 0 
7f2e50fd8000-7f2e51103000 ---p 00000000 00:00 0 
7f2e51103000-7f2e51153000 rw-p 00000000 00:00 0 
7f2e51153000-7f2e511ae000 ---p 00000000 00:00 0 
7f2e511ae000-7f2e511ce000 rw-p 00000000 00:00 0 
7f2e511ce000-7f2e5156f000 ---p 00000000 00:00 0 
7f2e5156f000-7f2e51589000 r-xp 00000000 08:01 6952498                    /usr/lib/jvm/java-8-oracle/jre/lib/amd64/libzip.so
7f2e51589000-7f2e51789000 ---p 0001a000 08:01 6952498                    /usr/lib/jvm/java-8-oracle/jre/lib/amd64/libzip.so
7f2e51789000-7f2e5178a000 rw-p 0001a000 08:01 6952498                    /usr/lib/jvm/java-8-oracle/jre/lib/amd64/libzip.so
7f2e5178a000-7f2e51795000 r-xp 00000000 08:01 5510120                    /lib/x86_64-linux-gnu/libnss_files-2.23.so
7f2e51795000-7f2e51994000 ---p 0000b000 08:01 5510120                    /lib/x86_64-linux-gnu/libnss_files-2.23.so
7f2e51994000-7f2e51995000 r--p 0000a000 08:01 5510120                    /lib/x86_64-linux-gnu/libnss_files-2.23.so
7f2e51995000-7f2e51996000 rw-p 0000b000 08:01 5510120                    /lib/x86_64-linux-gnu/libnss_files-2.23.so
7f2e51996000-7f2e5199c000 rw-p 00000000 00:00 0 
7f2e5199c000-7f2e519a7000 r-xp 00000000 08:01 5510130                    /lib/x86_64-linux-gnu/libnss_nis-2.23.so
7f2e519a7000-7f2e51ba6000 ---p 0000b000 08:01 5510130                    /lib/x86_64-linux-gnu/libnss_nis-2.23.so
7f2e51ba6000-7f2e51ba7000 r--p 0000a000 08:01 5510130                    /lib/x86_64-linux-gnu/libnss_nis-2.23.so
7f2e51ba7000-7f2e51ba8000 rw-p 0000b000 08:01 5510130                    /lib/x86_64-linux-gnu/libnss_nis-2.23.so
7f2e51ba8000-7f2e51bbe000 r-xp 00000000 08:01 5510114                    /lib/x86_64-linux-gnu/libnsl-2.23.so
7f2e51bbe000-7f2e51dbd000 ---p 00016000 08:01 5510114                    /lib/x86_64-linux-gnu/libnsl-2.23.so
7f2e51dbd000-7f2e51dbe000 r--p 00015000 08:01 5510114                    /lib/x86_64-linux-gnu/libnsl-2.23.so
7f2e51dbe000-7f2e51dbf000 rw-p 00016000 08:01 5510114                    /lib/x86_64-linux-gnu/libnsl-2.23.so
7f2e51dbf000-7f2e51dc1000 rw-p 00000000 00:00 0 
7f2e51dc1000-7f2e51dc9000 r-xp 00000000 08:01 5510116                    /lib/x86_64-linux-gnu/libnss_compat-2.23.so
7f2e51dc9000-7f2e51fc8000 ---p 00008000 08:01 5510116                    /lib/x86_64-linux-gnu/libnss_compat-2.23.so
7f2e51fc8000-7f2e51fc9000 r--p 00007000 08:01 5510116                    /lib/x86_64-linux-gnu/libnss_compat-2.23.so
7f2e51fc9000-7f2e51fca000 rw-p 00008000 08:01 5510116                    /lib/x86_64-linux-gnu/libnss_compat-2.23.so
7f2e51fca000-7f2e51ff4000 r-xp 00000000 08:01 6952573                    /usr/lib/jvm/java-8-oracle/jre/lib/amd64/libjava.so
7f2e51ff4000-7f2e521f4000 ---p 0002a000 08:01 6952573                    /usr/lib/jvm/java-8-oracle/jre/lib/amd64/libjava.so
7f2e521f4000-7f2e521f6000 rw-p 0002a000 08:01 6952573                    /usr/lib/jvm/java-8-oracle/jre/lib/amd64/libjava.so
7f2e521f6000-7f2e52203000 r-xp 00000000 08:01 6952467                    /usr/lib/jvm/java-8-oracle/jre/lib/amd64/libverify.so
7f2e52203000-7f2e52403000 ---p 0000d000 08:01 6952467                    /usr/lib/jvm/java-8-oracle/jre/lib/amd64/libverify.so
7f2e52403000-7f2e52405000 rw-p 0000d000 08:01 6952467                    /usr/lib/jvm/java-8-oracle/jre/lib/amd64/libverify.so
7f2e52405000-7f2e5240c000 r-xp 00000000 08:01 5510175                    /lib/x86_64-linux-gnu/librt-2.23.so
7f2e5240c000-7f2e5260b000 ---p 00007000 08:01 5510175                    /lib/x86_64-linux-gnu/librt-2.23.so
7f2e5260b000-7f2e5260c000 r--p 00006000 08:01 5510175                    /lib/x86_64-linux-gnu/librt-2.23.so
7f2e5260c000-7f2e5260d000 rw-p 00007000 08:01 5510175                    /lib/x86_64-linux-gnu/librt-2.23.so
7f2e5260d000-7f2e52715000 r-xp 00000000 08:01 5510091                    /lib/x86_64-linux-gnu/libm-2.23.so
7f2e52715000-7f2e52914000 ---p 00108000 08:01 5510091                    /lib/x86_64-linux-gnu/libm-2.23.so
7f2e52914000-7f2e52915000 r--p 00107000 08:01 5510091                    /lib/x86_64-linux-gnu/libm-2.23.so
7f2e52915000-7f2e52916000 rw-p 00108000 08:01 5510091                    /lib/x86_64-linux-gnu/libm-2.23.so
7f2e52916000-7f2e535e1000 r-xp 00000000 08:01 6952577                    /usr/lib/jvm/java-8-oracle/jre/lib/amd64/server/libjvm.so
7f2e535e1000-7f2e537e0000 ---p 00ccb000 08:01 6952577                    /usr/lib/jvm/java-8-oracle/jre/lib/amd64/server/libjvm.so
7f2e537e0000-7f2e538b9000 rw-p 00cca000 08:01 6952577                    /usr/lib/jvm/java-8-oracle/jre/lib/amd64/server/libjvm.so
7f2e538b9000-7f2e53904000 rw-p 00000000 00:00 0 
7f2e53904000-7f2e53ac4000 r-xp 00000000 08:01 5510021                    /lib/x86_64-linux-gnu/libc-2.23.so
7f2e53ac4000-7f2e53cc3000 ---p 001c0000 08:01 5510021                    /lib/x86_64-linux-gnu/libc-2.23.so
7f2e53cc3000-7f2e53cc7000 r--p 001bf000 08:01 5510021                    /lib/x86_64-linux-gnu/libc-2.23.so
7f2e53cc7000-7f2e53cc9000 rw-p 001c3000 08:01 5510021                    /lib/x86_64-linux-gnu/libc-2.23.so
7f2e53cc9000-7f2e53ccd000 rw-p 00000000 00:00 0 
7f2e53ccd000-7f2e53cd0000 r-xp 00000000 08:01 5510045                    /lib/x86_64-linux-gnu/libdl-2.23.so
7f2e53cd0000-7f2e53ecf000 ---p 00003000 08:01 5510045                    /lib/x86_64-linux-gnu/libdl-2.23.so
7f2e53ecf000-7f2e53ed0000 r--p 00002000 08:01 5510045                    /lib/x86_64-linux-gnu/libdl-2.23.so
7f2e53ed0000-7f2e53ed1000 rw-p 00003000 08:01 5510045                    /lib/x86_64-linux-gnu/libdl-2.23.so
7f2e53ed1000-7f2e53ee6000 r-xp 00000000 08:01 6299453                    /usr/lib/jvm/java-8-oracle/lib/amd64/jli/libjli.so
7f2e53ee6000-7f2e540e6000 ---p 00015000 08:01 6299453                    /usr/lib/jvm/java-8-oracle/lib/amd64/jli/libjli.so
7f2e540e6000-7f2e540e7000 rw-p 00015000 08:01 6299453                    /usr/lib/jvm/java-8-oracle/lib/amd64/jli/libjli.so
7f2e540e7000-7f2e540ff000 r-xp 00000000 08:01 5510167                    /lib/x86_64-linux-gnu/libpthread-2.23.so
7f2e540ff000-7f2e542fe000 ---p 00018000 08:01 5510167                    /lib/x86_64-linux-gnu/libpthread-2.23.so
7f2e542fe000-7f2e542ff000 r--p 00017000 08:01 5510167                    /lib/x86_64-linux-gnu/libpthread-2.23.so
7f2e542ff000-7f2e54300000 rw-p 00018000 08:01 5510167                    /lib/x86_64-linux-gnu/libpthread-2.23.so
7f2e54300000-7f2e54304000 rw-p 00000000 00:00 0 
7f2e54304000-7f2e5432a000 r-xp 00000000 08:01 5509993                    /lib/x86_64-linux-gnu/ld-2.23.so
7f2e5432c000-7f2e543fe000 rw-p 00000000 00:00 0 
7f2e543fe000-7f2e54401000 ---p 00000000 00:00 0 
7f2e54401000-7f2e54503000 rw-p 00000000 00:00 0 
7f2e54509000-7f2e5451d000 rw-p 00000000 00:00 0 
7f2e5451d000-7f2e54525000 rw-s 00000000 08:01 2756339                    /tmp/hsperfdata_nicolay/12963
7f2e54525000-7f2e54526000 rw-p 00000000 00:00 0 
7f2e54526000-7f2e54527000 ---p 00000000 00:00 0 
7f2e54527000-7f2e54529000 rw-p 00000000 00:00 0 
7f2e54529000-7f2e5452a000 r--p 00025000 08:01 5509993                    /lib/x86_64-linux-gnu/ld-2.23.so
7f2e5452a000-7f2e5452b000 rw-p 00026000 08:01 5509993                    /lib/x86_64-linux-gnu/ld-2.23.so
7f2e5452b000-7f2e5452c000 rw-p 00000000 00:00 0 
7fffd1c9c000-7fffd1cbd000 rw-p 00000000 00:00 0                          [stack]
7fffd1d96000-7fffd1d98000 r--p 00000000 00:00 0                          [vvar]
7fffd1d98000-7fffd1d9a000 r-xp 00000000 00:00 0                          [vdso]
ffffffffff600000-ffffffffff601000 r-xp 00000000 00:00 0                  [vsyscall]

VM Arguments:
jvm_args: -Djava.awt.headless=true -Xmx1024M -Dfile.encoding=UTF-8 -Duser.country=UA -Duser.language=uk -Duser.variant 
java_command: com.android.dx.command.Main --dex --force-jumbo --num-threads=4 --multi-dex --output /home/nicolay/AndroidStudioProjects/BetOn/app/build/intermediates/transforms/dex/debug/folders/1000/10/com.android.support-appcompat-v7-24.2.1_c3179b9bf70886f7899627cad8501bd14a707d8c /home/nicolay/AndroidStudioProjects/BetOn/app/build/intermediates/exploded-aar/com.android.support/appcompat-v7/24.2.1/jars/classes.jar
java_class_path (initial): /home/nicolay/Android/Sdk/build-tools/24.0.2/lib/dx.jar
Launcher Type: SUN_STANDARD

Environment Variables:
PATH=/usr/local/sbin:/usr/local/bin:/usr/sbin:/usr/bin:/sbin:/bin:/usr/games:/usr/local/games
USERNAME=nicolay
LD_LIBRARY_PATH=/home/nicolay/android-studio/bin:
SHELL=/bin/bash
DISPLAY=:0

Signal Handlers:
SIGSEGV: [libjvm.so+0xac4790], sa_mask[0]=11111111011111111101111111111110, sa_flags=SA_RESTART|SA_SIGINFO
SIGBUS: [libjvm.so+0xac4790], sa_mask[0]=11111111011111111101111111111110, sa_flags=SA_RESTART|SA_SIGINFO
SIGFPE: [libjvm.so+0x91f140], sa_mask[0]=11111111011111111101111111111110, sa_flags=SA_RESTART|SA_SIGINFO
SIGPIPE: [libjvm.so+0x91f140], sa_mask[0]=11111111011111111101111111111110, sa_flags=SA_RESTART|SA_SIGINFO
SIGXFSZ: [libjvm.so+0x91f140], sa_mask[0]=11111111011111111101111111111110, sa_flags=SA_RESTART|SA_SIGINFO
SIGILL: [libjvm.so+0x91f140], sa_mask[0]=11111111011111111101111111111110, sa_flags=SA_RESTART|SA_SIGINFO
SIGUSR1: SIG_DFL, sa_mask[0]=00000000000000000000000000000000, sa_flags=none
SIGUSR2: [libjvm.so+0x920770], sa_mask[0]=00100000000000000000000000000000, sa_flags=SA_RESTART|SA_SIGINFO
SIGHUP: [libjvm.so+0x921b70], sa_mask[0]=11111111011111111101111111111110, sa_flags=SA_RESTART|SA_SIGINFO
SIGINT: [libjvm.so+0x921b70], sa_mask[0]=11111111011111111101111111111110, sa_flags=SA_RESTART|SA_SIGINFO
SIGTERM: [libjvm.so+0x921b70], sa_mask[0]=11111111011111111101111111111110, sa_flags=SA_RESTART|SA_SIGINFO
SIGQUIT: [libjvm.so+0x921b70], sa_mask[0]=11111111011111111101111111111110, sa_flags=SA_RESTART|SA_SIGINFO


---------------  S Y S T E M  ---------------

OS:DISTRIB_ID=LinuxMint
DISTRIB_RELEASE=18
DISTRIB_CODENAME=sarah
DISTRIB_DESCRIPTION="Linux Mint 18 Sarah"

uname:Linux 4.4.0-36-generic #55-Ubuntu SMP Thu Aug 11 18:01:55 UTC 2016 x86_64
libc:glibc 2.23 NPTL 2.23 
rlimit: STACK 8192k, CORE 0k, NPROC 31248, NOFILE 65536, AS infinity
load average:27,80 9,64 4,23

/proc/meminfo:
MemTotal:        8040772 kB
MemFree:          386856 kB
MemAvailable:     297296 kB
Buffers:             668 kB
Cached:          1229644 kB
SwapCached:            0 kB
Active:          6395528 kB
Inactive:        1055644 kB
Active(anon):    6390124 kB
Inactive(anon):  1009144 kB
Active(file):       5404 kB
Inactive(file):    46500 kB
Unevictable:          32 kB
Mlocked:              32 kB
SwapTotal:             0 kB
SwapFree:              0 kB
Dirty:               320 kB
Writeback:            44 kB
AnonPages:       6221364 kB
Mapped:           522080 kB
Shmem:           1177976 kB
Slab:              80488 kB
SReclaimable:      42948 kB
SUnreclaim:        37540 kB
KernelStack:       10672 kB
PageTables:        42404 kB
NFS_Unstable:          0 kB
Bounce:                0 kB
WritebackTmp:          0 kB
CommitLimit:     4020384 kB
Committed_AS:   10727516 kB
VmallocTotal:   34359738367 kB
VmallocUsed:           0 kB
VmallocChunk:          0 kB
HardwareCorrupted:     0 kB
AnonHugePages:   4591616 kB
CmaTotal:              0 kB
CmaFree:               0 kB
HugePages_Total:       0
HugePages_Free:        0
HugePages_Rsvd:        0
HugePages_Surp:        0
Hugepagesize:       2048 kB
DirectMap4k:      126200 kB
DirectMap2M:     8128512 kB


CPU:total 2 (2 cores per cpu, 1 threads per core) family 6 model 58 stepping 9, cmov, cx8, fxsr, mmx, sse, sse2, sse3, ssse3, sse4.1, sse4.2, popcnt, clmul, erms, tsc, tscinvbit, tscinv

/proc/cpuinfo:
processor	: 0
vendor_id	: GenuineIntel
cpu family	: 6
model		: 58
model name	: Intel(R) Pentium(R) CPU 2020M @ 2.40GHz
stepping	: 9
microcode	: 0x15
cpu MHz		: 2399.906
cache size	: 2048 KB
physical id	: 0
siblings	: 2
core id		: 0
cpu cores	: 2
apicid		: 0
initial apicid	: 0
fpu		: yes
fpu_exception	: yes
cpuid level	: 13
wp		: yes
flags		: fpu vme de pse tsc msr pae mce cx8 apic sep mtrr pge mca cmov pat pse36 clflush dts acpi mmx fxsr sse sse2 ss ht tm pbe syscall nx rdtscp lm constant_tsc arch_perfmon pebs bts rep_good nopl xtopology nonstop_tsc aperfmperf eagerfpu pni pclmulqdq dtes64 monitor ds_cpl vmx est tm2 ssse3 cx16 xtpr pdcm pcid sse4_1 sse4_2 x2apic popcnt tsc_deadline_timer xsave lahf_lm epb tpr_shadow vnmi flexpriority ept vpid fsgsbase smep erms xsaveopt dtherm arat pln pts
bugs		:
bogomips	: 4789.28
clflush size	: 64
cache_alignment	: 64
address sizes	: 36 bits physical, 48 bits virtual
power management:

processor	: 1
vendor_id	: GenuineIntel
cpu family	: 6
model		: 58
model name	: Intel(R) Pentium(R) CPU 2020M @ 2.40GHz
stepping	: 9
microcode	: 0x15
cpu MHz		: 2400.000
cache size	: 2048 KB
physical id	: 0
siblings	: 2
core id		: 1
cpu cores	: 2
apicid		: 2
initial apicid	: 2
fpu		: yes
fpu_exception	: yes
cpuid level	: 13
wp		: yes
flags		: fpu vme de pse tsc msr pae mce cx8 apic sep mtrr pge mca cmov pat pse36 clflush dts acpi mmx fxsr sse sse2 ss ht tm pbe syscall nx rdtscp lm constant_tsc arch_perfmon pebs bts rep_good nopl xtopology nonstop_tsc aperfmperf eagerfpu pni pclmulqdq dtes64 monitor ds_cpl vmx est tm2 ssse3 cx16 xtpr pdcm pcid sse4_1 sse4_2 x2apic popcnt tsc_deadline_timer xsave lahf_lm epb tpr_shadow vnmi flexpriority ept vpid fsgsbase smep erms xsaveopt dtherm arat pln pts
bugs		:
bogomips	: 4789.28
clflush size	: 64
cache_alignment	: 64
address sizes	: 36 bits physical, 48 bits virtual
power management:



Memory: 4k page, physical 8040772k(386856k free), swap 0k(0k free)

vm_info: Java HotSpot(TM) 64-Bit Server VM (25.101-b13) for linux-amd64 JRE (1.8.0_101-b13), built on Jun 22 2016 02:59:44 by "java_re" with gcc 4.3.0 20080428 (Red Hat 4.3.0-8)

time: Sat Sep 24 22:43:39 2016
elapsed time: 85 seconds (0d 0h 1m 25s)

