#
# There is insufficient memory for the Java Runtime Environment to continue.
# Native memory allocation (mmap) failed to map 175112192 bytes for committing reserved memory.
# Possible reasons:
#   The system is out of physical RAM or swap space
#   In 32 bit mode, the process size limit was hit
# Possible solutions:
#   Reduce memory load on the system
#   Increase physical memory or swap space
#   Check if swap backing store is full
#   Use 64 bit Java on a 64 bit OS
#   Decrease Java heap size (-Xmx/-Xms)
#   Decrease number of Java threads
#   Decrease Java thread stack sizes (-Xss)
#   Set larger code cache with -XX:ReservedCodeCacheSize=
# This output file may be truncated or incomplete.
#
#  Out of Memory Error (os_linux.cpp:2627), pid=12889, tid=0x00007f5bff9f9700
#
# JRE version: Java(TM) SE Runtime Environment (8.0_101-b13) (build 1.8.0_101-b13)
# Java VM: Java HotSpot(TM) 64-Bit Server VM (25.101-b13 mixed mode linux-amd64 compressed oops)
# Failed to write core dump. Core dumps have been disabled. To enable core dumping, try "ulimit -c unlimited" before starting Java again
#

---------------  T H R E A D  ---------------

Current thread (0x00007f5c14073800):  VMThread [stack: 0x00007f5bff8f9000,0x00007f5bff9fa000] [id=12901]

Stack: [0x00007f5bff8f9000,0x00007f5bff9fa000],  sp=0x00007f5bff9f81a0,  free space=1020k
Native frames: (J=compiled Java code, j=interpreted, Vv=VM code, C=native code)
V  [libjvm.so+0xac3f0a]  VMError::report_and_die()+0x2ba
V  [libjvm.so+0x4fbf9b]  report_vm_out_of_memory(char const*, int, unsigned long, VMErrorType, char const*)+0x8b
V  [libjvm.so+0x9222d3]  os::Linux::commit_memory_impl(char*, unsigned long, bool)+0x103
V  [libjvm.so+0x922829]  os::pd_commit_memory(char*, unsigned long, unsigned long, bool)+0x29
V  [libjvm.so+0x91cb2a]  os::commit_memory(char*, unsigned long, unsigned long, bool)+0x2a
V  [libjvm.so+0x991053]  PSVirtualSpace::expand_by(unsigned long)+0x53
V  [libjvm.so+0x992458]  PSYoungGen::resize_generation(unsigned long, unsigned long)+0xf8
V  [libjvm.so+0x9915b2]  PSYoungGen::resize(unsigned long, unsigned long)+0x22
V  [libjvm.so+0x98e88b]  PSScavenge::invoke_no_policy()+0xf3b
V  [libjvm.so+0x98f011]  PSScavenge::invoke()+0x41
V  [libjvm.so+0x945fc0]  ParallelScavengeHeap::failed_mem_allocate(unsigned long)+0x70
V  [libjvm.so+0xac5927]  VM_ParallelGCFailedAllocation::doit()+0x97
V  [libjvm.so+0xacd405]  VM_Operation::evaluate()+0x55
V  [libjvm.so+0xacb7da]  VMThread::evaluate_operation(VM_Operation*)+0xba
V  [libjvm.so+0xacbb5e]  VMThread::loop()+0x1ce
V  [libjvm.so+0xacbfd0]  VMThread::run()+0x70
V  [libjvm.so+0x924698]  java_start(Thread*)+0x108

VM_Operation (0x00007f5bfe99cc70): ParallelGCFailedAllocation, mode: safepoint, requested by thread 0x00007f5c1412d000


---------------  P R O C E S S  ---------------

Java Threads: ( => current thread )
  0x00007f5c1412d000 JavaThread "pool-2-thread-4" [_thread_blocked, id=12914, stack(0x00007f5bfe89e000,0x00007f5bfe99f000)]
  0x00007f5c14125000 JavaThread "pool-2-thread-3" [_thread_blocked, id=12912, stack(0x00007f5bfe99f000,0x00007f5bfeaa0000)]
  0x00007f5c1411f800 JavaThread "pool-2-thread-2" [_thread_blocked, id=12911, stack(0x00007f5bfeaa0000,0x00007f5bfeba1000)]
  0x00007f5c14116000 JavaThread "pool-3-thread-1" [_thread_blocked, id=12910, stack(0x00007f5bfeba1000,0x00007f5bfeca2000)]
  0x00007f5c14113800 JavaThread "pool-2-thread-1" [_thread_blocked, id=12909, stack(0x00007f5bfeca2000,0x00007f5bfeda3000)]
  0x00007f5c140ba000 JavaThread "Service Thread" daemon [_thread_blocked, id=12907, stack(0x00007f5bfeea4000,0x00007f5bfefa5000)]
  0x00007f5c140b7800 JavaThread "C1 CompilerThread1" daemon [_thread_blocked, id=12906, stack(0x00007f5bfefa5000,0x00007f5bff0a6000)]
  0x00007f5c140b4800 JavaThread "C2 CompilerThread0" daemon [_thread_blocked, id=12905, stack(0x00007f5bff0a6000,0x00007f5bff1a7000)]
  0x00007f5c140b3000 JavaThread "Signal Dispatcher" daemon [_thread_blocked, id=12904, stack(0x00007f5bff1a7000,0x00007f5bff2a8000)]
  0x00007f5c14080000 JavaThread "Finalizer" daemon [_thread_blocked, id=12903, stack(0x00007f5bff6f7000,0x00007f5bff7f8000)]
  0x00007f5c1407b800 JavaThread "Reference Handler" daemon [_thread_blocked, id=12902, stack(0x00007f5bff7f8000,0x00007f5bff8f9000)]
  0x00007f5c1400a000 JavaThread "main" [_thread_blocked, id=12892, stack(0x00007f5c1d7cf000,0x00007f5c1d8d0000)]

Other Threads:
=>0x00007f5c14073800 VMThread [stack: 0x00007f5bff8f9000,0x00007f5bff9fa000] [id=12901]
  0x00007f5c140bd000 WatcherThread [stack: 0x00007f5bfeda3000,0x00007f5bfeea4000] [id=12908]

VM state:at safepoint (normal execution)

VM Mutex/Monitor currently owned by a thread:  ([mutex/lock_event])
[0x00007f5c14006490] Threads_lock - owner thread: 0x00007f5c14073800
[0x00007f5c14006990] Heap_lock - owner thread: 0x00007f5c1412d000

Heap:
 PSYoungGen      total 132096K, used 5106K [0x00000000eab00000, 0x00000000f3100000, 0x0000000100000000)
  eden space 126976K, 0% used [0x00000000eab00000,0x00000000eab00000,0x00000000f2700000)
  from space 5120K, 99% used [0x00000000f2700000,0x00000000f2bfc8b8,0x00000000f2c00000)
  to   space 5120K, 0% used [0x00000000f2c00000,0x00000000f2c00000,0x00000000f3100000)
 ParOldGen       total 84992K, used 54438K [0x00000000c0000000, 0x00000000c5300000, 0x00000000eab00000)
  object space 84992K, 64% used [0x00000000c0000000,0x00000000c3529940,0x00000000c5300000)
 Metaspace       used 5783K, capacity 6960K, committed 7040K, reserved 1056768K
  class space    used 568K, capacity 616K, committed 640K, reserved 1048576K

Card table byte_map: [0x00007f5c1a37f000,0x00007f5c1a580000] byte_map_base: 0x00007f5c19d7f000

Marking Bits: (ParMarkBitMap*) 0x00007f5c1cca8120
 Begin Bits: [0x00007f5c18027000, 0x00007f5c19027000)
 End Bits:   [0x00007f5c19027000, 0x00007f5c1a027000)

Polling page: 0x00007f5c1d8f7000

CodeCache: size=245760Kb used=6148Kb max_used=6148Kb free=239611Kb
 bounds [0x00007f5c05000000, 0x00007f5c05610000, 0x00007f5c14000000]
 total_blobs=1690 nmethods=1430 adapters=175
 compilation: enabled

Compilation events (10 events):
Event: 6,380 Thread 0x00007f5c140b7800 1593       3       com.android.dx.ssa.back.SsaToRop::convertBasicBlocks (151 bytes)
Event: 6,382 Thread 0x00007f5c140b7800 nmethod 1593 0x00007f5c055ff090 code [0x00007f5c055ff3a0, 0x00007f5c05600c78]
Event: 6,389 Thread 0x00007f5c140b7800 1594 %     3       com.android.dx.ssa.PhiInsn::mapSourceRegisters @ 8 (78 bytes)
Event: 6,390 Thread 0x00007f5c140b7800 nmethod 1594% 0x00007f5c05601a50 code [0x00007f5c05601c40, 0x00007f5c056026b8]
Event: 6,390 Thread 0x00007f5c140b7800 1595       3       com.android.dx.ssa.PhiInsn::mapSourceRegisters (78 bytes)
Event: 6,391 Thread 0x00007f5c140b7800 nmethod 1595 0x00007f5c05602b10 code [0x00007f5c05602d00, 0x00007f5c056036a8]
Event: 6,407 Thread 0x00007f5c140b7800 1596       2       java.util.Vector::grow (57 bytes)
Event: 6,408 Thread 0x00007f5c140b7800 nmethod 1596 0x00007f5c055e6710 code [0x00007f5c055e68a0, 0x00007f5c055e6b38]
Event: 6,412 Thread 0x00007f5c140b7800 1597       2       com.android.dx.cf.code.BytecodeArray::parseLookupswitch (175 bytes)
Event: 6,413 Thread 0x00007f5c140b7800 nmethod 1597 0x00007f5c05603ad0 code [0x00007f5c05603d00, 0x00007f5c05604488]

GC Heap History (9 events):
Event: 1,949 GC heap before
{Heap before GC invocations=1 (full 0):
 PSYoungGen      total 36864K, used 31744K [0x00000000eab00000, 0x00000000ed400000, 0x0000000100000000)
  eden space 31744K, 100% used [0x00000000eab00000,0x00000000eca00000,0x00000000eca00000)
  from space 5120K, 0% used [0x00000000ecf00000,0x00000000ecf00000,0x00000000ed400000)
  to   space 5120K, 0% used [0x00000000eca00000,0x00000000eca00000,0x00000000ecf00000)
 ParOldGen       total 84992K, used 0K [0x00000000c0000000, 0x00000000c5300000, 0x00000000eab00000)
  object space 84992K, 0% used [0x00000000c0000000,0x00000000c0000000,0x00000000c5300000)
 Metaspace       used 5425K, capacity 6640K, committed 6784K, reserved 1056768K
  class space    used 565K, capacity 616K, committed 640K, reserved 1048576K
Event: 1,975 GC heap after
Heap after GC invocations=1 (full 0):
 PSYoungGen      total 36864K, used 5106K [0x00000000eab00000, 0x00000000ef300000, 0x0000000100000000)
  eden space 31744K, 0% used [0x00000000eab00000,0x00000000eab00000,0x00000000eca00000)
  from space 5120K, 99% used [0x00000000eca00000,0x00000000ecefc848,0x00000000ecf00000)
  to   space 5120K, 0% used [0x00000000eee00000,0x00000000eee00000,0x00000000ef300000)
 ParOldGen       total 84992K, used 3527K [0x00000000c0000000, 0x00000000c5300000, 0x00000000eab00000)
  object space 84992K, 4% used [0x00000000c0000000,0x00000000c0371c80,0x00000000c5300000)
 Metaspace       used 5425K, capacity 6640K, committed 6784K, reserved 1056768K
  class space    used 565K, capacity 616K, committed 640K, reserved 1048576K
}
Event: 2,607 GC heap before
{Heap before GC invocations=2 (full 0):
 PSYoungGen      total 36864K, used 36850K [0x00000000eab00000, 0x00000000ef300000, 0x0000000100000000)
  eden space 31744K, 100% used [0x00000000eab00000,0x00000000eca00000,0x00000000eca00000)
  from space 5120K, 99% used [0x00000000eca00000,0x00000000ecefc848,0x00000000ecf00000)
  to   space 5120K, 0% used [0x00000000eee00000,0x00000000eee00000,0x00000000ef300000)
 ParOldGen       total 84992K, used 3527K [0x00000000c0000000, 0x00000000c5300000, 0x00000000eab00000)
  object space 84992K, 4% used [0x00000000c0000000,0x00000000c0371c80,0x00000000c5300000)
 Metaspace       used 5539K, capacity 6768K, committed 7040K, reserved 1056768K
  class space    used 566K, capacity 616K, committed 640K, reserved 1048576K
Event: 2,712 GC heap after
Heap after GC invocations=2 (full 0):
 PSYoungGen      total 68608K, used 5101K [0x00000000eab00000, 0x00000000ef300000, 0x0000000100000000)
  eden space 63488K, 0% used [0x00000000eab00000,0x00000000eab00000,0x00000000ee900000)
  from space 5120K, 99% used [0x00000000eee00000,0x00000000ef2fb4a0,0x00000000ef300000)
  to   space 5120K, 0% used [0x00000000ee900000,0x00000000ee900000,0x00000000eee00000)
 ParOldGen       total 84992K, used 10832K [0x00000000c0000000, 0x00000000c5300000, 0x00000000eab00000)
  object space 84992K, 12% used [0x00000000c0000000,0x00000000c0a940a8,0x00000000c5300000)
 Metaspace       used 5539K, capacity 6768K, committed 7040K, reserved 1056768K
  class space    used 566K, capacity 616K, committed 640K, reserved 1048576K
}
Event: 3,525 GC heap before
{Heap before GC invocations=3 (full 0):
 PSYoungGen      total 68608K, used 68589K [0x00000000eab00000, 0x00000000ef300000, 0x0000000100000000)
  eden space 63488K, 100% used [0x00000000eab00000,0x00000000ee900000,0x00000000ee900000)
  from space 5120K, 99% used [0x00000000eee00000,0x00000000ef2fb4a0,0x00000000ef300000)
  to   space 5120K, 0% used [0x00000000ee900000,0x00000000ee900000,0x00000000eee00000)
 ParOldGen       total 84992K, used 10832K [0x00000000c0000000, 0x00000000c5300000, 0x00000000eab00000)
  object space 84992K, 12% used [0x00000000c0000000,0x00000000c0a940a8,0x00000000c5300000)
 Metaspace       used 5615K, capacity 6832K, committed 7040K, reserved 1056768K
  class space    used 567K, capacity 616K, committed 640K, reserved 1048576K
Event: 3,663 GC heap after
Heap after GC invocations=3 (full 0):
 PSYoungGen      total 68608K, used 5107K [0x00000000eab00000, 0x00000000f3100000, 0x0000000100000000)
  eden space 63488K, 0% used [0x00000000eab00000,0x00000000eab00000,0x00000000ee900000)
  from space 5120K, 99% used [0x00000000ee900000,0x00000000eedfcc78,0x00000000eee00000)
  to   space 5120K, 0% used [0x00000000f2c00000,0x00000000f2c00000,0x00000000f3100000)
 ParOldGen       total 84992K, used 22936K [0x00000000c0000000, 0x00000000c5300000, 0x00000000eab00000)
  object space 84992K, 26% used [0x00000000c0000000,0x00000000c16661d8,0x00000000c5300000)
 Metaspace       used 5615K, capacity 6832K, committed 7040K, reserved 1056768K
  class space    used 567K, capacity 616K, committed 640K, reserved 1048576K
}
Event: 4,543 GC heap before
{Heap before GC invocations=4 (full 0):
 PSYoungGen      total 68608K, used 68595K [0x00000000eab00000, 0x00000000f3100000, 0x0000000100000000)
  eden space 63488K, 100% used [0x00000000eab00000,0x00000000ee900000,0x00000000ee900000)
  from space 5120K, 99% used [0x00000000ee900000,0x00000000eedfcc78,0x00000000eee00000)
  to   space 5120K, 0% used [0x00000000f2c00000,0x00000000f2c00000,0x00000000f3100000)
 ParOldGen       total 84992K, used 22936K [0x00000000c0000000, 0x00000000c5300000, 0x00000000eab00000)
  object space 84992K, 26% used [0x00000000c0000000,0x00000000c16661d8,0x00000000c5300000)
 Metaspace       used 5722K, capacity 6896K, committed 7040K, reserved 1056768K
  class space    used 567K, capacity 616K, committed 640K, reserved 1048576K
Event: 4,691 GC heap after
Heap after GC invocations=4 (full 0):
 PSYoungGen      total 132096K, used 5090K [0x00000000eab00000, 0x00000000f3100000, 0x0000000100000000)
  eden space 126976K, 0% used [0x00000000eab00000,0x00000000eab00000,0x00000000f2700000)
  from space 5120K, 99% used [0x00000000f2c00000,0x00000000f30f8810,0x00000000f3100000)
  to   space 5120K, 0% used [0x00000000f2700000,0x00000000f2700000,0x00000000f2c00000)
 ParOldGen       total 84992K, used 33594K [0x00000000c0000000, 0x00000000c5300000, 0x00000000eab00000)
  object space 84992K, 39% used [0x00000000c0000000,0x00000000c20ce838,0x00000000c5300000)
 Metaspace       used 5722K, capacity 6896K, committed 7040K, reserved 1056768K
  class space    used 567K, capacity 616K, committed 640K, reserved 1048576K
}
Event: 6,414 GC heap before
{Heap before GC invocations=5 (full 0):
 PSYoungGen      total 132096K, used 132066K [0x00000000eab00000, 0x00000000f3100000, 0x0000000100000000)
  eden space 126976K, 100% used [0x00000000eab00000,0x00000000f2700000,0x00000000f2700000)
  from space 5120K, 99% used [0x00000000f2c00000,0x00000000f30f8810,0x00000000f3100000)
  to   space 5120K, 0% used [0x00000000f2700000,0x00000000f2700000,0x00000000f2c00000)
 ParOldGen       total 84992K, used 33594K [0x00000000c0000000, 0x00000000c5300000, 0x00000000eab00000)
  object space 84992K, 39% used [0x00000000c0000000,0x00000000c20ce838,0x00000000c5300000)
 Metaspace       used 5783K, capacity 6960K, committed 7040K, reserved 1056768K
  class space    used 568K, capacity 616K, committed 640K, reserved 1048576K

Deoptimization events (10 events):
Event: 0,565 Thread 0x00007f5c1400a000 Uncommon trap: reason=unstable_if action=reinterpret pc=0x00007f5c0513ec04 method=java.lang.String.indexOf(II)I @ 49
Event: 5,411 Thread 0x00007f5c1400a000 Uncommon trap: reason=unstable_if action=reinterpret pc=0x00007f5c0540b958 method=com.android.dx.rop.code.RegisterSpec.equals(ILcom/android/dx/rop/type/TypeBearer;Lcom/android/dx/rop/code/LocalItem;)Z @ 16
Event: 5,831 Thread 0x00007f5c1400a000 Uncommon trap: reason=class_check action=maybe_recompile pc=0x00007f5c054c85d8 method=com.android.dx.ssa.NormalSsaInsn.accept(Lcom/android/dx/ssa/SsaInsn$Visitor;)V @ 9
Event: 5,831 Thread 0x00007f5c1400a000 Uncommon trap: reason=class_check action=maybe_recompile pc=0x00007f5c054c85d8 method=com.android.dx.ssa.NormalSsaInsn.accept(Lcom/android/dx/ssa/SsaInsn$Visitor;)V @ 9
Event: 5,831 Thread 0x00007f5c1400a000 Uncommon trap: reason=class_check action=maybe_recompile pc=0x00007f5c054c85d8 method=com.android.dx.ssa.NormalSsaInsn.accept(Lcom/android/dx/ssa/SsaInsn$Visitor;)V @ 9
Event: 5,831 Thread 0x00007f5c1400a000 Uncommon trap: reason=class_check action=maybe_recompile pc=0x00007f5c054c85d8 method=com.android.dx.ssa.NormalSsaInsn.accept(Lcom/android/dx/ssa/SsaInsn$Visitor;)V @ 9
Event: 6,349 Thread 0x00007f5c1400a000 Uncommon trap: reason=bimorphic action=maybe_recompile pc=0x00007f5c055ef29c method=com.android.dx.ssa.NormalSsaInsn.accept(Lcom/android/dx/ssa/SsaInsn$Visitor;)V @ 9
Event: 6,349 Thread 0x00007f5c1400a000 Uncommon trap: reason=bimorphic action=maybe_recompile pc=0x00007f5c055ef29c method=com.android.dx.ssa.NormalSsaInsn.accept(Lcom/android/dx/ssa/SsaInsn$Visitor;)V @ 9
Event: 6,349 Thread 0x00007f5c1400a000 Uncommon trap: reason=bimorphic action=maybe_recompile pc=0x00007f5c055ef29c method=com.android.dx.ssa.NormalSsaInsn.accept(Lcom/android/dx/ssa/SsaInsn$Visitor;)V @ 9
Event: 6,349 Thread 0x00007f5c1400a000 Uncommon trap: reason=bimorphic action=maybe_recompile pc=0x00007f5c055ef29c method=com.android.dx.ssa.NormalSsaInsn.accept(Lcom/android/dx/ssa/SsaInsn$Visitor;)V @ 9

Internal exceptions (2 events):
Event: 0,069 Thread 0x00007f5c1400a000 Exception <a 'java/lang/NoSuchMethodError': Method sun.misc.Unsafe.defineClass(Ljava/lang/String;[BII)Ljava/lang/Class; name or signature does not match> (0x00000000eab07cc0) thrown at [/HUDSON3/workspace/8-2-build-linux-amd64/jdk8u101/7261/hotspot/src/sh
Event: 0,069 Thread 0x00007f5c1400a000 Exception <a 'java/lang/NoSuchMethodError': Method sun.misc.Unsafe.prefetchRead(Ljava/lang/Object;J)V name or signature does not match> (0x00000000eab07fa8) thrown at [/HUDSON3/workspace/8-2-build-linux-amd64/jdk8u101/7261/hotspot/src/share/vm/prims/jni.c

Events (10 events):
Event: 6,351 Thread 0x00007f5c1400a000 DEOPT UNPACKING pc=0x00007f5c05047233 sp=0x00007f5c1d8cd1d0 mode 0
Event: 6,365 Thread 0x00007f5c1400a000 DEOPT PACKING pc=0x00007f5c054af96b sp=0x00007f5c1d8cd440
Event: 6,365 Thread 0x00007f5c1400a000 DEOPT UNPACKING pc=0x00007f5c05047233 sp=0x00007f5c1d8cd228 mode 0
Event: 6,376 Thread 0x00007f5c1412d000 DEOPT PACKING pc=0x00007f5c054b7149 sp=0x00007f5bfe99cd00
Event: 6,376 Thread 0x00007f5c1412d000 DEOPT UNPACKING pc=0x00007f5c05047233 sp=0x00007f5bfe99cb40 mode 0
Event: 6,382 Thread 0x00007f5c1400a000 DEOPT PACKING pc=0x00007f5c054b2cd3 sp=0x00007f5c1d8cd420
Event: 6,382 Thread 0x00007f5c1400a000 DEOPT UNPACKING pc=0x00007f5c05047233 sp=0x00007f5c1d8cd1f8 mode 0
Event: 6,391 Thread 0x00007f5c1412d000 DEOPT PACKING pc=0x00007f5c053f2b38 sp=0x00007f5bfe99cc70
Event: 6,391 Thread 0x00007f5c1412d000 DEOPT UNPACKING pc=0x00007f5c05047233 sp=0x00007f5bfe99ca28 mode 0
Event: 6,414 Executing VM operation: ParallelGCFailedAllocation


Dynamic libraries:
00400000-00401000 r-xp 00000000 08:01 6690857                            /usr/lib/jvm/java-8-oracle/bin/java
00600000-00601000 rw-p 00000000 08:01 6690857                            /usr/lib/jvm/java-8-oracle/bin/java
0067d000-0069e000 rw-p 00000000 00:00 0                                  [heap]
c0000000-c5300000 rw-p 00000000 00:00 0 
c5300000-eab00000 ---p 00000000 00:00 0 
eab00000-f3100000 rw-p 00000000 00:00 0 
fd800000-100000000 ---p 00000000 00:00 0 
100000000-1000a0000 rw-p 00000000 00:00 0 
1000a0000-140000000 ---p 00000000 00:00 0 
7f5bc4000000-7f5bc4087000 rw-p 00000000 00:00 0 
7f5bc4087000-7f5bc8000000 ---p 00000000 00:00 0 
7f5bcc000000-7f5bcc021000 rw-p 00000000 00:00 0 
7f5bcc021000-7f5bd0000000 ---p 00000000 00:00 0 
7f5bd0000000-7f5bd006d000 rw-p 00000000 00:00 0 
7f5bd006d000-7f5bd4000000 ---p 00000000 00:00 0 
7f5bd4000000-7f5bd4021000 rw-p 00000000 00:00 0 
7f5bd4021000-7f5bd8000000 ---p 00000000 00:00 0 
7f5bd8000000-7f5bd803c000 rw-p 00000000 00:00 0 
7f5bd803c000-7f5bdc000000 ---p 00000000 00:00 0 
7f5bdc000000-7f5bdce46000 rw-p 00000000 00:00 0 
7f5bdce46000-7f5be0000000 ---p 00000000 00:00 0 
7f5be0000000-7f5be0021000 rw-p 00000000 00:00 0 
7f5be0021000-7f5be4000000 ---p 00000000 00:00 0 
7f5be4000000-7f5be4021000 rw-p 00000000 00:00 0 
7f5be4021000-7f5be8000000 ---p 00000000 00:00 0 
7f5be8000000-7f5be9213000 rw-p 00000000 00:00 0 
7f5be9213000-7f5bec000000 ---p 00000000 00:00 0 
7f5bec000000-7f5bec021000 rw-p 00000000 00:00 0 
7f5bec021000-7f5bf0000000 ---p 00000000 00:00 0 
7f5bf0000000-7f5bf0021000 rw-p 00000000 00:00 0 
7f5bf0021000-7f5bf4000000 ---p 00000000 00:00 0 
7f5bf4000000-7f5bf4291000 rw-p 00000000 00:00 0 
7f5bf4291000-7f5bf8000000 ---p 00000000 00:00 0 
7f5bf8000000-7f5bf8021000 rw-p 00000000 00:00 0 
7f5bf8021000-7f5bfc000000 ---p 00000000 00:00 0 
7f5bfe89e000-7f5bfe8a1000 ---p 00000000 00:00 0 
7f5bfe8a1000-7f5bfe99f000 rw-p 00000000 00:00 0 
7f5bfe99f000-7f5bfe9a2000 ---p 00000000 00:00 0 
7f5bfe9a2000-7f5bfeaa0000 rw-p 00000000 00:00 0 
7f5bfeaa0000-7f5bfeaa3000 ---p 00000000 00:00 0 
7f5bfeaa3000-7f5bfeba1000 rw-p 00000000 00:00 0 
7f5bfeba1000-7f5bfeba4000 ---p 00000000 00:00 0 
7f5bfeba4000-7f5bfeca2000 rw-p 00000000 00:00 0 
7f5bfeca2000-7f5bfeca5000 ---p 00000000 00:00 0 
7f5bfeca5000-7f5bfeda3000 rw-p 00000000 00:00 0 
7f5bfeda3000-7f5bfeda4000 ---p 00000000 00:00 0 
7f5bfeda4000-7f5bfeea4000 rw-p 00000000 00:00 0 
7f5bfeea4000-7f5bfeea7000 ---p 00000000 00:00 0 
7f5bfeea7000-7f5bfefa5000 rw-p 00000000 00:00 0 
7f5bfefa5000-7f5bfefa8000 ---p 00000000 00:00 0 
7f5bfefa8000-7f5bff0a6000 rw-p 00000000 00:00 0 
7f5bff0a6000-7f5bff0a9000 ---p 00000000 00:00 0 
7f5bff0a9000-7f5bff1a7000 rw-p 00000000 00:00 0 
7f5bff1a7000-7f5bff1aa000 ---p 00000000 00:00 0 
7f5bff1aa000-7f5bff2a8000 rw-p 00000000 00:00 0 
7f5bff2a8000-7f5bff6f7000 r--p 00000000 08:01 5905658                    /usr/lib/locale/locale-archive
7f5bff6f7000-7f5bff6fa000 ---p 00000000 00:00 0 
7f5bff6fa000-7f5bff7f8000 rw-p 00000000 00:00 0 
7f5bff7f8000-7f5bff7fb000 ---p 00000000 00:00 0 
7f5bff7fb000-7f5bff8f9000 rw-p 00000000 00:00 0 
7f5bff8f9000-7f5bff8fa000 ---p 00000000 00:00 0 
7f5bff8fa000-7f5c00000000 rw-p 00000000 00:00 0 
7f5c00000000-7f5c00021000 rw-p 00000000 00:00 0 
7f5c00021000-7f5c04000000 ---p 00000000 00:00 0 
7f5c04027000-7f5c0402e000 r--s 00000000 08:01 6295117                    /usr/lib/x86_64-linux-gnu/gconv/gconv-modules.cache
7f5c0402e000-7f5c0405e000 r--p 00000000 08:01 6690192                    /usr/share/locale-langpack/uk/LC_MESSAGES/libc.mo
7f5c0405e000-7f5c0406c000 r--s 000e0000 08:01 1972088                    /home/nicolay/Android/Sdk/build-tools/24.0.2/lib/dx.jar
7f5c0406c000-7f5c043b1000 rw-p 00000000 00:00 0 
7f5c043b1000-7f5c0458a000 r--s 03d29000 08:01 6820531                    /usr/lib/jvm/java-8-oracle/jre/lib/rt.jar
7f5c0458a000-7f5c04c40000 rw-p 00000000 00:00 0 
7f5c04c40000-7f5c04e00000 ---p 00000000 00:00 0 
7f5c04e00000-7f5c05000000 rw-p 00000000 00:00 0 
7f5c05000000-7f5c05610000 rwxp 00000000 00:00 0 
7f5c05610000-7f5c14000000 ---p 00000000 00:00 0 
7f5c14000000-7f5c1438b000 rw-p 00000000 00:00 0 
7f5c1438b000-7f5c18000000 ---p 00000000 00:00 0 
7f5c18006000-7f5c1a027000 rw-p 00000000 00:00 0 
7f5c1a027000-7f5c1a028000 ---p 00000000 00:00 0 
7f5c1a028000-7f5c1a128000 rw-p 00000000 00:00 0 
7f5c1a128000-7f5c1a129000 ---p 00000000 00:00 0 
7f5c1a129000-7f5c1a253000 rw-p 00000000 00:00 0 
7f5c1a253000-7f5c1a37f000 ---p 00000000 00:00 0 
7f5c1a37f000-7f5c1a3a9000 rw-p 00000000 00:00 0 
7f5c1a3a9000-7f5c1a4d4000 ---p 00000000 00:00 0 
7f5c1a4d4000-7f5c1a518000 rw-p 00000000 00:00 0 
7f5c1a518000-7f5c1a57f000 ---p 00000000 00:00 0 
7f5c1a57f000-7f5c1a599000 rw-p 00000000 00:00 0 
7f5c1a599000-7f5c1a940000 ---p 00000000 00:00 0 
7f5c1a940000-7f5c1a95a000 r-xp 00000000 08:01 6952498                    /usr/lib/jvm/java-8-oracle/jre/lib/amd64/libzip.so
7f5c1a95a000-7f5c1ab5a000 ---p 0001a000 08:01 6952498                    /usr/lib/jvm/java-8-oracle/jre/lib/amd64/libzip.so
7f5c1ab5a000-7f5c1ab5b000 rw-p 0001a000 08:01 6952498                    /usr/lib/jvm/java-8-oracle/jre/lib/amd64/libzip.so
7f5c1ab5b000-7f5c1ab66000 r-xp 00000000 08:01 5510120                    /lib/x86_64-linux-gnu/libnss_files-2.23.so
7f5c1ab66000-7f5c1ad65000 ---p 0000b000 08:01 5510120                    /lib/x86_64-linux-gnu/libnss_files-2.23.so
7f5c1ad65000-7f5c1ad66000 r--p 0000a000 08:01 5510120                    /lib/x86_64-linux-gnu/libnss_files-2.23.so
7f5c1ad66000-7f5c1ad67000 rw-p 0000b000 08:01 5510120                    /lib/x86_64-linux-gnu/libnss_files-2.23.so
7f5c1ad67000-7f5c1ad6d000 rw-p 00000000 00:00 0 
7f5c1ad6d000-7f5c1ad78000 r-xp 00000000 08:01 5510130                    /lib/x86_64-linux-gnu/libnss_nis-2.23.so
7f5c1ad78000-7f5c1af77000 ---p 0000b000 08:01 5510130                    /lib/x86_64-linux-gnu/libnss_nis-2.23.so
7f5c1af77000-7f5c1af78000 r--p 0000a000 08:01 5510130                    /lib/x86_64-linux-gnu/libnss_nis-2.23.so
7f5c1af78000-7f5c1af79000 rw-p 0000b000 08:01 5510130                    /lib/x86_64-linux-gnu/libnss_nis-2.23.so
7f5c1af79000-7f5c1af8f000 r-xp 00000000 08:01 5510114                    /lib/x86_64-linux-gnu/libnsl-2.23.so
7f5c1af8f000-7f5c1b18e000 ---p 00016000 08:01 5510114                    /lib/x86_64-linux-gnu/libnsl-2.23.so
7f5c1b18e000-7f5c1b18f000 r--p 00015000 08:01 5510114                    /lib/x86_64-linux-gnu/libnsl-2.23.so
7f5c1b18f000-7f5c1b190000 rw-p 00016000 08:01 5510114                    /lib/x86_64-linux-gnu/libnsl-2.23.so
7f5c1b190000-7f5c1b192000 rw-p 00000000 00:00 0 
7f5c1b192000-7f5c1b19a000 r-xp 00000000 08:01 5510116                    /lib/x86_64-linux-gnu/libnss_compat-2.23.so
7f5c1b19a000-7f5c1b399000 ---p 00008000 08:01 5510116                    /lib/x86_64-linux-gnu/libnss_compat-2.23.so
7f5c1b399000-7f5c1b39a000 r--p 00007000 08:01 5510116                    /lib/x86_64-linux-gnu/libnss_compat-2.23.so
7f5c1b39a000-7f5c1b39b000 rw-p 00008000 08:01 5510116                    /lib/x86_64-linux-gnu/libnss_compat-2.23.so
7f5c1b39b000-7f5c1b3c5000 r-xp 00000000 08:01 6952573                    /usr/lib/jvm/java-8-oracle/jre/lib/amd64/libjava.so
7f5c1b3c5000-7f5c1b5c5000 ---p 0002a000 08:01 6952573                    /usr/lib/jvm/java-8-oracle/jre/lib/amd64/libjava.so
7f5c1b5c5000-7f5c1b5c7000 rw-p 0002a000 08:01 6952573                    /usr/lib/jvm/java-8-oracle/jre/lib/amd64/libjava.so
7f5c1b5c7000-7f5c1b5d4000 r-xp 00000000 08:01 6952467                    /usr/lib/jvm/java-8-oracle/jre/lib/amd64/libverify.so
7f5c1b5d4000-7f5c1b7d4000 ---p 0000d000 08:01 6952467                    /usr/lib/jvm/java-8-oracle/jre/lib/amd64/libverify.so
7f5c1b7d4000-7f5c1b7d6000 rw-p 0000d000 08:01 6952467                    /usr/lib/jvm/java-8-oracle/jre/lib/amd64/libverify.so
7f5c1b7d6000-7f5c1b7dd000 r-xp 00000000 08:01 5510175                    /lib/x86_64-linux-gnu/librt-2.23.so
7f5c1b7dd000-7f5c1b9dc000 ---p 00007000 08:01 5510175                    /lib/x86_64-linux-gnu/librt-2.23.so
7f5c1b9dc000-7f5c1b9dd000 r--p 00006000 08:01 5510175                    /lib/x86_64-linux-gnu/librt-2.23.so
7f5c1b9dd000-7f5c1b9de000 rw-p 00007000 08:01 5510175                    /lib/x86_64-linux-gnu/librt-2.23.so
7f5c1b9de000-7f5c1bae6000 r-xp 00000000 08:01 5510091                    /lib/x86_64-linux-gnu/libm-2.23.so
7f5c1bae6000-7f5c1bce5000 ---p 00108000 08:01 5510091                    /lib/x86_64-linux-gnu/libm-2.23.so
7f5c1bce5000-7f5c1bce6000 r--p 00107000 08:01 5510091                    /lib/x86_64-linux-gnu/libm-2.23.so
7f5c1bce6000-7f5c1bce7000 rw-p 00108000 08:01 5510091                    /lib/x86_64-linux-gnu/libm-2.23.so
7f5c1bce7000-7f5c1c9b2000 r-xp 00000000 08:01 6952577                    /usr/lib/jvm/java-8-oracle/jre/lib/amd64/server/libjvm.so
7f5c1c9b2000-7f5c1cbb1000 ---p 00ccb000 08:01 6952577                    /usr/lib/jvm/java-8-oracle/jre/lib/amd64/server/libjvm.so
7f5c1cbb1000-7f5c1cc8a000 rw-p 00cca000 08:01 6952577                    /usr/lib/jvm/java-8-oracle/jre/lib/amd64/server/libjvm.so
7f5c1cc8a000-7f5c1ccd5000 rw-p 00000000 00:00 0 
7f5c1ccd5000-7f5c1ce95000 r-xp 00000000 08:01 5510021                    /lib/x86_64-linux-gnu/libc-2.23.so
7f5c1ce95000-7f5c1d094000 ---p 001c0000 08:01 5510021                    /lib/x86_64-linux-gnu/libc-2.23.so
7f5c1d094000-7f5c1d098000 r--p 001bf000 08:01 5510021                    /lib/x86_64-linux-gnu/libc-2.23.so
7f5c1d098000-7f5c1d09a000 rw-p 001c3000 08:01 5510021                    /lib/x86_64-linux-gnu/libc-2.23.so
7f5c1d09a000-7f5c1d09e000 rw-p 00000000 00:00 0 
7f5c1d09e000-7f5c1d0a1000 r-xp 00000000 08:01 5510045                    /lib/x86_64-linux-gnu/libdl-2.23.so
7f5c1d0a1000-7f5c1d2a0000 ---p 00003000 08:01 5510045                    /lib/x86_64-linux-gnu/libdl-2.23.so
7f5c1d2a0000-7f5c1d2a1000 r--p 00002000 08:01 5510045                    /lib/x86_64-linux-gnu/libdl-2.23.so
7f5c1d2a1000-7f5c1d2a2000 rw-p 00003000 08:01 5510045                    /lib/x86_64-linux-gnu/libdl-2.23.so
7f5c1d2a2000-7f5c1d2b7000 r-xp 00000000 08:01 6299453                    /usr/lib/jvm/java-8-oracle/lib/amd64/jli/libjli.so
7f5c1d2b7000-7f5c1d4b7000 ---p 00015000 08:01 6299453                    /usr/lib/jvm/java-8-oracle/lib/amd64/jli/libjli.so
7f5c1d4b7000-7f5c1d4b8000 rw-p 00015000 08:01 6299453                    /usr/lib/jvm/java-8-oracle/lib/amd64/jli/libjli.so
7f5c1d4b8000-7f5c1d4d0000 r-xp 00000000 08:01 5510167                    /lib/x86_64-linux-gnu/libpthread-2.23.so
7f5c1d4d0000-7f5c1d6cf000 ---p 00018000 08:01 5510167                    /lib/x86_64-linux-gnu/libpthread-2.23.so
7f5c1d6cf000-7f5c1d6d0000 r--p 00017000 08:01 5510167                    /lib/x86_64-linux-gnu/libpthread-2.23.so
7f5c1d6d0000-7f5c1d6d1000 rw-p 00018000 08:01 5510167                    /lib/x86_64-linux-gnu/libpthread-2.23.so
7f5c1d6d1000-7f5c1d6d5000 rw-p 00000000 00:00 0 
7f5c1d6d5000-7f5c1d6fb000 r-xp 00000000 08:01 5509993                    /lib/x86_64-linux-gnu/ld-2.23.so
7f5c1d6fd000-7f5c1d7cf000 rw-p 00000000 00:00 0 
7f5c1d7cf000-7f5c1d7d2000 ---p 00000000 00:00 0 
7f5c1d7d2000-7f5c1d8d4000 rw-p 00000000 00:00 0 
7f5c1d8da000-7f5c1d8ee000 rw-p 00000000 00:00 0 
7f5c1d8ee000-7f5c1d8f6000 rw-s 00000000 08:01 2756335                    /tmp/hsperfdata_nicolay/12889
7f5c1d8f6000-7f5c1d8f7000 rw-p 00000000 00:00 0 
7f5c1d8f7000-7f5c1d8f8000 ---p 00000000 00:00 0 
7f5c1d8f8000-7f5c1d8fa000 rw-p 00000000 00:00 0 
7f5c1d8fa000-7f5c1d8fb000 r--p 00025000 08:01 5509993                    /lib/x86_64-linux-gnu/ld-2.23.so
7f5c1d8fb000-7f5c1d8fc000 rw-p 00026000 08:01 5509993                    /lib/x86_64-linux-gnu/ld-2.23.so
7f5c1d8fc000-7f5c1d8fd000 rw-p 00000000 00:00 0 
7ffeedd5c000-7ffeedd7d000 rw-p 00000000 00:00 0                          [stack]
7ffeeddbe000-7ffeeddc0000 r--p 00000000 00:00 0                          [vvar]
7ffeeddc0000-7ffeeddc2000 r-xp 00000000 00:00 0                          [vdso]
ffffffffff600000-ffffffffff601000 r-xp 00000000 00:00 0                  [vsyscall]

VM Arguments:
jvm_args: -Djava.awt.headless=true -Xmx1024M -Dfile.encoding=UTF-8 -Duser.country=UA -Duser.language=uk -Duser.variant 
java_command: com.android.dx.command.Main --dex --force-jumbo --num-threads=4 --multi-dex --output /home/nicolay/AndroidStudioProjects/BetOn/app/build/intermediates/transforms/dex/debug/folders/1000/5/slice_0 /home/nicolay/AndroidStudioProjects/BetOn/app/build/intermediates/transforms/instantRunSlicer/debug/folders/1/5/slice_0
java_class_path (initial): /home/nicolay/Android/Sdk/build-tools/24.0.2/lib/dx.jar
Launcher Type: SUN_STANDARD

Environment Variables:
PATH=/usr/local/sbin:/usr/local/bin:/usr/sbin:/usr/bin:/sbin:/bin:/usr/games:/usr/local/games
USERNAME=nicolay
LD_LIBRARY_PATH=/home/nicolay/android-studio/bin:
SHELL=/bin/bash
DISPLAY=:0

Signal Handlers:
SIGSEGV: [libjvm.so+0xac4790], sa_mask[0]=11111111011111111101111111111110, sa_flags=SA_RESTART|SA_SIGINFO
SIGBUS: [libjvm.so+0xac4790], sa_mask[0]=11111111011111111101111111111110, sa_flags=SA_RESTART|SA_SIGINFO
SIGFPE: [libjvm.so+0x91f140], sa_mask[0]=11111111011111111101111111111110, sa_flags=SA_RESTART|SA_SIGINFO
SIGPIPE: [libjvm.so+0x91f140], sa_mask[0]=11111111011111111101111111111110, sa_flags=SA_RESTART|SA_SIGINFO
SIGXFSZ: [libjvm.so+0x91f140], sa_mask[0]=11111111011111111101111111111110, sa_flags=SA_RESTART|SA_SIGINFO
SIGILL: [libjvm.so+0x91f140], sa_mask[0]=11111111011111111101111111111110, sa_flags=SA_RESTART|SA_SIGINFO
SIGUSR1: SIG_DFL, sa_mask[0]=00000000000000000000000000000000, sa_flags=none
SIGUSR2: [libjvm.so+0x920770], sa_mask[0]=00100000000000000000000000000000, sa_flags=SA_RESTART|SA_SIGINFO
SIGHUP: [libjvm.so+0x921b70], sa_mask[0]=11111111011111111101111111111110, sa_flags=SA_RESTART|SA_SIGINFO
SIGINT: [libjvm.so+0x921b70], sa_mask[0]=11111111011111111101111111111110, sa_flags=SA_RESTART|SA_SIGINFO
SIGTERM: [libjvm.so+0x921b70], sa_mask[0]=11111111011111111101111111111110, sa_flags=SA_RESTART|SA_SIGINFO
SIGQUIT: [libjvm.so+0x921b70], sa_mask[0]=11111111011111111101111111111110, sa_flags=SA_RESTART|SA_SIGINFO


---------------  S Y S T E M  ---------------

OS:DISTRIB_ID=LinuxMint
DISTRIB_RELEASE=18
DISTRIB_CODENAME=sarah
DISTRIB_DESCRIPTION="Linux Mint 18 Sarah"

uname:Linux 4.4.0-36-generic #55-Ubuntu SMP Thu Aug 11 18:01:55 UTC 2016 x86_64
libc:glibc 2.23 NPTL 2.23 
rlimit: STACK 8192k, CORE 0k, NPROC 31248, NOFILE 65536, AS infinity
load average:5,18 2,13 1,57

/proc/meminfo:
MemTotal:        8040772 kB
MemFree:          158732 kB
MemAvailable:      72896 kB
Buffers:            1360 kB
Cached:          1226100 kB
SwapCached:            0 kB
Active:          6644664 kB
Inactive:        1030772 kB
Active(anon):    6616252 kB
Inactive(anon):  1000996 kB
Active(file):      28412 kB
Inactive(file):    29776 kB
Unevictable:          32 kB
Mlocked:              32 kB
SwapTotal:             0 kB
SwapFree:              0 kB
Dirty:              2604 kB
Writeback:             0 kB
AnonPages:       6448368 kB
Mapped:           536856 kB
Shmem:           1168912 kB
Slab:              81832 kB
SReclaimable:      44112 kB
SUnreclaim:        37720 kB
KernelStack:       10512 kB
PageTables:        43840 kB
NFS_Unstable:          0 kB
Bounce:                0 kB
WritebackTmp:          0 kB
CommitLimit:     4020384 kB
Committed_AS:   11149688 kB
VmallocTotal:   34359738367 kB
VmallocUsed:           0 kB
VmallocChunk:          0 kB
HardwareCorrupted:     0 kB
AnonHugePages:   4696064 kB
CmaTotal:              0 kB
CmaFree:               0 kB
HugePages_Total:       0
HugePages_Free:        0
HugePages_Rsvd:        0
HugePages_Surp:        0
Hugepagesize:       2048 kB
DirectMap4k:      126200 kB
DirectMap2M:     8128512 kB


CPU:total 2 (2 cores per cpu, 1 threads per core) family 6 model 58 stepping 9, cmov, cx8, fxsr, mmx, sse, sse2, sse3, ssse3, sse4.1, sse4.2, popcnt, clmul, erms, tsc, tscinvbit, tscinv

/proc/cpuinfo:
processor	: 0
vendor_id	: GenuineIntel
cpu family	: 6
model		: 58
model name	: Intel(R) Pentium(R) CPU 2020M @ 2.40GHz
stepping	: 9
microcode	: 0x15
cpu MHz		: 2399.531
cache size	: 2048 KB
physical id	: 0
siblings	: 2
core id		: 0
cpu cores	: 2
apicid		: 0
initial apicid	: 0
fpu		: yes
fpu_exception	: yes
cpuid level	: 13
wp		: yes
flags		: fpu vme de pse tsc msr pae mce cx8 apic sep mtrr pge mca cmov pat pse36 clflush dts acpi mmx fxsr sse sse2 ss ht tm pbe syscall nx rdtscp lm constant_tsc arch_perfmon pebs bts rep_good nopl xtopology nonstop_tsc aperfmperf eagerfpu pni pclmulqdq dtes64 monitor ds_cpl vmx est tm2 ssse3 cx16 xtpr pdcm pcid sse4_1 sse4_2 x2apic popcnt tsc_deadline_timer xsave lahf_lm epb tpr_shadow vnmi flexpriority ept vpid fsgsbase smep erms xsaveopt dtherm arat pln pts
bugs		:
bogomips	: 4789.28
clflush size	: 64
cache_alignment	: 64
address sizes	: 36 bits physical, 48 bits virtual
power management:

processor	: 1
vendor_id	: GenuineIntel
cpu family	: 6
model		: 58
model name	: Intel(R) Pentium(R) CPU 2020M @ 2.40GHz
stepping	: 9
microcode	: 0x15
cpu MHz		: 2348.156
cache size	: 2048 KB
physical id	: 0
siblings	: 2
core id		: 1
cpu cores	: 2
apicid		: 2
initial apicid	: 2
fpu		: yes
fpu_exception	: yes
cpuid level	: 13
wp		: yes
flags		: fpu vme de pse tsc msr pae mce cx8 apic sep mtrr pge mca cmov pat pse36 clflush dts acpi mmx fxsr sse sse2 ss ht tm pbe syscall nx rdtscp lm constant_tsc arch_perfmon pebs bts rep_good nopl xtopology nonstop_tsc aperfmperf eagerfpu pni pclmulqdq dtes64 monitor ds_cpl vmx est tm2 ssse3 cx16 xtpr pdcm pcid sse4_1 sse4_2 x2apic popcnt tsc_deadline_timer xsave lahf_lm epb tpr_shadow vnmi flexpriority ept vpid fsgsbase smep erms xsaveopt dtherm arat pln pts
bugs		:
bogomips	: 4789.28
clflush size	: 64
cache_alignment	: 64
address sizes	: 36 bits physical, 48 bits virtual
power management:



Memory: 4k page, physical 8040772k(158732k free), swap 0k(0k free)

vm_info: Java HotSpot(TM) 64-Bit Server VM (25.101-b13) for linux-amd64 JRE (1.8.0_101-b13), built on Jun 22 2016 02:59:44 by "java_re" with gcc 4.3.0 20080428 (Red Hat 4.3.0-8)

time: Sat Sep 24 22:42:13 2016
elapsed time: 6 seconds (0d 0h 0m 6s)

