#
# There is insufficient memory for the Java Runtime Environment to continue.
# Native memory allocation (mmap) failed to map 170917888 bytes for committing reserved memory.
# Possible reasons:
#   The system is out of physical RAM or swap space
#   In 32 bit mode, the process size limit was hit
# Possible solutions:
#   Reduce memory load on the system
#   Increase physical memory or swap space
#   Check if swap backing store is full
#   Use 64 bit Java on a 64 bit OS
#   Decrease Java heap size (-Xmx/-Xms)
#   Decrease number of Java threads
#   Decrease Java thread stack sizes (-Xss)
#   Set larger code cache with -XX:ReservedCodeCacheSize=
# This output file may be truncated or incomplete.
#
#  Out of Memory Error (os_linux.cpp:2627), pid=14968, tid=0x00007fd9c82d7700
#
# JRE version: Java(TM) SE Runtime Environment (8.0_101-b13) (build 1.8.0_101-b13)
# Java VM: Java HotSpot(TM) 64-Bit Server VM (25.101-b13 mixed mode linux-amd64 compressed oops)
# Failed to write core dump. Core dumps have been disabled. To enable core dumping, try "ulimit -c unlimited" before starting Java again
#

---------------  T H R E A D  ---------------

Current thread (0x00007fd9dc073800):  VMThread [stack: 0x00007fd9c81d7000,0x00007fd9c82d8000] [id=14975]

Stack: [0x00007fd9c81d7000,0x00007fd9c82d8000],  sp=0x00007fd9c82d6220,  free space=1020k
Native frames: (J=compiled Java code, j=interpreted, Vv=VM code, C=native code)
V  [libjvm.so+0xac3f0a]  VMError::report_and_die()+0x2ba
V  [libjvm.so+0x4fbf9b]  report_vm_out_of_memory(char const*, int, unsigned long, VMErrorType, char const*)+0x8b
V  [libjvm.so+0x9222d3]  os::Linux::commit_memory_impl(char*, unsigned long, bool)+0x103
V  [libjvm.so+0x922829]  os::pd_commit_memory(char*, unsigned long, unsigned long, bool)+0x29
V  [libjvm.so+0x91cb2a]  os::commit_memory(char*, unsigned long, unsigned long, bool)+0x2a
V  [libjvm.so+0x991053]  PSVirtualSpace::expand_by(unsigned long)+0x53
V  [libjvm.so+0x992458]  PSYoungGen::resize_generation(unsigned long, unsigned long)+0xf8
V  [libjvm.so+0x9915b2]  PSYoungGen::resize(unsigned long, unsigned long)+0x22
V  [libjvm.so+0x98e88b]  PSScavenge::invoke_no_policy()+0xf3b
V  [libjvm.so+0x98f011]  PSScavenge::invoke()+0x41
V  [libjvm.so+0x945fc0]  ParallelScavengeHeap::failed_mem_allocate(unsigned long)+0x70
V  [libjvm.so+0xac5927]  VM_ParallelGCFailedAllocation::doit()+0x97
V  [libjvm.so+0xacd405]  VM_Operation::evaluate()+0x55
V  [libjvm.so+0xacb7da]  VMThread::evaluate_operation(VM_Operation*)+0xba
V  [libjvm.so+0xacbb5e]  VMThread::loop()+0x1ce
V  [libjvm.so+0xacbfd0]  VMThread::run()+0x70
V  [libjvm.so+0x924698]  java_start(Thread*)+0x108

VM_Operation (0x00007fd9bb5a8730): ParallelGCFailedAllocation, mode: safepoint, requested by thread 0x00007fd9dc12f000


---------------  P R O C E S S  ---------------

Java Threads: ( => current thread )
  0x00007fd9dc136000 JavaThread "pool-2-thread-4" [_thread_blocked, id=14987, stack(0x00007fd9bb0a6000,0x00007fd9bb1a7000)]
  0x00007fd9dc134800 JavaThread "pool-2-thread-3" [_thread_blocked, id=14986, stack(0x00007fd9bb1a7000,0x00007fd9bb2a8000)]
  0x00007fd9dc133800 JavaThread "pool-2-thread-2" [_thread_blocked, id=14985, stack(0x00007fd9bb2a8000,0x00007fd9bb3a9000)]
  0x00007fd9dc131800 JavaThread "pool-3-thread-1" [_thread_blocked, id=14984, stack(0x00007fd9bb3a9000,0x00007fd9bb4aa000)]
  0x00007fd9dc12f000 JavaThread "pool-2-thread-1" [_thread_blocked, id=14983, stack(0x00007fd9bb4aa000,0x00007fd9bb5ab000)]
  0x00007fd9dc0ba000 JavaThread "Service Thread" daemon [_thread_blocked, id=14981, stack(0x00007fd9bb6ac000,0x00007fd9bb7ad000)]
  0x00007fd9dc0b7800 JavaThread "C1 CompilerThread1" daemon [_thread_blocked, id=14980, stack(0x00007fd9bb7ad000,0x00007fd9bb8ae000)]
  0x00007fd9dc0b4800 JavaThread "C2 CompilerThread0" daemon [_thread_blocked, id=14979, stack(0x00007fd9bb8ae000,0x00007fd9bb9af000)]
  0x00007fd9dc0b3000 JavaThread "Signal Dispatcher" daemon [_thread_blocked, id=14978, stack(0x00007fd9bb9af000,0x00007fd9bbab0000)]
  0x00007fd9dc080000 JavaThread "Finalizer" daemon [_thread_blocked, id=14977, stack(0x00007fd9bbeff000,0x00007fd9bc000000)]
  0x00007fd9dc07b800 JavaThread "Reference Handler" daemon [_thread_blocked, id=14976, stack(0x00007fd9c80d6000,0x00007fd9c81d7000)]
  0x00007fd9dc00a000 JavaThread "main" [_thread_blocked, id=14970, stack(0x00007fd9e2054000,0x00007fd9e2155000)]

Other Threads:
=>0x00007fd9dc073800 VMThread [stack: 0x00007fd9c81d7000,0x00007fd9c82d8000] [id=14975]
  0x00007fd9dc0bd000 WatcherThread [stack: 0x00007fd9bb5ab000,0x00007fd9bb6ac000] [id=14982]

VM state:at safepoint (normal execution)

VM Mutex/Monitor currently owned by a thread:  ([mutex/lock_event])
[0x00007fd9dc006530] Threads_lock - owner thread: 0x00007fd9dc073800
[0x00007fd9dc006a30] Heap_lock - owner thread: 0x00007fd9dc12f000

Heap:
 PSYoungGen      total 132096K, used 5118K [0x00000000eab00000, 0x00000000f3100000, 0x0000000100000000)
  eden space 126976K, 0% used [0x00000000eab00000,0x00000000eab00000,0x00000000f2700000)
  from space 5120K, 99% used [0x00000000f2700000,0x00000000f2bff9d0,0x00000000f2c00000)
  to   space 5120K, 0% used [0x00000000f2c00000,0x00000000f2c00000,0x00000000f3100000)
 ParOldGen       total 84992K, used 41379K [0x00000000c0000000, 0x00000000c5300000, 0x00000000eab00000)
  object space 84992K, 48% used [0x00000000c0000000,0x00000000c2868c40,0x00000000c5300000)
 Metaspace       used 6135K, capacity 7152K, committed 7296K, reserved 1056768K
  class space    used 600K, capacity 616K, committed 640K, reserved 1048576K

Card table byte_map: [0x00007fd9cbba9000,0x00007fd9cbdaa000] byte_map_base: 0x00007fd9cb5a9000

Marking Bits: (ParMarkBitMap*) 0x00007fd9e152d120
 Begin Bits: [0x00007fd9c9851000, 0x00007fd9ca851000)
 End Bits:   [0x00007fd9ca851000, 0x00007fd9cb851000)

Polling page: 0x00007fd9e217c000

CodeCache: size=245760Kb used=6484Kb max_used=6484Kb free=239275Kb
 bounds [0x00007fd9cc16a000, 0x00007fd9cc7ca000, 0x00007fd9db16a000]
 total_blobs=1930 nmethods=1669 adapters=176
 compilation: enabled

Compilation events (10 events):
Event: 6,709 Thread 0x00007fd9dc0b7800 nmethod 1936 0x00007fd9cc7bd0d0 code [0x00007fd9cc7bd2c0, 0x00007fd9cc7bd8d8]
Event: 6,709 Thread 0x00007fd9dc0b7800 1967       2       java.util.concurrent.locks.AbstractQueuedSynchronizer$ConditionObject::signal (33 bytes)
Event: 6,709 Thread 0x00007fd9dc0b7800 nmethod 1967 0x00007fd9cc7bddd0 code [0x00007fd9cc7bdf60, 0x00007fd9cc7be1a8]
Event: 6,709 Thread 0x00007fd9dc0b7800 1968       2       java.util.concurrent.locks.ReentrantLock$Sync::isHeldExclusively (16 bytes)
Event: 6,724 Thread 0x00007fd9dc0b7800 nmethod 1968 0x00007fd9cc7be2d0 code [0x00007fd9cc7be420, 0x00007fd9cc7be590]
Event: 6,724 Thread 0x00007fd9dc0b7800 1988       3       com.android.dx.rop.type.StdTypeList::withFirst (53 bytes)
Event: 6,728 Thread 0x00007fd9dc0b7800 nmethod 1988 0x00007fd9cc7be610 code [0x00007fd9cc7be880, 0x00007fd9cc7bf978]
Event: 6,728 Thread 0x00007fd9dc0b7800 1991       3       com.android.dx.cf.code.Merger::mergeLocals (122 bytes)
Event: 6,729 Thread 0x00007fd9dc0b7800 nmethod 1991 0x00007fd9cc7c0510 code [0x00007fd9cc7c07a0, 0x00007fd9cc7c1868]
Event: 6,729 Thread 0x00007fd9dc0b7800 1992       2       com.android.dx.cf.cst.ConstantPoolParser::parse (365 bytes)

GC Heap History (9 events):
Event: 2,096 GC heap before
{Heap before GC invocations=1 (full 0):
 PSYoungGen      total 36864K, used 31744K [0x00000000eab00000, 0x00000000ed400000, 0x0000000100000000)
  eden space 31744K, 100% used [0x00000000eab00000,0x00000000eca00000,0x00000000eca00000)
  from space 5120K, 0% used [0x00000000ecf00000,0x00000000ecf00000,0x00000000ed400000)
  to   space 5120K, 0% used [0x00000000eca00000,0x00000000eca00000,0x00000000ecf00000)
 ParOldGen       total 84992K, used 0K [0x00000000c0000000, 0x00000000c5300000, 0x00000000eab00000)
  object space 84992K, 0% used [0x00000000c0000000,0x00000000c0000000,0x00000000c5300000)
 Metaspace       used 5562K, capacity 6704K, committed 6784K, reserved 1056768K
  class space    used 579K, capacity 616K, committed 640K, reserved 1048576K
Event: 2,120 GC heap after
Heap after GC invocations=1 (full 0):
 PSYoungGen      total 36864K, used 5097K [0x00000000eab00000, 0x00000000ef300000, 0x0000000100000000)
  eden space 31744K, 0% used [0x00000000eab00000,0x00000000eab00000,0x00000000eca00000)
  from space 5120K, 99% used [0x00000000eca00000,0x00000000ecefa408,0x00000000ecf00000)
  to   space 5120K, 0% used [0x00000000eee00000,0x00000000eee00000,0x00000000ef300000)
 ParOldGen       total 84992K, used 886K [0x00000000c0000000, 0x00000000c5300000, 0x00000000eab00000)
  object space 84992K, 1% used [0x00000000c0000000,0x00000000c00dd9d8,0x00000000c5300000)
 Metaspace       used 5562K, capacity 6704K, committed 6784K, reserved 1056768K
  class space    used 579K, capacity 616K, committed 640K, reserved 1048576K
}
Event: 3,157 GC heap before
{Heap before GC invocations=2 (full 0):
 PSYoungGen      total 36864K, used 36841K [0x00000000eab00000, 0x00000000ef300000, 0x0000000100000000)
  eden space 31744K, 100% used [0x00000000eab00000,0x00000000eca00000,0x00000000eca00000)
  from space 5120K, 99% used [0x00000000eca00000,0x00000000ecefa408,0x00000000ecf00000)
  to   space 5120K, 0% used [0x00000000eee00000,0x00000000eee00000,0x00000000ef300000)
 ParOldGen       total 84992K, used 886K [0x00000000c0000000, 0x00000000c5300000, 0x00000000eab00000)
  object space 84992K, 1% used [0x00000000c0000000,0x00000000c00dd9d8,0x00000000c5300000)
 Metaspace       used 5749K, capacity 6896K, committed 7040K, reserved 1056768K
  class space    used 580K, capacity 616K, committed 640K, reserved 1048576K
Event: 3,191 GC heap after
Heap after GC invocations=2 (full 0):
 PSYoungGen      total 68608K, used 5104K [0x00000000eab00000, 0x00000000ef300000, 0x0000000100000000)
  eden space 63488K, 0% used [0x00000000eab00000,0x00000000eab00000,0x00000000ee900000)
  from space 5120K, 99% used [0x00000000eee00000,0x00000000ef2fc1f0,0x00000000ef300000)
  to   space 5120K, 0% used [0x00000000ee900000,0x00000000ee900000,0x00000000eee00000)
 ParOldGen       total 84992K, used 4468K [0x00000000c0000000, 0x00000000c5300000, 0x00000000eab00000)
  object space 84992K, 5% used [0x00000000c0000000,0x00000000c045d348,0x00000000c5300000)
 Metaspace       used 5749K, capacity 6896K, committed 7040K, reserved 1056768K
  class space    used 580K, capacity 616K, committed 640K, reserved 1048576K
}
Event: 3,883 GC heap before
{Heap before GC invocations=3 (full 0):
 PSYoungGen      total 68608K, used 68592K [0x00000000eab00000, 0x00000000ef300000, 0x0000000100000000)
  eden space 63488K, 100% used [0x00000000eab00000,0x00000000ee900000,0x00000000ee900000)
  from space 5120K, 99% used [0x00000000eee00000,0x00000000ef2fc1f0,0x00000000ef300000)
  to   space 5120K, 0% used [0x00000000ee900000,0x00000000ee900000,0x00000000eee00000)
 ParOldGen       total 84992K, used 4468K [0x00000000c0000000, 0x00000000c5300000, 0x00000000eab00000)
  object space 84992K, 5% used [0x00000000c0000000,0x00000000c045d348,0x00000000c5300000)
 Metaspace       used 5761K, capacity 6896K, committed 7040K, reserved 1056768K
  class space    used 580K, capacity 616K, committed 640K, reserved 1048576K
Event: 3,957 GC heap after
Heap after GC invocations=3 (full 0):
 PSYoungGen      total 68608K, used 5103K [0x00000000eab00000, 0x00000000f3100000, 0x0000000100000000)
  eden space 63488K, 0% used [0x00000000eab00000,0x00000000eab00000,0x00000000ee900000)
  from space 5120K, 99% used [0x00000000ee900000,0x00000000eedfbf40,0x00000000eee00000)
  to   space 5120K, 0% used [0x00000000f2c00000,0x00000000f2c00000,0x00000000f3100000)
 ParOldGen       total 84992K, used 14064K [0x00000000c0000000, 0x00000000c5300000, 0x00000000eab00000)
  object space 84992K, 16% used [0x00000000c0000000,0x00000000c0dbc380,0x00000000c5300000)
 Metaspace       used 5761K, capacity 6896K, committed 7040K, reserved 1056768K
  class space    used 580K, capacity 616K, committed 640K, reserved 1048576K
}
Event: 4,902 GC heap before
{Heap before GC invocations=4 (full 0):
 PSYoungGen      total 68608K, used 68591K [0x00000000eab00000, 0x00000000f3100000, 0x0000000100000000)
  eden space 63488K, 100% used [0x00000000eab00000,0x00000000ee900000,0x00000000ee900000)
  from space 5120K, 99% used [0x00000000ee900000,0x00000000eedfbf40,0x00000000eee00000)
  to   space 5120K, 0% used [0x00000000f2c00000,0x00000000f2c00000,0x00000000f3100000)
 ParOldGen       total 84992K, used 14064K [0x00000000c0000000, 0x00000000c5300000, 0x00000000eab00000)
  object space 84992K, 16% used [0x00000000c0000000,0x00000000c0dbc380,0x00000000c5300000)
 Metaspace       used 5948K, capacity 6960K, committed 7040K, reserved 1056768K
  class space    used 599K, capacity 616K, committed 640K, reserved 1048576K
Event: 5,046 GC heap after
Heap after GC invocations=4 (full 0):
 PSYoungGen      total 132096K, used 5090K [0x00000000eab00000, 0x00000000f3100000, 0x0000000100000000)
  eden space 126976K, 0% used [0x00000000eab00000,0x00000000eab00000,0x00000000f2700000)
  from space 5120K, 99% used [0x00000000f2c00000,0x00000000f30f8a40,0x00000000f3100000)
  to   space 5120K, 0% used [0x00000000f2700000,0x00000000f2700000,0x00000000f2c00000)
 ParOldGen       total 84992K, used 23213K [0x00000000c0000000, 0x00000000c5300000, 0x00000000eab00000)
  object space 84992K, 27% used [0x00000000c0000000,0x00000000c16ab7c8,0x00000000c5300000)
 Metaspace       used 5948K, capacity 6960K, committed 7040K, reserved 1056768K
  class space    used 599K, capacity 616K, committed 640K, reserved 1048576K
}
Event: 6,744 GC heap before
{Heap before GC invocations=5 (full 0):
 PSYoungGen      total 132096K, used 132066K [0x00000000eab00000, 0x00000000f3100000, 0x0000000100000000)
  eden space 126976K, 100% used [0x00000000eab00000,0x00000000f2700000,0x00000000f2700000)
  from space 5120K, 99% used [0x00000000f2c00000,0x00000000f30f8a40,0x00000000f3100000)
  to   space 5120K, 0% used [0x00000000f2700000,0x00000000f2700000,0x00000000f2c00000)
 ParOldGen       total 84992K, used 23213K [0x00000000c0000000, 0x00000000c5300000, 0x00000000eab00000)
  object space 84992K, 27% used [0x00000000c0000000,0x00000000c16ab7c8,0x00000000c5300000)
 Metaspace       used 6135K, capacity 7152K, committed 7296K, reserved 1056768K
  class space    used 600K, capacity 616K, committed 640K, reserved 1048576K

Deoptimization events (10 events):
Event: 1,378 Thread 0x00007fd9dc12f000 Uncommon trap: reason=unstable_if action=reinterpret pc=0x00007fd9cc3506e4 method=java.util.HashMap.getNode(ILjava/lang/Object;)Ljava/util/HashMap$Node; @ 62
Event: 1,825 Thread 0x00007fd9dc136000 Uncommon trap: reason=bimorphic action=maybe_recompile pc=0x00007fd9cc36e2e4 method=java.util.HashMap.getNode(ILjava/lang/Object;)Ljava/util/HashMap$Node; @ 126
Event: 2,298 Thread 0x00007fd9dc12f000 Uncommon trap: reason=bimorphic action=maybe_recompile pc=0x00007fd9cc36e2e4 method=java.util.HashMap.getNode(ILjava/lang/Object;)Ljava/util/HashMap$Node; @ 126
Event: 2,642 Thread 0x00007fd9dc00a000 Uncommon trap: reason=unstable_if action=reinterpret pc=0x00007fd9cc36de94 method=java.util.HashMap.getNode(ILjava/lang/Object;)Ljava/util/HashMap$Node; @ 129
Event: 2,805 Thread 0x00007fd9dc00a000 Uncommon trap: reason=bimorphic action=maybe_recompile pc=0x00007fd9cc3832ac method=java.util.HashMap.getNode(ILjava/lang/Object;)Ljava/util/HashMap$Node; @ 126
Event: 2,805 Thread 0x00007fd9dc00a000 Uncommon trap: reason=bimorphic action=maybe_recompile pc=0x00007fd9cc3832ac method=java.util.HashMap.getNode(ILjava/lang/Object;)Ljava/util/HashMap$Node; @ 126
Event: 3,071 Thread 0x00007fd9dc133800 Uncommon trap: reason=null_check action=make_not_entrant pc=0x00007fd9cc416924 method=com.android.dx.ssa.SsaRenamer.getLocalForNewReg(I)Lcom/android/dx/rop/code/LocalItem; @ 19
Event: 3,132 Thread 0x00007fd9dc00a000 Uncommon trap: reason=unstable_if action=reinterpret pc=0x00007fd9cc37d898 method=java.lang.String.<init>([CII)V @ 18
Event: 4,801 Thread 0x00007fd9dc136000 Uncommon trap: reason=unstable_if action=reinterpret pc=0x00007fd9cc46b860 method=java.util.HashMap.putVal(ILjava/lang/Object;Ljava/lang/Object;ZZ)Ljava/lang/Object; @ 162
Event: 6,050 Thread 0x00007fd9dc133800 Uncommon trap: reason=unstable_if action=reinterpret pc=0x00007fd9cc65ea0c method=com.android.dx.dex.code.OutputFinisher.hasLocalInfo(Lcom/android/dx/dex/code/DalvInsn;)Z @ 24

Internal exceptions (6 events):
Event: 0,096 Thread 0x00007fd9dc00a000 Exception <a 'java/lang/NoSuchMethodError': Method sun.misc.Unsafe.defineClass(Ljava/lang/String;[BII)Ljava/lang/Class; name or signature does not match> (0x00000000eab07cc0) thrown at [/HUDSON3/workspace/8-2-build-linux-amd64/jdk8u101/7261/hotspot/src/sh
Event: 0,096 Thread 0x00007fd9dc00a000 Exception <a 'java/lang/NoSuchMethodError': Method sun.misc.Unsafe.prefetchRead(Ljava/lang/Object;J)V name or signature does not match> (0x00000000eab07fa8) thrown at [/HUDSON3/workspace/8-2-build-linux-amd64/jdk8u101/7261/hotspot/src/share/vm/prims/jni.c
Event: 3,071 Thread 0x00007fd9dc133800 Implicit null exception at 0x00007fd9cc414675 to 0x00007fd9cc4168dd
Event: 4,804 Thread 0x00007fd9dc136000 Exception <a 'java/lang/ArrayIndexOutOfBoundsException': 18> (0x00000000ee5ebf50) thrown at [/HUDSON3/workspace/8-2-build-linux-amd64/jdk8u101/7261/hotspot/src/share/vm/interpreter/interpreterRuntime.cpp, line 366]
Event: 4,804 Thread 0x00007fd9dc136000 Exception <a 'java/lang/ArrayIndexOutOfBoundsException': 145> (0x00000000ee5edad0) thrown at [/HUDSON3/workspace/8-2-build-linux-amd64/jdk8u101/7261/hotspot/src/share/vm/interpreter/interpreterRuntime.cpp, line 366]
Event: 4,821 Thread 0x00007fd9dc136000 Exception <a 'java/lang/ArrayIndexOutOfBoundsException': 40> (0x00000000ee5eedb8) thrown at [/HUDSON3/workspace/8-2-build-linux-amd64/jdk8u101/7261/hotspot/src/share/vm/interpreter/interpreterRuntime.cpp, line 366]

Events (10 events):
Event: 5,995 Thread 0x00007fd9dc12f000 DEOPT PACKING pc=0x00007fd9cc608e99 sp=0x00007fd9bb5a9090
Event: 5,995 Thread 0x00007fd9dc12f000 DEOPT UNPACKING pc=0x00007fd9cc1b1233 sp=0x00007fd9bb5a8e90 mode 0
Event: 6,050 Thread 0x00007fd9dc133800 Uncommon trap: trap_request=0xffffff65 fr.pc=0x00007fd9cc65ea0c
Event: 6,050 Thread 0x00007fd9dc133800 DEOPT PACKING pc=0x00007fd9cc65ea0c sp=0x00007fd9bb3a6fc0
Event: 6,050 Thread 0x00007fd9dc133800 DEOPT UNPACKING pc=0x00007fd9cc16f229 sp=0x00007fd9bb3a6ef8 mode 2
Event: 6,392 Thread 0x00007fd9dc12f000 DEOPT PACKING pc=0x00007fd9cc43d619 sp=0x00007fd9bb5a9000
Event: 6,392 Thread 0x00007fd9dc12f000 DEOPT UNPACKING pc=0x00007fd9cc1b1233 sp=0x00007fd9bb5a8d38 mode 0
Event: 6,581 Thread 0x00007fd9dc133800 DEOPT PACKING pc=0x00007fd9cc621c85 sp=0x00007fd9bb3a6cc0
Event: 6,581 Thread 0x00007fd9dc133800 DEOPT UNPACKING pc=0x00007fd9cc1b1233 sp=0x00007fd9bb3a6a90 mode 0
Event: 6,732 Executing VM operation: ParallelGCFailedAllocation


Dynamic libraries:
00400000-00401000 r-xp 00000000 08:01 6690857                            /usr/lib/jvm/java-8-oracle/bin/java
00600000-00601000 rw-p 00000000 08:01 6690857                            /usr/lib/jvm/java-8-oracle/bin/java
01776000-01797000 rw-p 00000000 00:00 0                                  [heap]
c0000000-c5300000 rw-p 00000000 00:00 0 
c5300000-eab00000 ---p 00000000 00:00 0 
eab00000-f3100000 rw-p 00000000 00:00 0 
fd400000-100000000 ---p 00000000 00:00 0 
100000000-1000a0000 rw-p 00000000 00:00 0 
1000a0000-140000000 ---p 00000000 00:00 0 
7fd98c000000-7fd98c021000 rw-p 00000000 00:00 0 
7fd98c021000-7fd990000000 ---p 00000000 00:00 0 
7fd990000000-7fd990021000 rw-p 00000000 00:00 0 
7fd990021000-7fd994000000 ---p 00000000 00:00 0 
7fd994000000-7fd994035000 rw-p 00000000 00:00 0 
7fd994035000-7fd998000000 ---p 00000000 00:00 0 
7fd998000000-7fd998021000 rw-p 00000000 00:00 0 
7fd998021000-7fd99c000000 ---p 00000000 00:00 0 
7fd99c000000-7fd99c021000 rw-p 00000000 00:00 0 
7fd99c021000-7fd9a0000000 ---p 00000000 00:00 0 
7fd9a0000000-7fd9a0021000 rw-p 00000000 00:00 0 
7fd9a0021000-7fd9a4000000 ---p 00000000 00:00 0 
7fd9a4000000-7fd9a4594000 rw-p 00000000 00:00 0 
7fd9a4594000-7fd9a8000000 ---p 00000000 00:00 0 
7fd9a8000000-7fd9a85ce000 rw-p 00000000 00:00 0 
7fd9a85ce000-7fd9ac000000 ---p 00000000 00:00 0 
7fd9ac000000-7fd9ac021000 rw-p 00000000 00:00 0 
7fd9ac021000-7fd9b0000000 ---p 00000000 00:00 0 
7fd9b0000000-7fd9b0021000 rw-p 00000000 00:00 0 
7fd9b0021000-7fd9b4000000 ---p 00000000 00:00 0 
7fd9b4000000-7fd9b4021000 rw-p 00000000 00:00 0 
7fd9b4021000-7fd9b8000000 ---p 00000000 00:00 0 
7fd9bb0a6000-7fd9bb0a9000 ---p 00000000 00:00 0 
7fd9bb0a9000-7fd9bb1a7000 rw-p 00000000 00:00 0 
7fd9bb1a7000-7fd9bb1aa000 ---p 00000000 00:00 0 
7fd9bb1aa000-7fd9bb2a8000 rw-p 00000000 00:00 0 
7fd9bb2a8000-7fd9bb2ab000 ---p 00000000 00:00 0 
7fd9bb2ab000-7fd9bb3a9000 rw-p 00000000 00:00 0 
7fd9bb3a9000-7fd9bb3ac000 ---p 00000000 00:00 0 
7fd9bb3ac000-7fd9bb4aa000 rw-p 00000000 00:00 0 
7fd9bb4aa000-7fd9bb4ad000 ---p 00000000 00:00 0 
7fd9bb4ad000-7fd9bb5ab000 rw-p 00000000 00:00 0 
7fd9bb5ab000-7fd9bb5ac000 ---p 00000000 00:00 0 
7fd9bb5ac000-7fd9bb6ac000 rw-p 00000000 00:00 0 
7fd9bb6ac000-7fd9bb6af000 ---p 00000000 00:00 0 
7fd9bb6af000-7fd9bb7ad000 rw-p 00000000 00:00 0 
7fd9bb7ad000-7fd9bb7b0000 ---p 00000000 00:00 0 
7fd9bb7b0000-7fd9bb8ae000 rw-p 00000000 00:00 0 
7fd9bb8ae000-7fd9bb8b1000 ---p 00000000 00:00 0 
7fd9bb8b1000-7fd9bb9af000 rw-p 00000000 00:00 0 
7fd9bb9af000-7fd9bb9b2000 ---p 00000000 00:00 0 
7fd9bb9b2000-7fd9bbab0000 rw-p 00000000 00:00 0 
7fd9bbab0000-7fd9bbeff000 r--p 00000000 08:01 5905658                    /usr/lib/locale/locale-archive
7fd9bbeff000-7fd9bbf02000 ---p 00000000 00:00 0 
7fd9bbf02000-7fd9bc000000 rw-p 00000000 00:00 0 
7fd9bc000000-7fd9bc021000 rw-p 00000000 00:00 0 
7fd9bc021000-7fd9c0000000 ---p 00000000 00:00 0 
7fd9c0000000-7fd9c0291000 rw-p 00000000 00:00 0 
7fd9c0291000-7fd9c4000000 ---p 00000000 00:00 0 
7fd9c4000000-7fd9c4021000 rw-p 00000000 00:00 0 
7fd9c4021000-7fd9c8000000 ---p 00000000 00:00 0 
7fd9c809f000-7fd9c80a6000 r--s 00000000 08:01 6295117                    /usr/lib/x86_64-linux-gnu/gconv/gconv-modules.cache
7fd9c80a6000-7fd9c80d6000 r--p 00000000 08:01 6690192                    /usr/share/locale-langpack/uk/LC_MESSAGES/libc.mo
7fd9c80d6000-7fd9c80d9000 ---p 00000000 00:00 0 
7fd9c80d9000-7fd9c81d7000 rw-p 00000000 00:00 0 
7fd9c81d7000-7fd9c81d8000 ---p 00000000 00:00 0 
7fd9c81d8000-7fd9c8c02000 rw-p 00000000 00:00 0 
7fd9c8c02000-7fd9c8ddb000 r--s 03d29000 08:01 6820531                    /usr/lib/jvm/java-8-oracle/jre/lib/rt.jar
7fd9c8ddb000-7fd9c94d1000 rw-p 00000000 00:00 0 
7fd9c94d1000-7fd9c9651000 ---p 00000000 00:00 0 
7fd9c9651000-7fd9cb851000 rw-p 00000000 00:00 0 
7fd9cb851000-7fd9cb852000 ---p 00000000 00:00 0 
7fd9cb852000-7fd9cb952000 rw-p 00000000 00:00 0 
7fd9cb952000-7fd9cb953000 ---p 00000000 00:00 0 
7fd9cb953000-7fd9cba7d000 rw-p 00000000 00:00 0 
7fd9cba7d000-7fd9cbba9000 ---p 00000000 00:00 0 
7fd9cbba9000-7fd9cbbd3000 rw-p 00000000 00:00 0 
7fd9cbbd3000-7fd9cbcfe000 ---p 00000000 00:00 0 
7fd9cbcfe000-7fd9cbd42000 rw-p 00000000 00:00 0 
7fd9cbd42000-7fd9cbda9000 ---p 00000000 00:00 0 
7fd9cbda9000-7fd9cbdc4000 rw-p 00000000 00:00 0 
7fd9cbdc4000-7fd9cc16a000 ---p 00000000 00:00 0 
7fd9cc16a000-7fd9cc7ca000 rwxp 00000000 00:00 0 
7fd9cc7ca000-7fd9db16a000 ---p 00000000 00:00 0 
7fd9db16a000-7fd9db184000 r-xp 00000000 08:01 6952498                    /usr/lib/jvm/java-8-oracle/jre/lib/amd64/libzip.so
7fd9db184000-7fd9db384000 ---p 0001a000 08:01 6952498                    /usr/lib/jvm/java-8-oracle/jre/lib/amd64/libzip.so
7fd9db384000-7fd9db385000 rw-p 0001a000 08:01 6952498                    /usr/lib/jvm/java-8-oracle/jre/lib/amd64/libzip.so
7fd9db385000-7fd9db390000 r-xp 00000000 08:01 5510120                    /lib/x86_64-linux-gnu/libnss_files-2.23.so
7fd9db390000-7fd9db58f000 ---p 0000b000 08:01 5510120                    /lib/x86_64-linux-gnu/libnss_files-2.23.so
7fd9db58f000-7fd9db590000 r--p 0000a000 08:01 5510120                    /lib/x86_64-linux-gnu/libnss_files-2.23.so
7fd9db590000-7fd9db591000 rw-p 0000b000 08:01 5510120                    /lib/x86_64-linux-gnu/libnss_files-2.23.so
7fd9db591000-7fd9db597000 rw-p 00000000 00:00 0 
7fd9db597000-7fd9db5a2000 r-xp 00000000 08:01 5510130                    /lib/x86_64-linux-gnu/libnss_nis-2.23.so
7fd9db5a2000-7fd9db7a1000 ---p 0000b000 08:01 5510130                    /lib/x86_64-linux-gnu/libnss_nis-2.23.so
7fd9db7a1000-7fd9db7a2000 r--p 0000a000 08:01 5510130                    /lib/x86_64-linux-gnu/libnss_nis-2.23.so
7fd9db7a2000-7fd9db7a3000 rw-p 0000b000 08:01 5510130                    /lib/x86_64-linux-gnu/libnss_nis-2.23.so
7fd9db7a3000-7fd9db7b9000 r-xp 00000000 08:01 5510114                    /lib/x86_64-linux-gnu/libnsl-2.23.so
7fd9db7b9000-7fd9db9b8000 ---p 00016000 08:01 5510114                    /lib/x86_64-linux-gnu/libnsl-2.23.so
7fd9db9b8000-7fd9db9b9000 r--p 00015000 08:01 5510114                    /lib/x86_64-linux-gnu/libnsl-2.23.so
7fd9db9b9000-7fd9db9ba000 rw-p 00016000 08:01 5510114                    /lib/x86_64-linux-gnu/libnsl-2.23.so
7fd9db9ba000-7fd9db9bc000 rw-p 00000000 00:00 0 
7fd9db9bc000-7fd9db9c4000 r-xp 00000000 08:01 5510116                    /lib/x86_64-linux-gnu/libnss_compat-2.23.so
7fd9db9c4000-7fd9dbbc3000 ---p 00008000 08:01 5510116                    /lib/x86_64-linux-gnu/libnss_compat-2.23.so
7fd9dbbc3000-7fd9dbbc4000 r--p 00007000 08:01 5510116                    /lib/x86_64-linux-gnu/libnss_compat-2.23.so
7fd9dbbc4000-7fd9dbbc5000 rw-p 00008000 08:01 5510116                    /lib/x86_64-linux-gnu/libnss_compat-2.23.so
7fd9dbbc5000-7fd9dbbef000 r-xp 00000000 08:01 6952573                    /usr/lib/jvm/java-8-oracle/jre/lib/amd64/libjava.so
7fd9dbbef000-7fd9dbdef000 ---p 0002a000 08:01 6952573                    /usr/lib/jvm/java-8-oracle/jre/lib/amd64/libjava.so
7fd9dbdef000-7fd9dbdf1000 rw-p 0002a000 08:01 6952573                    /usr/lib/jvm/java-8-oracle/jre/lib/amd64/libjava.so
7fd9dbdf1000-7fd9dbdfe000 r-xp 00000000 08:01 6952467                    /usr/lib/jvm/java-8-oracle/jre/lib/amd64/libverify.so
7fd9dbdfe000-7fd9dbffe000 ---p 0000d000 08:01 6952467                    /usr/lib/jvm/java-8-oracle/jre/lib/amd64/libverify.so
7fd9dbffe000-7fd9dc000000 rw-p 0000d000 08:01 6952467                    /usr/lib/jvm/java-8-oracle/jre/lib/amd64/libverify.so
7fd9dc000000-7fd9dc38c000 rw-p 00000000 00:00 0 
7fd9dc38c000-7fd9e0000000 ---p 00000000 00:00 0 
7fd9e0000000-7fd9e000b000 r--s 00097000 08:01 2230065                    /home/nicolay/AndroidStudioProjects/BetOn/app/build/intermediates/exploded-aar/com.android.support/appcompat-v7/24.2.1/jars/classes.jar
7fd9e000b000-7fd9e0019000 r--s 000e0000 08:01 1972088                    /home/nicolay/Android/Sdk/build-tools/24.0.2/lib/dx.jar
7fd9e0019000-7fd9e005b000 rw-p 00000000 00:00 0 
7fd9e005b000-7fd9e0062000 r-xp 00000000 08:01 5510175                    /lib/x86_64-linux-gnu/librt-2.23.so
7fd9e0062000-7fd9e0261000 ---p 00007000 08:01 5510175                    /lib/x86_64-linux-gnu/librt-2.23.so
7fd9e0261000-7fd9e0262000 r--p 00006000 08:01 5510175                    /lib/x86_64-linux-gnu/librt-2.23.so
7fd9e0262000-7fd9e0263000 rw-p 00007000 08:01 5510175                    /lib/x86_64-linux-gnu/librt-2.23.so
7fd9e0263000-7fd9e036b000 r-xp 00000000 08:01 5510091                    /lib/x86_64-linux-gnu/libm-2.23.so
7fd9e036b000-7fd9e056a000 ---p 00108000 08:01 5510091                    /lib/x86_64-linux-gnu/libm-2.23.so
7fd9e056a000-7fd9e056b000 r--p 00107000 08:01 5510091                    /lib/x86_64-linux-gnu/libm-2.23.so
7fd9e056b000-7fd9e056c000 rw-p 00108000 08:01 5510091                    /lib/x86_64-linux-gnu/libm-2.23.so
7fd9e056c000-7fd9e1237000 r-xp 00000000 08:01 6952577                    /usr/lib/jvm/java-8-oracle/jre/lib/amd64/server/libjvm.so
7fd9e1237000-7fd9e1436000 ---p 00ccb000 08:01 6952577                    /usr/lib/jvm/java-8-oracle/jre/lib/amd64/server/libjvm.so
7fd9e1436000-7fd9e150f000 rw-p 00cca000 08:01 6952577                    /usr/lib/jvm/java-8-oracle/jre/lib/amd64/server/libjvm.so
7fd9e150f000-7fd9e155a000 rw-p 00000000 00:00 0 
7fd9e155a000-7fd9e171a000 r-xp 00000000 08:01 5510021                    /lib/x86_64-linux-gnu/libc-2.23.so
7fd9e171a000-7fd9e1919000 ---p 001c0000 08:01 5510021                    /lib/x86_64-linux-gnu/libc-2.23.so
7fd9e1919000-7fd9e191d000 r--p 001bf000 08:01 5510021                    /lib/x86_64-linux-gnu/libc-2.23.so
7fd9e191d000-7fd9e191f000 rw-p 001c3000 08:01 5510021                    /lib/x86_64-linux-gnu/libc-2.23.so
7fd9e191f000-7fd9e1923000 rw-p 00000000 00:00 0 
7fd9e1923000-7fd9e1926000 r-xp 00000000 08:01 5510045                    /lib/x86_64-linux-gnu/libdl-2.23.so
7fd9e1926000-7fd9e1b25000 ---p 00003000 08:01 5510045                    /lib/x86_64-linux-gnu/libdl-2.23.so
7fd9e1b25000-7fd9e1b26000 r--p 00002000 08:01 5510045                    /lib/x86_64-linux-gnu/libdl-2.23.so
7fd9e1b26000-7fd9e1b27000 rw-p 00003000 08:01 5510045                    /lib/x86_64-linux-gnu/libdl-2.23.so
7fd9e1b27000-7fd9e1b3c000 r-xp 00000000 08:01 6299453                    /usr/lib/jvm/java-8-oracle/lib/amd64/jli/libjli.so
7fd9e1b3c000-7fd9e1d3c000 ---p 00015000 08:01 6299453                    /usr/lib/jvm/java-8-oracle/lib/amd64/jli/libjli.so
7fd9e1d3c000-7fd9e1d3d000 rw-p 00015000 08:01 6299453                    /usr/lib/jvm/java-8-oracle/lib/amd64/jli/libjli.so
7fd9e1d3d000-7fd9e1d55000 r-xp 00000000 08:01 5510167                    /lib/x86_64-linux-gnu/libpthread-2.23.so
7fd9e1d55000-7fd9e1f54000 ---p 00018000 08:01 5510167                    /lib/x86_64-linux-gnu/libpthread-2.23.so
7fd9e1f54000-7fd9e1f55000 r--p 00017000 08:01 5510167                    /lib/x86_64-linux-gnu/libpthread-2.23.so
7fd9e1f55000-7fd9e1f56000 rw-p 00018000 08:01 5510167                    /lib/x86_64-linux-gnu/libpthread-2.23.so
7fd9e1f56000-7fd9e1f5a000 rw-p 00000000 00:00 0 
7fd9e1f5a000-7fd9e1f80000 r-xp 00000000 08:01 5509993                    /lib/x86_64-linux-gnu/ld-2.23.so
7fd9e1f82000-7fd9e2054000 rw-p 00000000 00:00 0 
7fd9e2054000-7fd9e2057000 ---p 00000000 00:00 0 
7fd9e2057000-7fd9e2159000 rw-p 00000000 00:00 0 
7fd9e215f000-7fd9e2173000 rw-p 00000000 00:00 0 
7fd9e2173000-7fd9e217b000 rw-s 00000000 08:01 2756739                    /tmp/hsperfdata_nicolay/14968
7fd9e217b000-7fd9e217c000 rw-p 00000000 00:00 0 
7fd9e217c000-7fd9e217d000 ---p 00000000 00:00 0 
7fd9e217d000-7fd9e217f000 rw-p 00000000 00:00 0 
7fd9e217f000-7fd9e2180000 r--p 00025000 08:01 5509993                    /lib/x86_64-linux-gnu/ld-2.23.so
7fd9e2180000-7fd9e2181000 rw-p 00026000 08:01 5509993                    /lib/x86_64-linux-gnu/ld-2.23.so
7fd9e2181000-7fd9e2182000 rw-p 00000000 00:00 0 
7fffba7d3000-7fffba7f4000 rw-p 00000000 00:00 0                          [stack]
7fffba7f6000-7fffba7f8000 r--p 00000000 00:00 0                          [vvar]
7fffba7f8000-7fffba7fa000 r-xp 00000000 00:00 0                          [vdso]
ffffffffff600000-ffffffffff601000 r-xp 00000000 00:00 0                  [vsyscall]

VM Arguments:
jvm_args: -Djava.awt.headless=true -Xmx1024M -Dfile.encoding=UTF-8 -Duser.country=UA -Duser.language=uk -Duser.variant 
java_command: com.android.dx.command.Main --dex --force-jumbo --num-threads=4 --multi-dex --output /home/nicolay/AndroidStudioProjects/BetOn/app/build/intermediates/transforms/dex/debug/folders/1000/10/com.android.support-appcompat-v7-24.2.1_c3179b9bf70886f7899627cad8501bd14a707d8c /home/nicolay/AndroidStudioProjects/BetOn/app/build/intermediates/exploded-aar/com.android.support/appcompat-v7/24.2.1/jars/classes.jar
java_class_path (initial): /home/nicolay/Android/Sdk/build-tools/24.0.2/lib/dx.jar
Launcher Type: SUN_STANDARD

Environment Variables:
PATH=/usr/local/sbin:/usr/local/bin:/usr/sbin:/usr/bin:/sbin:/bin:/usr/games:/usr/local/games
USERNAME=nicolay
LD_LIBRARY_PATH=/home/nicolay/android-studio/bin:
SHELL=/bin/bash
DISPLAY=:0

Signal Handlers:
SIGSEGV: [libjvm.so+0xac4790], sa_mask[0]=11111111011111111101111111111110, sa_flags=SA_RESTART|SA_SIGINFO
SIGBUS: [libjvm.so+0xac4790], sa_mask[0]=11111111011111111101111111111110, sa_flags=SA_RESTART|SA_SIGINFO
SIGFPE: [libjvm.so+0x91f140], sa_mask[0]=11111111011111111101111111111110, sa_flags=SA_RESTART|SA_SIGINFO
SIGPIPE: [libjvm.so+0x91f140], sa_mask[0]=11111111011111111101111111111110, sa_flags=SA_RESTART|SA_SIGINFO
SIGXFSZ: [libjvm.so+0x91f140], sa_mask[0]=11111111011111111101111111111110, sa_flags=SA_RESTART|SA_SIGINFO
SIGILL: [libjvm.so+0x91f140], sa_mask[0]=11111111011111111101111111111110, sa_flags=SA_RESTART|SA_SIGINFO
SIGUSR1: SIG_DFL, sa_mask[0]=00000000000000000000000000000000, sa_flags=none
SIGUSR2: [libjvm.so+0x920770], sa_mask[0]=00100000000000000000000000000000, sa_flags=SA_RESTART|SA_SIGINFO
SIGHUP: [libjvm.so+0x921b70], sa_mask[0]=11111111011111111101111111111110, sa_flags=SA_RESTART|SA_SIGINFO
SIGINT: [libjvm.so+0x921b70], sa_mask[0]=11111111011111111101111111111110, sa_flags=SA_RESTART|SA_SIGINFO
SIGTERM: [libjvm.so+0x921b70], sa_mask[0]=11111111011111111101111111111110, sa_flags=SA_RESTART|SA_SIGINFO
SIGQUIT: [libjvm.so+0x921b70], sa_mask[0]=11111111011111111101111111111110, sa_flags=SA_RESTART|SA_SIGINFO


---------------  S Y S T E M  ---------------

OS:DISTRIB_ID=LinuxMint
DISTRIB_RELEASE=18
DISTRIB_CODENAME=sarah
DISTRIB_DESCRIPTION="Linux Mint 18 Sarah"

uname:Linux 4.4.0-36-generic #55-Ubuntu SMP Thu Aug 11 18:01:55 UTC 2016 x86_64
libc:glibc 2.23 NPTL 2.23 
rlimit: STACK 8192k, CORE 0k, NPROC 31248, NOFILE 65536, AS infinity
load average:6,12 4,94 2,87

/proc/meminfo:
MemTotal:        8040772 kB
MemFree:          155792 kB
MemAvailable:      88920 kB
Buffers:            3028 kB
Cached:          1567624 kB
SwapCached:            0 kB
Active:          6286028 kB
Inactive:        1398916 kB
Active(anon):    6236296 kB
Inactive(anon):  1350912 kB
Active(file):      49732 kB
Inactive(file):    48004 kB
Unevictable:          32 kB
Mlocked:              32 kB
SwapTotal:             0 kB
SwapFree:              0 kB
Dirty:               512 kB
Writeback:             0 kB
AnonPages:       6114352 kB
Mapped:           591780 kB
Shmem:           1472924 kB
Slab:              78076 kB
SReclaimable:      42492 kB
SUnreclaim:        35584 kB
KernelStack:       10256 kB
PageTables:        40396 kB
NFS_Unstable:          0 kB
Bounce:                0 kB
WritebackTmp:          0 kB
CommitLimit:     4020384 kB
Committed_AS:   10744432 kB
VmallocTotal:   34359738367 kB
VmallocUsed:           0 kB
VmallocChunk:          0 kB
HardwareCorrupted:     0 kB
AnonHugePages:   4665344 kB
CmaTotal:              0 kB
CmaFree:               0 kB
HugePages_Total:       0
HugePages_Free:        0
HugePages_Rsvd:        0
HugePages_Surp:        0
Hugepagesize:       2048 kB
DirectMap4k:      138488 kB
DirectMap2M:     8116224 kB


CPU:total 2 (2 cores per cpu, 1 threads per core) family 6 model 58 stepping 9, cmov, cx8, fxsr, mmx, sse, sse2, sse3, ssse3, sse4.1, sse4.2, popcnt, clmul, erms, tsc, tscinvbit, tscinv

/proc/cpuinfo:
processor	: 0
vendor_id	: GenuineIntel
cpu family	: 6
model		: 58
model name	: Intel(R) Pentium(R) CPU 2020M @ 2.40GHz
stepping	: 9
microcode	: 0x15
cpu MHz		: 2399.906
cache size	: 2048 KB
physical id	: 0
siblings	: 2
core id		: 0
cpu cores	: 2
apicid		: 0
initial apicid	: 0
fpu		: yes
fpu_exception	: yes
cpuid level	: 13
wp		: yes
flags		: fpu vme de pse tsc msr pae mce cx8 apic sep mtrr pge mca cmov pat pse36 clflush dts acpi mmx fxsr sse sse2 ss ht tm pbe syscall nx rdtscp lm constant_tsc arch_perfmon pebs bts rep_good nopl xtopology nonstop_tsc aperfmperf eagerfpu pni pclmulqdq dtes64 monitor ds_cpl vmx est tm2 ssse3 cx16 xtpr pdcm pcid sse4_1 sse4_2 x2apic popcnt tsc_deadline_timer xsave lahf_lm epb tpr_shadow vnmi flexpriority ept vpid fsgsbase smep erms xsaveopt dtherm arat pln pts
bugs		:
bogomips	: 4789.15
clflush size	: 64
cache_alignment	: 64
address sizes	: 36 bits physical, 48 bits virtual
power management:

processor	: 1
vendor_id	: GenuineIntel
cpu family	: 6
model		: 58
model name	: Intel(R) Pentium(R) CPU 2020M @ 2.40GHz
stepping	: 9
microcode	: 0x15
cpu MHz		: 2399.906
cache size	: 2048 KB
physical id	: 0
siblings	: 2
core id		: 1
cpu cores	: 2
apicid		: 2
initial apicid	: 2
fpu		: yes
fpu_exception	: yes
cpuid level	: 13
wp		: yes
flags		: fpu vme de pse tsc msr pae mce cx8 apic sep mtrr pge mca cmov pat pse36 clflush dts acpi mmx fxsr sse sse2 ss ht tm pbe syscall nx rdtscp lm constant_tsc arch_perfmon pebs bts rep_good nopl xtopology nonstop_tsc aperfmperf eagerfpu pni pclmulqdq dtes64 monitor ds_cpl vmx est tm2 ssse3 cx16 xtpr pdcm pcid sse4_1 sse4_2 x2apic popcnt tsc_deadline_timer xsave lahf_lm epb tpr_shadow vnmi flexpriority ept vpid fsgsbase smep erms xsaveopt dtherm arat pln pts
bugs		:
bogomips	: 4789.15
clflush size	: 64
cache_alignment	: 64
address sizes	: 36 bits physical, 48 bits virtual
power management:



Memory: 4k page, physical 8040772k(155792k free), swap 0k(0k free)

vm_info: Java HotSpot(TM) 64-Bit Server VM (25.101-b13) for linux-amd64 JRE (1.8.0_101-b13), built on Jun 22 2016 02:59:44 by "java_re" with gcc 4.3.0 20080428 (Red Hat 4.3.0-8)

time: Thu Sep 22 22:04:03 2016
elapsed time: 6 seconds (0d 0h 0m 6s)

